------------------------------------------------------------------------------------------------------------------------

[2022-09-21 21:43:11 #1 store] 
Database 'C:\Users\Iosu\git\BetCompleted22\src\main\resources\bets.temp' is opened by 11204@DESKTOP-KGVNL32

[2022-09-21 21:43:11 #2 type.registry] 
New type domain.Team

[2022-09-21 21:43:11 #3 type] 
Type domain.Team is not enhanced.

[2022-09-21 21:43:11 #4 type.registry] 
New type domain.Event

[2022-09-21 21:43:11 #5 type.registry] 
New type java.util.Vector<domain.Event>

[2022-09-21 21:43:11 #6 type.registry] 
New type domain.User

[2022-09-21 21:43:11 #7 type.registry] 
New type domain.Registered

[2022-09-21 21:43:11 #8 type.registry] 
New type java.util.Vector<domain.Registered>

[2022-09-21 21:43:11 #9 type] 
Type domain.Event is not enhanced.

[2022-09-21 21:43:11 #10 type.registry] 
New type domain.Sport

[2022-09-21 21:43:11 #11 type.registry] 
New type domain.Question

[2022-09-21 21:43:11 #12 type.registry] 
New type java.util.Vector<domain.Question>

[2022-09-21 21:43:11 #13 type] 
Type domain.User is not enhanced.

[2022-09-21 21:43:11 #14 type.registry] 
New type domain.Elkarrizketa

[2022-09-21 21:43:11 #15 type.registry] 
New type java.util.Vector<domain.Elkarrizketa>

[2022-09-21 21:43:11 #16 type.registry] 
New type domain.Message

[2022-09-21 21:43:11 #17 type.registry] 
New type java.util.Vector<domain.Message>

[2022-09-21 21:43:11 #18 type] 
Type domain.Registered is not enhanced.

[2022-09-21 21:43:11 #19 type.registry] 
New type domain.KirolEstatistikak

[2022-09-21 21:43:11 #20 type.registry] 
New type java.util.Vector<domain.KirolEstatistikak>

[2022-09-21 21:43:11 #21 type.registry] 
New type domain.Jarraitzailea

[2022-09-21 21:43:11 #22 type.registry] 
New type java.util.Vector<domain.Jarraitzailea>

[2022-09-21 21:43:11 #23 type.registry] 
New type domain.ApustuAnitza

[2022-09-21 21:43:11 #24 type.registry] 
New type java.util.Vector<domain.ApustuAnitza>

[2022-09-21 21:43:11 #25 type.registry] 
New type domain.Transaction

[2022-09-21 21:43:11 #26 type.registry] 
New type java.util.Vector<domain.Transaction>

[2022-09-21 21:43:11 #27 type] 
Type domain.Sport is not enhanced.

[2022-09-21 21:43:11 #28 type] 
Type domain.Question is not enhanced.

[2022-09-21 21:43:11 #29 type.registry] 
New type domain.Quote

[2022-09-21 21:43:11 #30 type.registry] 
New type java.util.Vector<domain.Quote>

[2022-09-21 21:43:11 #31 type] 
Type domain.Elkarrizketa is not enhanced.

[2022-09-21 21:43:11 #32 type] 
Type domain.Message is not enhanced.

[2022-09-21 21:43:11 #33 type] 
Type domain.KirolEstatistikak is not enhanced.

[2022-09-21 21:43:11 #34 type] 
Type domain.Jarraitzailea is not enhanced.

[2022-09-21 21:43:11 #35 type] 
Type domain.ApustuAnitza is not enhanced.

[2022-09-21 21:43:11 #36 type.registry] 
New type domain.Apustua

[2022-09-21 21:43:11 #37 type.registry] 
New type java.util.Vector<domain.Apustua>

[2022-09-21 21:43:11 #38 type] 
Type domain.Transaction is not enhanced.

[2022-09-21 21:43:11 #39 type] 
Type domain.Quote is not enhanced.

[2022-09-21 21:43:11 #40 type] 
Type domain.Apustua is not enhanced.

------------------------------------------------------------------------------------------------------------------------

[2022-09-21 23:05:07 #1 store] 
Database 'C:\Users\Iosu\git\BetCompleted22\src\main\resources\bets.temp' is opened by 9360@DESKTOP-KGVNL32

[2022-09-21 23:05:08 #2 type.registry] 
New type domain.Team

[2022-09-21 23:05:08 #3 type] 
Type domain.Team is not enhanced.

[2022-09-21 23:05:08 #4 type.registry] 
New type domain.Event

[2022-09-21 23:05:08 #5 type.registry] 
New type java.util.Vector<domain.Event>

[2022-09-21 23:05:08 #6 type.registry] 
New type domain.User

[2022-09-21 23:05:08 #7 type.registry] 
New type domain.Registered

[2022-09-21 23:05:08 #8 type.registry] 
New type java.util.Vector<domain.Registered>

[2022-09-21 23:05:08 #9 type] 
Type domain.Event is not enhanced.

[2022-09-21 23:05:08 #10 type.registry] 
New type domain.Sport

[2022-09-21 23:05:08 #11 type.registry] 
New type domain.Question

[2022-09-21 23:05:08 #12 type.registry] 
New type java.util.Vector<domain.Question>

[2022-09-21 23:05:08 #13 type] 
Type domain.User is not enhanced.

[2022-09-21 23:05:08 #14 type.registry] 
New type domain.Elkarrizketa

[2022-09-21 23:05:08 #15 type.registry] 
New type java.util.Vector<domain.Elkarrizketa>

[2022-09-21 23:05:08 #16 type.registry] 
New type domain.Message

[2022-09-21 23:05:08 #17 type.registry] 
New type java.util.Vector<domain.Message>

[2022-09-21 23:05:08 #18 type] 
Type domain.Registered is not enhanced.

[2022-09-21 23:05:08 #19 type.registry] 
New type domain.KirolEstatistikak

[2022-09-21 23:05:08 #20 type.registry] 
New type java.util.Vector<domain.KirolEstatistikak>

[2022-09-21 23:05:08 #21 type.registry] 
New type domain.Jarraitzailea

[2022-09-21 23:05:08 #22 type.registry] 
New type java.util.Vector<domain.Jarraitzailea>

[2022-09-21 23:05:08 #23 type.registry] 
New type domain.ApustuAnitza

[2022-09-21 23:05:08 #24 type.registry] 
New type java.util.Vector<domain.ApustuAnitza>

[2022-09-21 23:05:08 #25 type.registry] 
New type domain.Transaction

[2022-09-21 23:05:08 #26 type.registry] 
New type java.util.Vector<domain.Transaction>

[2022-09-21 23:05:08 #27 type] 
Type domain.Sport is not enhanced.

[2022-09-21 23:05:08 #28 type] 
Type domain.Question is not enhanced.

[2022-09-21 23:05:08 #29 type.registry] 
New type domain.Quote

[2022-09-21 23:05:08 #30 type.registry] 
New type java.util.Vector<domain.Quote>

[2022-09-21 23:05:08 #31 type] 
Type domain.Elkarrizketa is not enhanced.

[2022-09-21 23:05:08 #32 type] 
Type domain.Message is not enhanced.

[2022-09-21 23:05:08 #33 type] 
Type domain.KirolEstatistikak is not enhanced.

[2022-09-21 23:05:08 #34 type] 
Type domain.Jarraitzailea is not enhanced.

[2022-09-21 23:05:08 #35 type] 
Type domain.ApustuAnitza is not enhanced.

[2022-09-21 23:05:08 #36 type.registry] 
New type domain.Apustua

[2022-09-21 23:05:08 #37 type.registry] 
New type java.util.Vector<domain.Apustua>

[2022-09-21 23:05:08 #38 type] 
Type domain.Transaction is not enhanced.

[2022-09-21 23:05:08 #39 type] 
Type domain.Quote is not enhanced.

[2022-09-21 23:05:08 #40 type.registry] 
New type java.util.LinkedList<domain.Apustua>

[2022-09-21 23:05:08 #41 type] 
Type domain.Apustua is not enhanced.

[2022-09-21 23:05:08 #42 type.registry] 
New type domain.Admin

[2022-09-21 23:05:08 #43 type] 
Type domain.Admin is not enhanced.

[2022-09-21 23:05:08 #44 type.registry] 
New type java.util.Vector<java.lang.Object>

[2022-09-21 23:05:08 #45 type.registry] 
New type java.util.LinkedList<java.lang.Object>

