------------------------------------------------------------------------------------------------------------------------

[2022-10-06 16:34:56 #1 store] 
Database 'C:\Users\Alex\git\BetCompleted22\src\main\resources\bets.temp' has been recovered (tr. 753-808)

[2022-10-06 16:34:56 #2 store] 
Database 'C:\Users\Alex\git\BetCompleted22\src\main\resources\bets.temp' is opened by 12080@DESKTOP-V42EGP8

[2022-10-06 16:34:56 #3 type] 
Type domain.Team is not enhanced.

[2022-10-06 16:34:56 #4 type] 
Type domain.Event is not enhanced.

[2022-10-06 16:34:56 #5 type] 
Type domain.User is not enhanced.

[2022-10-06 16:34:56 #6 type] 
Type domain.Registered is not enhanced.

[2022-10-06 16:34:56 #7 type] 
Type domain.Sport is not enhanced.

[2022-10-06 16:34:56 #8 type] 
Type domain.Question is not enhanced.

[2022-10-06 16:34:56 #9 type] 
Type domain.Elkarrizketa is not enhanced.

[2022-10-06 16:34:56 #10 type] 
Type domain.Message is not enhanced.

[2022-10-06 16:34:56 #11 type] 
Type domain.KirolEstatistikak is not enhanced.

[2022-10-06 16:34:56 #12 type] 
Type domain.Jarraitzailea is not enhanced.

[2022-10-06 16:34:56 #13 type] 
Type domain.ApustuAnitza is not enhanced.

[2022-10-06 16:34:56 #14 type] 
Type domain.Transaction is not enhanced.

[2022-10-06 16:34:56 #15 type] 
Type domain.Quote is not enhanced.

[2022-10-06 16:34:56 #16 type] 
Type domain.Apustua is not enhanced.

[2022-10-06 16:34:56 #17 type] 
Type domain.Admin is not enhanced.

------------------------------------------------------------------------------------------------------------------------

[2022-10-06 16:48:27 #1 store] 
Database 'C:\Users\Alex\git\BetCompleted22\src\main\resources\bets.temp' has been recovered (tr. 809-864)

[2022-10-06 16:48:27 #2 store] 
Database 'C:\Users\Alex\git\BetCompleted22\src\main\resources\bets.temp' is opened by 18000@DESKTOP-V42EGP8

[2022-10-06 16:48:27 #3 type] 
Type domain.Team is not enhanced.

[2022-10-06 16:48:27 #4 type] 
Type domain.Event is not enhanced.

[2022-10-06 16:48:27 #5 type] 
Type domain.User is not enhanced.

[2022-10-06 16:48:27 #6 type] 
Type domain.Registered is not enhanced.

[2022-10-06 16:48:27 #7 type] 
Type domain.Sport is not enhanced.

[2022-10-06 16:48:27 #8 type] 
Type domain.Question is not enhanced.

[2022-10-06 16:48:27 #9 type] 
Type domain.Elkarrizketa is not enhanced.

[2022-10-06 16:48:27 #10 type] 
Type domain.Message is not enhanced.

[2022-10-06 16:48:27 #11 type] 
Type domain.KirolEstatistikak is not enhanced.

[2022-10-06 16:48:27 #12 type] 
Type domain.Jarraitzailea is not enhanced.

[2022-10-06 16:48:27 #13 type] 
Type domain.ApustuAnitza is not enhanced.

[2022-10-06 16:48:27 #14 type] 
Type domain.Transaction is not enhanced.

[2022-10-06 16:48:27 #15 type] 
Type domain.Quote is not enhanced.

[2022-10-06 16:48:27 #16 type] 
Type domain.Apustua is not enhanced.

[2022-10-06 16:48:27 #17 type] 
Type domain.Admin is not enhanced.

------------------------------------------------------------------------------------------------------------------------

[2022-10-06 17:59:22 #1 store] 
Database 'C:\Users\Alex\git\BetCompleted22\src\main\resources\bets.temp' has been recovered (tr. 865-920)

[2022-10-06 17:59:22 #2 store] 
Database 'C:\Users\Alex\git\BetCompleted22\src\main\resources\bets.temp' is opened by 8216@DESKTOP-V42EGP8

[2022-10-06 17:59:22 #3 type] 
Type domain.Team is not enhanced.

[2022-10-06 17:59:23 #4 type] 
Type domain.Event is not enhanced.

[2022-10-06 17:59:23 #5 type] 
Type domain.User is not enhanced.

[2022-10-06 17:59:23 #6 type] 
Type domain.Registered is not enhanced.

[2022-10-06 17:59:23 #7 type] 
Type domain.Sport is not enhanced.

[2022-10-06 17:59:23 #8 type] 
Type domain.Question is not enhanced.

[2022-10-06 17:59:23 #9 type] 
Type domain.Elkarrizketa is not enhanced.

[2022-10-06 17:59:23 #10 type] 
Type domain.Message is not enhanced.

[2022-10-06 17:59:23 #11 type] 
Type domain.KirolEstatistikak is not enhanced.

[2022-10-06 17:59:23 #12 type] 
Type domain.Jarraitzailea is not enhanced.

[2022-10-06 17:59:23 #13 type] 
Type domain.ApustuAnitza is not enhanced.

[2022-10-06 17:59:23 #14 type] 
Type domain.Transaction is not enhanced.

[2022-10-06 17:59:23 #15 type] 
Type domain.Quote is not enhanced.

[2022-10-06 17:59:23 #16 type] 
Type domain.Apustua is not enhanced.

[2022-10-06 17:59:23 #17 type] 
Type domain.Admin is not enhanced.

------------------------------------------------------------------------------------------------------------------------

[2022-10-06 17:59:52 #1 store] 
Database 'C:\Users\Alex\git\BetCompleted22\src\main\resources\bets.temp' has been recovered (tr. 921-972)

[2022-10-06 17:59:52 #2 store] 
Database 'C:\Users\Alex\git\BetCompleted22\src\main\resources\bets.temp' is opened by 11252@DESKTOP-V42EGP8

[2022-10-06 17:59:52 #3 type] 
Type domain.Team is not enhanced.

[2022-10-06 17:59:52 #4 type] 
Type domain.Event is not enhanced.

[2022-10-06 17:59:52 #5 type] 
Type domain.User is not enhanced.

[2022-10-06 17:59:52 #6 type] 
Type domain.Registered is not enhanced.

[2022-10-06 17:59:52 #7 type] 
Type domain.Sport is not enhanced.

[2022-10-06 17:59:52 #8 type] 
Type domain.Question is not enhanced.

[2022-10-06 17:59:52 #9 type] 
Type domain.Elkarrizketa is not enhanced.

[2022-10-06 17:59:52 #10 type] 
Type domain.Message is not enhanced.

[2022-10-06 17:59:52 #11 type] 
Type domain.KirolEstatistikak is not enhanced.

[2022-10-06 17:59:52 #12 type] 
Type domain.Jarraitzailea is not enhanced.

[2022-10-06 17:59:52 #13 type] 
Type domain.ApustuAnitza is not enhanced.

[2022-10-06 17:59:52 #14 type] 
Type domain.Transaction is not enhanced.

[2022-10-06 17:59:52 #15 type] 
Type domain.Quote is not enhanced.

[2022-10-06 17:59:52 #16 type] 
Type domain.Apustua is not enhanced.

[2022-10-06 17:59:52 #17 type] 
Type domain.Admin is not enhanced.

------------------------------------------------------------------------------------------------------------------------

[2022-10-06 18:00:18 #1 store] 
Database 'C:\Users\Alex\git\BetCompleted22\src\main\resources\bets.temp' has been recovered (tr. 973-1024)

[2022-10-06 18:00:18 #2 store] 
Database 'C:\Users\Alex\git\BetCompleted22\src\main\resources\bets.temp' is opened by 8520@DESKTOP-V42EGP8

[2022-10-06 18:00:19 #3 type] 
Type domain.Team is not enhanced.

[2022-10-06 18:00:19 #4 type] 
Type domain.Event is not enhanced.

[2022-10-06 18:00:19 #5 type] 
Type domain.User is not enhanced.

[2022-10-06 18:00:19 #6 type] 
Type domain.Registered is not enhanced.

[2022-10-06 18:00:19 #7 type] 
Type domain.Sport is not enhanced.

[2022-10-06 18:00:19 #8 type] 
Type domain.Question is not enhanced.

[2022-10-06 18:00:19 #9 type] 
Type domain.Elkarrizketa is not enhanced.

[2022-10-06 18:00:19 #10 type] 
Type domain.Message is not enhanced.

[2022-10-06 18:00:19 #11 type] 
Type domain.KirolEstatistikak is not enhanced.

[2022-10-06 18:00:19 #12 type] 
Type domain.Jarraitzailea is not enhanced.

[2022-10-06 18:00:19 #13 type] 
Type domain.ApustuAnitza is not enhanced.

[2022-10-06 18:00:19 #14 type] 
Type domain.Transaction is not enhanced.

[2022-10-06 18:00:19 #15 type] 
Type domain.Quote is not enhanced.

[2022-10-06 18:00:19 #16 type] 
Type domain.Apustua is not enhanced.

[2022-10-06 18:00:19 #17 type] 
Type domain.Admin is not enhanced.

------------------------------------------------------------------------------------------------------------------------

[2022-10-06 18:00:56 #1 store] 
Database 'C:\Users\Alex\git\BetCompleted22\src\main\resources\bets.temp' has been recovered (tr. 1025-1076)

[2022-10-06 18:00:56 #2 store] 
Database 'C:\Users\Alex\git\BetCompleted22\src\main\resources\bets.temp' is opened by 5376@DESKTOP-V42EGP8

[2022-10-06 18:00:56 #3 type] 
Type domain.Team is not enhanced.

[2022-10-06 18:00:56 #4 type] 
Type domain.Event is not enhanced.

[2022-10-06 18:00:56 #5 type] 
Type domain.User is not enhanced.

[2022-10-06 18:00:56 #6 type] 
Type domain.Registered is not enhanced.

[2022-10-06 18:00:56 #7 type] 
Type domain.Sport is not enhanced.

[2022-10-06 18:00:56 #8 type] 
Type domain.Question is not enhanced.

[2022-10-06 18:00:56 #9 type] 
Type domain.Elkarrizketa is not enhanced.

[2022-10-06 18:00:56 #10 type] 
Type domain.Message is not enhanced.

[2022-10-06 18:00:56 #11 type] 
Type domain.KirolEstatistikak is not enhanced.

[2022-10-06 18:00:56 #12 type] 
Type domain.Jarraitzailea is not enhanced.

[2022-10-06 18:00:56 #13 type] 
Type domain.ApustuAnitza is not enhanced.

[2022-10-06 18:00:56 #14 type] 
Type domain.Transaction is not enhanced.

[2022-10-06 18:00:56 #15 type] 
Type domain.Quote is not enhanced.

[2022-10-06 18:00:56 #16 type] 
Type domain.Apustua is not enhanced.

[2022-10-06 18:00:56 #17 type] 
Type domain.Admin is not enhanced.

------------------------------------------------------------------------------------------------------------------------

[2022-10-06 18:03:06 #1 store] 
Database 'C:\Users\Alex\git\BetCompleted22\src\main\resources\bets.temp' has been recovered (tr. 1077-1128)

[2022-10-06 18:03:06 #2 store] 
Database 'C:\Users\Alex\git\BetCompleted22\src\main\resources\bets.temp' is opened by 10272@DESKTOP-V42EGP8

[2022-10-06 18:03:06 #3 type] 
Type domain.Team is not enhanced.

[2022-10-06 18:03:06 #4 type] 
Type domain.Event is not enhanced.

[2022-10-06 18:03:06 #5 type] 
Type domain.User is not enhanced.

[2022-10-06 18:03:06 #6 type] 
Type domain.Registered is not enhanced.

[2022-10-06 18:03:06 #7 type] 
Type domain.Sport is not enhanced.

[2022-10-06 18:03:06 #8 type] 
Type domain.Question is not enhanced.

[2022-10-06 18:03:06 #9 type] 
Type domain.Elkarrizketa is not enhanced.

[2022-10-06 18:03:06 #10 type] 
Type domain.Message is not enhanced.

[2022-10-06 18:03:06 #11 type] 
Type domain.KirolEstatistikak is not enhanced.

[2022-10-06 18:03:06 #12 type] 
Type domain.Jarraitzailea is not enhanced.

[2022-10-06 18:03:06 #13 type] 
Type domain.ApustuAnitza is not enhanced.

[2022-10-06 18:03:06 #14 type] 
Type domain.Transaction is not enhanced.

[2022-10-06 18:03:06 #15 type] 
Type domain.Quote is not enhanced.

[2022-10-06 18:03:06 #16 type] 
Type domain.Apustua is not enhanced.

[2022-10-06 18:03:06 #17 type] 
Type domain.Admin is not enhanced.

------------------------------------------------------------------------------------------------------------------------

[2022-10-06 18:04:59 #1 store] 
Database 'C:\Users\Alex\git\BetCompleted22\src\main\resources\bets.temp' has been recovered (tr. 1129-1180)

[2022-10-06 18:04:59 #2 store] 
Database 'C:\Users\Alex\git\BetCompleted22\src\main\resources\bets.temp' is opened by 14716@DESKTOP-V42EGP8

[2022-10-06 18:04:59 #3 type] 
Type domain.Team is not enhanced.

[2022-10-06 18:04:59 #4 type] 
Type domain.Event is not enhanced.

[2022-10-06 18:04:59 #5 type] 
Type domain.User is not enhanced.

[2022-10-06 18:04:59 #6 type] 
Type domain.Registered is not enhanced.

[2022-10-06 18:04:59 #7 type] 
Type domain.Sport is not enhanced.

[2022-10-06 18:04:59 #8 type] 
Type domain.Question is not enhanced.

[2022-10-06 18:04:59 #9 type] 
Type domain.Elkarrizketa is not enhanced.

[2022-10-06 18:04:59 #10 type] 
Type domain.Message is not enhanced.

[2022-10-06 18:04:59 #11 type] 
Type domain.KirolEstatistikak is not enhanced.

[2022-10-06 18:04:59 #12 type] 
Type domain.Jarraitzailea is not enhanced.

[2022-10-06 18:04:59 #13 type] 
Type domain.ApustuAnitza is not enhanced.

[2022-10-06 18:04:59 #14 type] 
Type domain.Transaction is not enhanced.

[2022-10-06 18:04:59 #15 type] 
Type domain.Quote is not enhanced.

[2022-10-06 18:04:59 #16 type] 
Type domain.Apustua is not enhanced.

[2022-10-06 18:04:59 #17 type] 
Type domain.Admin is not enhanced.

------------------------------------------------------------------------------------------------------------------------

[2022-10-06 18:13:25 #1 store] 
Database 'C:\Users\Alex\git\BetCompleted22\src\main\resources\bets.temp' has been recovered (tr. 1181-1232)

[2022-10-06 18:13:25 #2 store] 
Database 'C:\Users\Alex\git\BetCompleted22\src\main\resources\bets.temp' is opened by 15896@DESKTOP-V42EGP8

[2022-10-06 18:13:25 #3 type] 
Type domain.Team is not enhanced.

[2022-10-06 18:13:25 #4 type] 
Type domain.Event is not enhanced.

[2022-10-06 18:13:25 #5 type] 
Type domain.User is not enhanced.

[2022-10-06 18:13:25 #6 type] 
Type domain.Registered is not enhanced.

[2022-10-06 18:13:25 #7 type] 
Type domain.Sport is not enhanced.

[2022-10-06 18:13:25 #8 type] 
Type domain.Question is not enhanced.

[2022-10-06 18:13:25 #9 type] 
Type domain.Elkarrizketa is not enhanced.

[2022-10-06 18:13:25 #10 type] 
Type domain.Message is not enhanced.

[2022-10-06 18:13:25 #11 type] 
Type domain.KirolEstatistikak is not enhanced.

[2022-10-06 18:13:25 #12 type] 
Type domain.Jarraitzailea is not enhanced.

[2022-10-06 18:13:26 #13 type] 
Type domain.ApustuAnitza is not enhanced.

[2022-10-06 18:13:26 #14 type] 
Type domain.Transaction is not enhanced.

[2022-10-06 18:13:26 #15 type] 
Type domain.Quote is not enhanced.

[2022-10-06 18:13:26 #16 type] 
Type domain.Apustua is not enhanced.

[2022-10-06 18:13:26 #17 type] 
Type domain.Admin is not enhanced.

