------------------------------------------------------------------------------------------------------------------------

[2022-10-08 00:02:44 #1 store] 
Database 'C:\Users\Iosu\git\BetCompleted22\src\main\resources\bets.temp' has been recovered (tr. 164-239)

[2022-10-08 00:02:44 #2 store] 
Database 'C:\Users\Iosu\git\BetCompleted22\src\main\resources\bets.temp' is opened by 6892@DESKTOP-KGVNL32

[2022-10-08 00:02:44 #3 type] 
Type domain.Team is not enhanced.

[2022-10-08 00:02:44 #4 type] 
Type domain.Event is not enhanced.

[2022-10-08 00:02:44 #5 type] 
Type domain.User is not enhanced.

[2022-10-08 00:02:44 #6 type] 
Type domain.Registered is not enhanced.

[2022-10-08 00:02:44 #7 type] 
Type domain.Sport is not enhanced.

[2022-10-08 00:02:44 #8 type] 
Type domain.Question is not enhanced.

[2022-10-08 00:02:44 #9 type] 
Type domain.Elkarrizketa is not enhanced.

[2022-10-08 00:02:44 #10 type] 
Type domain.Message is not enhanced.

[2022-10-08 00:02:44 #11 type] 
Type domain.KirolEstatistikak is not enhanced.

[2022-10-08 00:02:44 #12 type] 
Type domain.Jarraitzailea is not enhanced.

[2022-10-08 00:02:44 #13 type] 
Type domain.ApustuAnitza is not enhanced.

[2022-10-08 00:02:44 #14 type] 
Type domain.Transaction is not enhanced.

[2022-10-08 00:02:44 #15 type] 
Type domain.Quote is not enhanced.

[2022-10-08 00:02:44 #16 type] 
Type domain.Apustua is not enhanced.

[2022-10-08 00:02:44 #17 type] 
Type domain.Admin is not enhanced.

------------------------------------------------------------------------------------------------------------------------

[2022-10-08 00:03:02 #1 store] 
Database 'C:\Users\Iosu\git\BetCompleted22\src\main\resources\bets.temp' has been recovered (tr. 240-315)

[2022-10-08 00:03:02 #2 store] 
Database 'C:\Users\Iosu\git\BetCompleted22\src\main\resources\bets.temp' is opened by 12056@DESKTOP-KGVNL32

[2022-10-08 00:03:02 #3 type] 
Type domain.Team is not enhanced.

[2022-10-08 00:03:02 #4 type] 
Type domain.Event is not enhanced.

[2022-10-08 00:03:02 #5 type] 
Type domain.User is not enhanced.

[2022-10-08 00:03:02 #6 type] 
Type domain.Registered is not enhanced.

[2022-10-08 00:03:02 #7 type] 
Type domain.Sport is not enhanced.

[2022-10-08 00:03:02 #8 type] 
Type domain.Question is not enhanced.

[2022-10-08 00:03:02 #9 type] 
Type domain.Elkarrizketa is not enhanced.

[2022-10-08 00:03:02 #10 type] 
Type domain.Message is not enhanced.

[2022-10-08 00:03:02 #11 type] 
Type domain.KirolEstatistikak is not enhanced.

[2022-10-08 00:03:02 #12 type] 
Type domain.Jarraitzailea is not enhanced.

[2022-10-08 00:03:02 #13 type] 
Type domain.ApustuAnitza is not enhanced.

[2022-10-08 00:03:02 #14 type] 
Type domain.Transaction is not enhanced.

[2022-10-08 00:03:02 #15 type] 
Type domain.Quote is not enhanced.

[2022-10-08 00:03:02 #16 type] 
Type domain.Apustua is not enhanced.

[2022-10-08 00:03:02 #17 type] 
Type domain.Admin is not enhanced.

------------------------------------------------------------------------------------------------------------------------

[2022-10-08 00:05:28 #1 store] 
Database 'C:\Users\Iosu\git\BetCompleted22\src\main\resources\bets.temp' has been recovered (tr. 316-391)

[2022-10-08 00:05:28 #2 store] 
Database 'C:\Users\Iosu\git\BetCompleted22\src\main\resources\bets.temp' is opened by 15288@DESKTOP-KGVNL32

[2022-10-08 00:05:28 #3 type] 
Type domain.Team is not enhanced.

[2022-10-08 00:05:28 #4 type] 
Type domain.Event is not enhanced.

[2022-10-08 00:05:28 #5 type] 
Type domain.User is not enhanced.

[2022-10-08 00:05:28 #6 type] 
Type domain.Registered is not enhanced.

[2022-10-08 00:05:28 #7 type] 
Type domain.Sport is not enhanced.

[2022-10-08 00:05:28 #8 type] 
Type domain.Question is not enhanced.

[2022-10-08 00:05:28 #9 type] 
Type domain.Elkarrizketa is not enhanced.

[2022-10-08 00:05:28 #10 type] 
Type domain.Message is not enhanced.

[2022-10-08 00:05:28 #11 type] 
Type domain.KirolEstatistikak is not enhanced.

[2022-10-08 00:05:28 #12 type] 
Type domain.Jarraitzailea is not enhanced.

[2022-10-08 00:05:28 #13 type] 
Type domain.ApustuAnitza is not enhanced.

[2022-10-08 00:05:28 #14 type] 
Type domain.Transaction is not enhanced.

[2022-10-08 00:05:28 #15 type] 
Type domain.Quote is not enhanced.

[2022-10-08 00:05:28 #16 type] 
Type domain.Apustua is not enhanced.

[2022-10-08 00:05:28 #17 type] 
Type domain.Admin is not enhanced.

------------------------------------------------------------------------------------------------------------------------

[2022-10-08 00:06:50 #1 store] 
Database 'C:\Users\Iosu\git\BetCompleted22\src\main\resources\bets.temp' has been recovered (tr. 392-467)

[2022-10-08 00:06:50 #2 store] 
Database 'C:\Users\Iosu\git\BetCompleted22\src\main\resources\bets.temp' is opened by 5208@DESKTOP-KGVNL32

[2022-10-08 00:06:50 #3 type] 
Type domain.Team is not enhanced.

[2022-10-08 00:06:50 #4 type] 
Type domain.Event is not enhanced.

[2022-10-08 00:06:50 #5 type] 
Type domain.User is not enhanced.

[2022-10-08 00:06:50 #6 type] 
Type domain.Registered is not enhanced.

[2022-10-08 00:06:50 #7 type] 
Type domain.Sport is not enhanced.

[2022-10-08 00:06:50 #8 type] 
Type domain.Question is not enhanced.

[2022-10-08 00:06:50 #9 type] 
Type domain.Elkarrizketa is not enhanced.

[2022-10-08 00:06:50 #10 type] 
Type domain.Message is not enhanced.

[2022-10-08 00:06:50 #11 type] 
Type domain.KirolEstatistikak is not enhanced.

[2022-10-08 00:06:50 #12 type] 
Type domain.Jarraitzailea is not enhanced.

[2022-10-08 00:06:50 #13 type] 
Type domain.ApustuAnitza is not enhanced.

[2022-10-08 00:06:50 #14 type] 
Type domain.Transaction is not enhanced.

[2022-10-08 00:06:50 #15 type] 
Type domain.Quote is not enhanced.

[2022-10-08 00:06:50 #16 type] 
Type domain.Apustua is not enhanced.

[2022-10-08 00:06:50 #17 type] 
Type domain.Admin is not enhanced.

------------------------------------------------------------------------------------------------------------------------

[2022-10-08 00:08:22 #1 store] 
Database 'C:\Users\Iosu\git\BetCompleted22\src\main\resources\bets.temp' has been recovered (tr. 468-543)

[2022-10-08 00:08:23 #2 store] 
Database 'C:\Users\Iosu\git\BetCompleted22\src\main\resources\bets.temp' is opened by 12968@DESKTOP-KGVNL32

[2022-10-08 00:08:23 #3 type] 
Type domain.Team is not enhanced.

[2022-10-08 00:08:23 #4 type] 
Type domain.Event is not enhanced.

[2022-10-08 00:08:23 #5 type] 
Type domain.User is not enhanced.

[2022-10-08 00:08:23 #6 type] 
Type domain.Registered is not enhanced.

[2022-10-08 00:08:23 #7 type] 
Type domain.Sport is not enhanced.

[2022-10-08 00:08:23 #8 type] 
Type domain.Question is not enhanced.

[2022-10-08 00:08:23 #9 type] 
Type domain.Elkarrizketa is not enhanced.

[2022-10-08 00:08:23 #10 type] 
Type domain.Message is not enhanced.

[2022-10-08 00:08:23 #11 type] 
Type domain.KirolEstatistikak is not enhanced.

[2022-10-08 00:08:23 #12 type] 
Type domain.Jarraitzailea is not enhanced.

[2022-10-08 00:08:23 #13 type] 
Type domain.ApustuAnitza is not enhanced.

[2022-10-08 00:08:23 #14 type] 
Type domain.Transaction is not enhanced.

[2022-10-08 00:08:23 #15 type] 
Type domain.Quote is not enhanced.

[2022-10-08 00:08:23 #16 type] 
Type domain.Apustua is not enhanced.

[2022-10-08 00:08:23 #17 type] 
Type domain.Admin is not enhanced.

------------------------------------------------------------------------------------------------------------------------

[2022-10-08 00:08:32 #1 store] 
Database 'C:\Users\Iosu\git\BetCompleted22\src\main\resources\bets.temp' has been recovered (tr. 544-623)

[2022-10-08 00:08:32 #2 store] 
Database 'C:\Users\Iosu\git\BetCompleted22\src\main\resources\bets.temp' is opened by 14708@DESKTOP-KGVNL32

[2022-10-08 00:08:32 #3 type] 
Type domain.Team is not enhanced.

[2022-10-08 00:08:32 #4 type] 
Type domain.Event is not enhanced.

[2022-10-08 00:08:32 #5 type] 
Type domain.User is not enhanced.

[2022-10-08 00:08:32 #6 type] 
Type domain.Registered is not enhanced.

[2022-10-08 00:08:32 #7 type] 
Type domain.Sport is not enhanced.

[2022-10-08 00:08:32 #8 type] 
Type domain.Question is not enhanced.

[2022-10-08 00:08:32 #9 type] 
Type domain.Elkarrizketa is not enhanced.

[2022-10-08 00:08:32 #10 type] 
Type domain.Message is not enhanced.

[2022-10-08 00:08:32 #11 type] 
Type domain.KirolEstatistikak is not enhanced.

[2022-10-08 00:08:32 #12 type] 
Type domain.Jarraitzailea is not enhanced.

[2022-10-08 00:08:32 #13 type] 
Type domain.ApustuAnitza is not enhanced.

[2022-10-08 00:08:32 #14 type] 
Type domain.Transaction is not enhanced.

[2022-10-08 00:08:32 #15 type] 
Type domain.Quote is not enhanced.

[2022-10-08 00:08:32 #16 type] 
Type domain.Apustua is not enhanced.

[2022-10-08 00:08:32 #17 type] 
Type domain.Admin is not enhanced.

