------------------------------------------------------------------------------------------------------------------------

[2022-10-05 12:18:23 #1 store] 
Database 'C:\Users\Txomin\git\BetCompleted22\src\main\resources\bets.temp' has been recovered (tr. 277-289)

[2022-10-05 12:18:23 #2 store] 
Database 'C:\Users\Txomin\git\BetCompleted22\src\main\resources\bets.temp' is opened by 3712@DESKTOP-BO37II9

[2022-10-05 12:18:23 #3 type] 
Type domain.Team is not enhanced.

[2022-10-05 12:18:23 #4 type] 
Type domain.Event is not enhanced.

[2022-10-05 12:18:23 #5 type] 
Type domain.User is not enhanced.

[2022-10-05 12:18:23 #6 type] 
Type domain.Registered is not enhanced.

[2022-10-05 12:18:23 #7 type] 
Type domain.Sport is not enhanced.

[2022-10-05 12:18:23 #8 type] 
Type domain.Question is not enhanced.

[2022-10-05 12:18:23 #9 type] 
Type domain.Elkarrizketa is not enhanced.

[2022-10-05 12:18:23 #10 type] 
Type domain.Message is not enhanced.

[2022-10-05 12:18:23 #11 type] 
Type domain.KirolEstatistikak is not enhanced.

[2022-10-05 12:18:23 #12 type] 
Type domain.Jarraitzailea is not enhanced.

[2022-10-05 12:18:23 #13 type] 
Type domain.ApustuAnitza is not enhanced.

[2022-10-05 12:18:23 #14 type] 
Type domain.Transaction is not enhanced.

[2022-10-05 12:18:23 #15 type] 
Type domain.Quote is not enhanced.

[2022-10-05 12:18:23 #16 type] 
Type domain.Apustua is not enhanced.

[2022-10-05 12:18:23 #17 type] 
Type domain.Admin is not enhanced.

------------------------------------------------------------------------------------------------------------------------

[2022-10-05 12:20:36 #1 store] 
Database 'C:\Users\Txomin\git\BetCompleted22\src\main\resources\bets.temp' is opened by 17904@DESKTOP-BO37II9

[2022-10-05 12:20:36 #2 type.registry] 
New type domain.Team

[2022-10-05 12:20:36 #3 type] 
Type domain.Team is not enhanced.

[2022-10-05 12:20:36 #4 type.registry] 
New type domain.Event

[2022-10-05 12:20:36 #5 type.registry] 
New type java.util.Vector<domain.Event>

[2022-10-05 12:20:36 #6 type.registry] 
New type domain.User

[2022-10-05 12:20:36 #7 type.registry] 
New type domain.Registered

[2022-10-05 12:20:36 #8 type.registry] 
New type java.util.Vector<domain.Registered>

[2022-10-05 12:20:36 #9 type] 
Type domain.Event is not enhanced.

[2022-10-05 12:20:36 #10 type.registry] 
New type domain.Sport

[2022-10-05 12:20:36 #11 type.registry] 
New type domain.Question

[2022-10-05 12:20:36 #12 type.registry] 
New type java.util.Vector<domain.Question>

[2022-10-05 12:20:36 #13 type] 
Type domain.User is not enhanced.

[2022-10-05 12:20:36 #14 type.registry] 
New type domain.Elkarrizketa

[2022-10-05 12:20:36 #15 type.registry] 
New type java.util.Vector<domain.Elkarrizketa>

[2022-10-05 12:20:36 #16 type.registry] 
New type domain.Message

[2022-10-05 12:20:36 #17 type.registry] 
New type java.util.Vector<domain.Message>

[2022-10-05 12:20:36 #18 type] 
Type domain.Registered is not enhanced.

[2022-10-05 12:20:36 #19 type.registry] 
New type domain.KirolEstatistikak

[2022-10-05 12:20:36 #20 type.registry] 
New type java.util.Vector<domain.KirolEstatistikak>

[2022-10-05 12:20:36 #21 type.registry] 
New type domain.Jarraitzailea

[2022-10-05 12:20:36 #22 type.registry] 
New type java.util.Vector<domain.Jarraitzailea>

[2022-10-05 12:20:36 #23 type.registry] 
New type domain.ApustuAnitza

[2022-10-05 12:20:36 #24 type.registry] 
New type java.util.Vector<domain.ApustuAnitza>

[2022-10-05 12:20:36 #25 type.registry] 
New type domain.Transaction

[2022-10-05 12:20:36 #26 type.registry] 
New type java.util.Vector<domain.Transaction>

[2022-10-05 12:20:36 #27 type] 
Type domain.Sport is not enhanced.

[2022-10-05 12:20:36 #28 type] 
Type domain.Question is not enhanced.

[2022-10-05 12:20:36 #29 type.registry] 
New type domain.Quote

[2022-10-05 12:20:36 #30 type.registry] 
New type java.util.Vector<domain.Quote>

[2022-10-05 12:20:36 #31 type] 
Type domain.Elkarrizketa is not enhanced.

[2022-10-05 12:20:36 #32 type] 
Type domain.Message is not enhanced.

[2022-10-05 12:20:36 #33 type] 
Type domain.KirolEstatistikak is not enhanced.

[2022-10-05 12:20:36 #34 type] 
Type domain.Jarraitzailea is not enhanced.

[2022-10-05 12:20:36 #35 type] 
Type domain.ApustuAnitza is not enhanced.

[2022-10-05 12:20:36 #36 type.registry] 
New type domain.Apustua

[2022-10-05 12:20:36 #37 type.registry] 
New type java.util.Vector<domain.Apustua>

[2022-10-05 12:20:36 #38 type] 
Type domain.Transaction is not enhanced.

[2022-10-05 12:20:36 #39 type] 
Type domain.Quote is not enhanced.

[2022-10-05 12:20:36 #40 type.registry] 
New type java.util.LinkedList<domain.Apustua>

[2022-10-05 12:20:36 #41 type] 
Type domain.Apustua is not enhanced.

[2022-10-05 12:20:36 #42 type.registry] 
New type domain.Admin

[2022-10-05 12:20:36 #43 type] 
Type domain.Admin is not enhanced.

[2022-10-05 12:20:36 #44 type.registry] 
New type java.util.Vector<java.lang.Object>

[2022-10-05 12:20:36 #45 type.registry] 
New type java.util.LinkedList<java.lang.Object>

------------------------------------------------------------------------------------------------------------------------

[2022-10-05 12:21:02 #1 store] 
Database 'C:\Users\Txomin\git\BetCompleted22\src\main\resources\bets.temp' has been recovered (tr. 1-11)

[2022-10-05 12:21:02 #2 store] 
Database 'C:\Users\Txomin\git\BetCompleted22\src\main\resources\bets.temp' is opened by 9564@DESKTOP-BO37II9

[2022-10-05 12:21:03 #3 type] 
Type domain.Team is not enhanced.

[2022-10-05 12:21:03 #4 type] 
Type domain.Event is not enhanced.

[2022-10-05 12:21:03 #5 type] 
Type domain.User is not enhanced.

[2022-10-05 12:21:03 #6 type] 
Type domain.Registered is not enhanced.

[2022-10-05 12:21:03 #7 type] 
Type domain.Sport is not enhanced.

[2022-10-05 12:21:03 #8 type] 
Type domain.Question is not enhanced.

[2022-10-05 12:21:03 #9 type] 
Type domain.Elkarrizketa is not enhanced.

[2022-10-05 12:21:03 #10 type] 
Type domain.Message is not enhanced.

[2022-10-05 12:21:03 #11 type] 
Type domain.KirolEstatistikak is not enhanced.

[2022-10-05 12:21:03 #12 type] 
Type domain.Jarraitzailea is not enhanced.

[2022-10-05 12:21:03 #13 type] 
Type domain.ApustuAnitza is not enhanced.

[2022-10-05 12:21:03 #14 type] 
Type domain.Transaction is not enhanced.

[2022-10-05 12:21:03 #15 type] 
Type domain.Quote is not enhanced.

[2022-10-05 12:21:03 #16 type] 
Type domain.Apustua is not enhanced.

[2022-10-05 12:21:03 #17 type] 
Type domain.Admin is not enhanced.

------------------------------------------------------------------------------------------------------------------------

[2022-10-05 12:25:04 #1 store] 
Database 'C:\Users\Txomin\git\BetCompleted22\src\main\resources\bets.temp' has been recovered (tr. 12-17)

[2022-10-05 12:25:05 #2 store] 
Database 'C:\Users\Txomin\git\BetCompleted22\src\main\resources\bets.temp' is opened by 15748@DESKTOP-BO37II9

[2022-10-05 12:25:05 #3 type] 
Type domain.Team is not enhanced.

[2022-10-05 12:25:05 #4 type] 
Type domain.Event is not enhanced.

[2022-10-05 12:25:05 #5 type] 
Type domain.User is not enhanced.

[2022-10-05 12:25:05 #6 type] 
Type domain.Registered is not enhanced.

[2022-10-05 12:25:05 #7 type] 
Type domain.Sport is not enhanced.

[2022-10-05 12:25:05 #8 type] 
Type domain.Question is not enhanced.

[2022-10-05 12:25:05 #9 type] 
Type domain.Elkarrizketa is not enhanced.

[2022-10-05 12:25:05 #10 type] 
Type domain.Message is not enhanced.

[2022-10-05 12:25:05 #11 type] 
Type domain.KirolEstatistikak is not enhanced.

[2022-10-05 12:25:05 #12 type] 
Type domain.Jarraitzailea is not enhanced.

[2022-10-05 12:25:05 #13 type] 
Type domain.ApustuAnitza is not enhanced.

[2022-10-05 12:25:05 #14 type] 
Type domain.Transaction is not enhanced.

[2022-10-05 12:25:05 #15 type] 
Type domain.Quote is not enhanced.

[2022-10-05 12:25:05 #16 type] 
Type domain.Apustua is not enhanced.

[2022-10-05 12:25:05 #17 type] 
Type domain.Admin is not enhanced.

------------------------------------------------------------------------------------------------------------------------

[2022-10-05 12:27:50 #1 store] 
Database 'C:\Users\Txomin\git\BetCompleted22\src\main\resources\bets.temp' has been recovered (tr. 18-31)

[2022-10-05 12:27:50 #2 store] 
Database 'C:\Users\Txomin\git\BetCompleted22\src\main\resources\bets.temp' is opened by 11384@DESKTOP-BO37II9

[2022-10-05 12:27:50 #3 type] 
Type domain.Team is not enhanced.

[2022-10-05 12:27:50 #4 type] 
Type domain.Event is not enhanced.

[2022-10-05 12:27:50 #5 type] 
Type domain.User is not enhanced.

[2022-10-05 12:27:50 #6 type] 
Type domain.Registered is not enhanced.

[2022-10-05 12:27:50 #7 type] 
Type domain.Sport is not enhanced.

[2022-10-05 12:27:50 #8 type] 
Type domain.Question is not enhanced.

[2022-10-05 12:27:50 #9 type] 
Type domain.Elkarrizketa is not enhanced.

[2022-10-05 12:27:50 #10 type] 
Type domain.Message is not enhanced.

[2022-10-05 12:27:50 #11 type] 
Type domain.KirolEstatistikak is not enhanced.

[2022-10-05 12:27:50 #12 type] 
Type domain.Jarraitzailea is not enhanced.

[2022-10-05 12:27:50 #13 type] 
Type domain.ApustuAnitza is not enhanced.

[2022-10-05 12:27:50 #14 type] 
Type domain.Transaction is not enhanced.

[2022-10-05 12:27:50 #15 type] 
Type domain.Quote is not enhanced.

[2022-10-05 12:27:50 #16 type] 
Type domain.Apustua is not enhanced.

[2022-10-05 12:27:50 #17 type] 
Type domain.Admin is not enhanced.

------------------------------------------------------------------------------------------------------------------------

[2022-10-05 12:33:20 #1 store] 
Database 'C:\Users\Txomin\git\BetCompleted22\src\main\resources\bets.temp' has been recovered (tr. 32-51)

[2022-10-05 12:33:20 #2 store] 
Database 'C:\Users\Txomin\git\BetCompleted22\src\main\resources\bets.temp' is opened by 16756@DESKTOP-BO37II9

[2022-10-05 12:33:20 #3 type] 
Type domain.Team is not enhanced.

[2022-10-05 12:33:20 #4 type] 
Type domain.Event is not enhanced.

[2022-10-05 12:33:20 #5 type] 
Type domain.User is not enhanced.

[2022-10-05 12:33:20 #6 type] 
Type domain.Registered is not enhanced.

[2022-10-05 12:33:20 #7 type] 
Type domain.Sport is not enhanced.

[2022-10-05 12:33:20 #8 type] 
Type domain.Question is not enhanced.

[2022-10-05 12:33:20 #9 type] 
Type domain.Elkarrizketa is not enhanced.

[2022-10-05 12:33:20 #10 type] 
Type domain.Message is not enhanced.

[2022-10-05 12:33:20 #11 type] 
Type domain.KirolEstatistikak is not enhanced.

[2022-10-05 12:33:20 #12 type] 
Type domain.Jarraitzailea is not enhanced.

[2022-10-05 12:33:20 #13 type] 
Type domain.ApustuAnitza is not enhanced.

[2022-10-05 12:33:20 #14 type] 
Type domain.Transaction is not enhanced.

[2022-10-05 12:33:20 #15 type] 
Type domain.Quote is not enhanced.

[2022-10-05 12:33:20 #16 type] 
Type domain.Apustua is not enhanced.

[2022-10-05 12:33:20 #17 type] 
Type domain.Admin is not enhanced.

------------------------------------------------------------------------------------------------------------------------

[2022-10-05 12:33:52 #1 store] 
Database 'C:\Users\Txomin\git\BetCompleted22\src\main\resources\bets.temp' has been recovered (tr. 52-81)

[2022-10-05 12:33:52 #2 store] 
Database 'C:\Users\Txomin\git\BetCompleted22\src\main\resources\bets.temp' is opened by 3216@DESKTOP-BO37II9

[2022-10-05 12:33:52 #3 type] 
Type domain.Team is not enhanced.

[2022-10-05 12:33:52 #4 type] 
Type domain.Event is not enhanced.

[2022-10-05 12:33:52 #5 type] 
Type domain.User is not enhanced.

[2022-10-05 12:33:52 #6 type] 
Type domain.Registered is not enhanced.

[2022-10-05 12:33:52 #7 type] 
Type domain.Sport is not enhanced.

[2022-10-05 12:33:52 #8 type] 
Type domain.Question is not enhanced.

[2022-10-05 12:33:52 #9 type] 
Type domain.Elkarrizketa is not enhanced.

[2022-10-05 12:33:52 #10 type] 
Type domain.Message is not enhanced.

[2022-10-05 12:33:52 #11 type] 
Type domain.KirolEstatistikak is not enhanced.

[2022-10-05 12:33:52 #12 type] 
Type domain.Jarraitzailea is not enhanced.

[2022-10-05 12:33:52 #13 type] 
Type domain.ApustuAnitza is not enhanced.

[2022-10-05 12:33:52 #14 type] 
Type domain.Transaction is not enhanced.

[2022-10-05 12:33:52 #15 type] 
Type domain.Quote is not enhanced.

[2022-10-05 12:33:52 #16 type] 
Type domain.Apustua is not enhanced.

[2022-10-05 12:33:52 #17 type] 
Type domain.Admin is not enhanced.

------------------------------------------------------------------------------------------------------------------------

[2022-10-05 12:34:15 #1 store] 
Database 'C:\Users\Txomin\git\BetCompleted22\src\main\resources\bets.temp' has been recovered (tr. 82-87)

[2022-10-05 12:34:15 #2 store] 
Database 'C:\Users\Txomin\git\BetCompleted22\src\main\resources\bets.temp' is opened by 584@DESKTOP-BO37II9

[2022-10-05 12:34:15 #3 type] 
Type domain.Team is not enhanced.

[2022-10-05 12:34:15 #4 type] 
Type domain.Event is not enhanced.

[2022-10-05 12:34:15 #5 type] 
Type domain.User is not enhanced.

[2022-10-05 12:34:15 #6 type] 
Type domain.Registered is not enhanced.

[2022-10-05 12:34:15 #7 type] 
Type domain.Sport is not enhanced.

[2022-10-05 12:34:15 #8 type] 
Type domain.Question is not enhanced.

[2022-10-05 12:34:15 #9 type] 
Type domain.Elkarrizketa is not enhanced.

[2022-10-05 12:34:15 #10 type] 
Type domain.Message is not enhanced.

[2022-10-05 12:34:15 #11 type] 
Type domain.KirolEstatistikak is not enhanced.

[2022-10-05 12:34:15 #12 type] 
Type domain.Jarraitzailea is not enhanced.

[2022-10-05 12:34:15 #13 type] 
Type domain.ApustuAnitza is not enhanced.

[2022-10-05 12:34:15 #14 type] 
Type domain.Transaction is not enhanced.

[2022-10-05 12:34:15 #15 type] 
Type domain.Quote is not enhanced.

[2022-10-05 12:34:15 #16 type] 
Type domain.Apustua is not enhanced.

[2022-10-05 12:34:15 #17 type] 
Type domain.Admin is not enhanced.

------------------------------------------------------------------------------------------------------------------------

[2022-10-05 12:36:53 #1 store] 
Database 'C:\Users\Txomin\git\BetCompleted22\src\main\resources\bets.temp' has been recovered (tr. 88-112)

[2022-10-05 12:36:53 #2 store] 
Database 'C:\Users\Txomin\git\BetCompleted22\src\main\resources\bets.temp' is opened by 9652@DESKTOP-BO37II9

[2022-10-05 12:36:53 #3 type] 
Type domain.Team is not enhanced.

[2022-10-05 12:36:53 #4 type] 
Type domain.Event is not enhanced.

[2022-10-05 12:36:53 #5 type] 
Type domain.User is not enhanced.

[2022-10-05 12:36:53 #6 type] 
Type domain.Registered is not enhanced.

[2022-10-05 12:36:53 #7 type] 
Type domain.Sport is not enhanced.

[2022-10-05 12:36:53 #8 type] 
Type domain.Question is not enhanced.

[2022-10-05 12:36:53 #9 type] 
Type domain.Elkarrizketa is not enhanced.

[2022-10-05 12:36:53 #10 type] 
Type domain.Message is not enhanced.

[2022-10-05 12:36:53 #11 type] 
Type domain.KirolEstatistikak is not enhanced.

[2022-10-05 12:36:53 #12 type] 
Type domain.Jarraitzailea is not enhanced.

[2022-10-05 12:36:53 #13 type] 
Type domain.ApustuAnitza is not enhanced.

[2022-10-05 12:36:53 #14 type] 
Type domain.Transaction is not enhanced.

[2022-10-05 12:36:53 #15 type] 
Type domain.Quote is not enhanced.

[2022-10-05 12:36:53 #16 type] 
Type domain.Apustua is not enhanced.

[2022-10-05 12:36:53 #17 type] 
Type domain.Admin is not enhanced.

------------------------------------------------------------------------------------------------------------------------

[2022-10-05 12:37:22 #1 store] 
Database 'C:\Users\Txomin\git\BetCompleted22\src\main\resources\bets.temp' is opened by 15480@DESKTOP-BO37II9

[2022-10-05 12:37:22 #2 type.registry] 
New type domain.Team

[2022-10-05 12:37:22 #3 type] 
Type domain.Team is not enhanced.

[2022-10-05 12:37:22 #4 type.registry] 
New type domain.Event

[2022-10-05 12:37:22 #5 type.registry] 
New type java.util.Vector<domain.Event>

[2022-10-05 12:37:22 #6 type.registry] 
New type domain.User

[2022-10-05 12:37:22 #7 type.registry] 
New type domain.Registered

[2022-10-05 12:37:22 #8 type.registry] 
New type java.util.Vector<domain.Registered>

[2022-10-05 12:37:22 #9 type] 
Type domain.Event is not enhanced.

[2022-10-05 12:37:22 #10 type.registry] 
New type domain.Sport

[2022-10-05 12:37:22 #11 type.registry] 
New type domain.Question

[2022-10-05 12:37:22 #12 type.registry] 
New type java.util.Vector<domain.Question>

[2022-10-05 12:37:22 #13 type] 
Type domain.User is not enhanced.

[2022-10-05 12:37:22 #14 type.registry] 
New type domain.Elkarrizketa

[2022-10-05 12:37:22 #15 type.registry] 
New type java.util.Vector<domain.Elkarrizketa>

[2022-10-05 12:37:22 #16 type.registry] 
New type domain.Message

[2022-10-05 12:37:22 #17 type.registry] 
New type java.util.Vector<domain.Message>

[2022-10-05 12:37:22 #18 type] 
Type domain.Registered is not enhanced.

[2022-10-05 12:37:22 #19 type.registry] 
New type domain.KirolEstatistikak

[2022-10-05 12:37:22 #20 type.registry] 
New type java.util.Vector<domain.KirolEstatistikak>

[2022-10-05 12:37:22 #21 type.registry] 
New type domain.Jarraitzailea

[2022-10-05 12:37:22 #22 type.registry] 
New type java.util.Vector<domain.Jarraitzailea>

[2022-10-05 12:37:22 #23 type.registry] 
New type domain.ApustuAnitza

[2022-10-05 12:37:22 #24 type.registry] 
New type java.util.Vector<domain.ApustuAnitza>

[2022-10-05 12:37:22 #25 type.registry] 
New type domain.Transaction

[2022-10-05 12:37:22 #26 type.registry] 
New type java.util.Vector<domain.Transaction>

[2022-10-05 12:37:22 #27 type] 
Type domain.Sport is not enhanced.

[2022-10-05 12:37:22 #28 type] 
Type domain.Question is not enhanced.

[2022-10-05 12:37:22 #29 type.registry] 
New type domain.Quote

[2022-10-05 12:37:22 #30 type.registry] 
New type java.util.Vector<domain.Quote>

[2022-10-05 12:37:22 #31 type] 
Type domain.Elkarrizketa is not enhanced.

[2022-10-05 12:37:22 #32 type] 
Type domain.Message is not enhanced.

[2022-10-05 12:37:22 #33 type] 
Type domain.KirolEstatistikak is not enhanced.

[2022-10-05 12:37:22 #34 type] 
Type domain.Jarraitzailea is not enhanced.

[2022-10-05 12:37:22 #35 type] 
Type domain.ApustuAnitza is not enhanced.

[2022-10-05 12:37:22 #36 type.registry] 
New type domain.Apustua

[2022-10-05 12:37:22 #37 type.registry] 
New type java.util.Vector<domain.Apustua>

[2022-10-05 12:37:22 #38 type] 
Type domain.Transaction is not enhanced.

[2022-10-05 12:37:22 #39 type] 
Type domain.Quote is not enhanced.

[2022-10-05 12:37:22 #40 type.registry] 
New type java.util.LinkedList<domain.Apustua>

[2022-10-05 12:37:22 #41 type] 
Type domain.Apustua is not enhanced.

[2022-10-05 12:37:23 #42 type.registry] 
New type domain.Admin

[2022-10-05 12:37:23 #43 type] 
Type domain.Admin is not enhanced.

[2022-10-05 12:37:23 #44 type.registry] 
New type java.util.Vector<java.lang.Object>

[2022-10-05 12:37:23 #45 type.registry] 
New type java.util.LinkedList<java.lang.Object>

------------------------------------------------------------------------------------------------------------------------

[2022-10-05 12:37:28 #1 store] 
Database 'C:\Users\Txomin\git\BetCompleted22\src\main\resources\bets.temp' is opened by 6224@DESKTOP-BO37II9

[2022-10-05 12:37:29 #2 type.registry] 
New type domain.Team

[2022-10-05 12:37:29 #3 type] 
Type domain.Team is not enhanced.

[2022-10-05 12:37:29 #4 type.registry] 
New type domain.Event

[2022-10-05 12:37:29 #5 type.registry] 
New type java.util.Vector<domain.Event>

[2022-10-05 12:37:29 #6 type.registry] 
New type domain.User

[2022-10-05 12:37:29 #7 type.registry] 
New type domain.Registered

[2022-10-05 12:37:29 #8 type.registry] 
New type java.util.Vector<domain.Registered>

[2022-10-05 12:37:29 #9 type] 
Type domain.Event is not enhanced.

[2022-10-05 12:37:29 #10 type.registry] 
New type domain.Sport

[2022-10-05 12:37:29 #11 type.registry] 
New type domain.Question

[2022-10-05 12:37:29 #12 type.registry] 
New type java.util.Vector<domain.Question>

[2022-10-05 12:37:29 #13 type] 
Type domain.User is not enhanced.

[2022-10-05 12:37:29 #14 type.registry] 
New type domain.Elkarrizketa

[2022-10-05 12:37:29 #15 type.registry] 
New type java.util.Vector<domain.Elkarrizketa>

[2022-10-05 12:37:29 #16 type.registry] 
New type domain.Message

[2022-10-05 12:37:29 #17 type.registry] 
New type java.util.Vector<domain.Message>

[2022-10-05 12:37:29 #18 type] 
Type domain.Registered is not enhanced.

[2022-10-05 12:37:29 #19 type.registry] 
New type domain.KirolEstatistikak

[2022-10-05 12:37:29 #20 type.registry] 
New type java.util.Vector<domain.KirolEstatistikak>

[2022-10-05 12:37:29 #21 type.registry] 
New type domain.Jarraitzailea

[2022-10-05 12:37:29 #22 type.registry] 
New type java.util.Vector<domain.Jarraitzailea>

[2022-10-05 12:37:29 #23 type.registry] 
New type domain.ApustuAnitza

[2022-10-05 12:37:29 #24 type.registry] 
New type java.util.Vector<domain.ApustuAnitza>

[2022-10-05 12:37:29 #25 type.registry] 
New type domain.Transaction

[2022-10-05 12:37:29 #26 type.registry] 
New type java.util.Vector<domain.Transaction>

[2022-10-05 12:37:29 #27 type] 
Type domain.Sport is not enhanced.

[2022-10-05 12:37:29 #28 type] 
Type domain.Question is not enhanced.

[2022-10-05 12:37:29 #29 type.registry] 
New type domain.Quote

[2022-10-05 12:37:29 #30 type.registry] 
New type java.util.Vector<domain.Quote>

[2022-10-05 12:37:29 #31 type] 
Type domain.Elkarrizketa is not enhanced.

[2022-10-05 12:37:29 #32 type] 
Type domain.Message is not enhanced.

[2022-10-05 12:37:29 #33 type] 
Type domain.KirolEstatistikak is not enhanced.

[2022-10-05 12:37:29 #34 type] 
Type domain.Jarraitzailea is not enhanced.

[2022-10-05 12:37:29 #35 type] 
Type domain.ApustuAnitza is not enhanced.

[2022-10-05 12:37:29 #36 type.registry] 
New type domain.Apustua

[2022-10-05 12:37:29 #37 type.registry] 
New type java.util.Vector<domain.Apustua>

[2022-10-05 12:37:29 #38 type] 
Type domain.Transaction is not enhanced.

[2022-10-05 12:37:29 #39 type] 
Type domain.Quote is not enhanced.

[2022-10-05 12:37:29 #40 type.registry] 
New type java.util.LinkedList<domain.Apustua>

[2022-10-05 12:37:29 #41 type] 
Type domain.Apustua is not enhanced.

[2022-10-05 12:37:29 #42 type.registry] 
New type domain.Admin

[2022-10-05 12:37:29 #43 type] 
Type domain.Admin is not enhanced.

[2022-10-05 12:37:29 #44 type.registry] 
New type java.util.Vector<java.lang.Object>

[2022-10-05 12:37:29 #45 type.registry] 
New type java.util.LinkedList<java.lang.Object>

------------------------------------------------------------------------------------------------------------------------

[2022-10-05 12:37:39 #1 store] 
Database 'C:\Users\Txomin\git\BetCompleted22\src\main\resources\bets.temp' has been recovered (tr. 1-11)

[2022-10-05 12:37:39 #2 store] 
Database 'C:\Users\Txomin\git\BetCompleted22\src\main\resources\bets.temp' is opened by 2212@DESKTOP-BO37II9

[2022-10-05 12:37:39 #3 type] 
Type domain.Team is not enhanced.

[2022-10-05 12:37:39 #4 type] 
Type domain.Event is not enhanced.

[2022-10-05 12:37:39 #5 type] 
Type domain.User is not enhanced.

[2022-10-05 12:37:39 #6 type] 
Type domain.Registered is not enhanced.

[2022-10-05 12:37:39 #7 type] 
Type domain.Sport is not enhanced.

[2022-10-05 12:37:39 #8 type] 
Type domain.Question is not enhanced.

[2022-10-05 12:37:39 #9 type] 
Type domain.Elkarrizketa is not enhanced.

[2022-10-05 12:37:39 #10 type] 
Type domain.Message is not enhanced.

[2022-10-05 12:37:39 #11 type] 
Type domain.KirolEstatistikak is not enhanced.

[2022-10-05 12:37:39 #12 type] 
Type domain.Jarraitzailea is not enhanced.

[2022-10-05 12:37:39 #13 type] 
Type domain.ApustuAnitza is not enhanced.

[2022-10-05 12:37:39 #14 type] 
Type domain.Transaction is not enhanced.

[2022-10-05 12:37:39 #15 type] 
Type domain.Quote is not enhanced.

[2022-10-05 12:37:39 #16 type] 
Type domain.Apustua is not enhanced.

[2022-10-05 12:37:39 #17 type] 
Type domain.Admin is not enhanced.

------------------------------------------------------------------------------------------------------------------------

[2022-10-05 12:38:09 #1 store] 
Database 'C:\Users\Txomin\git\BetCompleted22\src\main\resources\bets.temp' has been recovered (tr. 12-41)

[2022-10-05 12:38:10 #2 store] 
Database 'C:\Users\Txomin\git\BetCompleted22\src\main\resources\bets.temp' is opened by 2820@DESKTOP-BO37II9

[2022-10-05 12:38:10 #3 type] 
Type domain.Team is not enhanced.

[2022-10-05 12:38:10 #4 type] 
Type domain.Event is not enhanced.

[2022-10-05 12:38:10 #5 type] 
Type domain.User is not enhanced.

[2022-10-05 12:38:10 #6 type] 
Type domain.Registered is not enhanced.

[2022-10-05 12:38:10 #7 type] 
Type domain.Sport is not enhanced.

[2022-10-05 12:38:10 #8 type] 
Type domain.Question is not enhanced.

[2022-10-05 12:38:10 #9 type] 
Type domain.Elkarrizketa is not enhanced.

[2022-10-05 12:38:10 #10 type] 
Type domain.Message is not enhanced.

[2022-10-05 12:38:10 #11 type] 
Type domain.KirolEstatistikak is not enhanced.

[2022-10-05 12:38:10 #12 type] 
Type domain.Jarraitzailea is not enhanced.

[2022-10-05 12:38:10 #13 type] 
Type domain.ApustuAnitza is not enhanced.

[2022-10-05 12:38:10 #14 type] 
Type domain.Transaction is not enhanced.

[2022-10-05 12:38:10 #15 type] 
Type domain.Quote is not enhanced.

[2022-10-05 12:38:10 #16 type] 
Type domain.Apustua is not enhanced.

[2022-10-05 12:38:10 #17 type] 
Type domain.Admin is not enhanced.

------------------------------------------------------------------------------------------------------------------------

[2022-10-05 12:43:40 #1 store] 
Database 'C:\Users\Txomin\git\BetCompleted22\src\main\resources\bets.temp' has been recovered (tr. 42-66)

[2022-10-05 12:43:40 #2 store] 
Database 'C:\Users\Txomin\git\BetCompleted22\src\main\resources\bets.temp' is opened by 11008@DESKTOP-BO37II9

[2022-10-05 12:43:40 #3 type] 
Type domain.Team is not enhanced.

[2022-10-05 12:43:40 #4 type] 
Type domain.Event is not enhanced.

[2022-10-05 12:43:40 #5 type] 
Type domain.User is not enhanced.

[2022-10-05 12:43:40 #6 type] 
Type domain.Registered is not enhanced.

[2022-10-05 12:43:40 #7 type] 
Type domain.Sport is not enhanced.

[2022-10-05 12:43:40 #8 type] 
Type domain.Question is not enhanced.

[2022-10-05 12:43:40 #9 type] 
Type domain.Elkarrizketa is not enhanced.

[2022-10-05 12:43:40 #10 type] 
Type domain.Message is not enhanced.

[2022-10-05 12:43:40 #11 type] 
Type domain.KirolEstatistikak is not enhanced.

[2022-10-05 12:43:40 #12 type] 
Type domain.Jarraitzailea is not enhanced.

[2022-10-05 12:43:40 #13 type] 
Type domain.ApustuAnitza is not enhanced.

[2022-10-05 12:43:40 #14 type] 
Type domain.Transaction is not enhanced.

[2022-10-05 12:43:40 #15 type] 
Type domain.Quote is not enhanced.

[2022-10-05 12:43:40 #16 type] 
Type domain.Apustua is not enhanced.

[2022-10-05 12:43:40 #17 type] 
Type domain.Admin is not enhanced.

------------------------------------------------------------------------------------------------------------------------

[2022-10-05 12:44:09 #1 store] 
Database 'C:\Users\Txomin\git\BetCompleted22\src\main\resources\bets.temp' is opened by 10068@DESKTOP-BO37II9

------------------------------------------------------------------------------------------------------------------------

[2022-10-05 12:44:17 #1 store] 
Database 'C:\Users\Txomin\git\BetCompleted22\src\main\resources\bets.temp' is opened by 1336@DESKTOP-BO37II9

[2022-10-05 12:44:17 #2 type.registry] 
New type domain.Team

[2022-10-05 12:44:17 #3 type] 
Type domain.Team is not enhanced.

[2022-10-05 12:44:17 #4 type.registry] 
New type domain.Event

[2022-10-05 12:44:17 #5 type.registry] 
New type java.util.Vector<domain.Event>

[2022-10-05 12:44:17 #6 type.registry] 
New type domain.User

[2022-10-05 12:44:17 #7 type.registry] 
New type domain.Registered

[2022-10-05 12:44:17 #8 type.registry] 
New type java.util.Vector<domain.Registered>

[2022-10-05 12:44:17 #9 type] 
Type domain.Event is not enhanced.

[2022-10-05 12:44:17 #10 type.registry] 
New type domain.Sport

[2022-10-05 12:44:17 #11 type.registry] 
New type domain.Question

[2022-10-05 12:44:17 #12 type.registry] 
New type java.util.Vector<domain.Question>

[2022-10-05 12:44:17 #13 type] 
Type domain.User is not enhanced.

[2022-10-05 12:44:17 #14 type.registry] 
New type domain.Elkarrizketa

[2022-10-05 12:44:17 #15 type.registry] 
New type java.util.Vector<domain.Elkarrizketa>

[2022-10-05 12:44:17 #16 type.registry] 
New type domain.Message

[2022-10-05 12:44:17 #17 type.registry] 
New type java.util.Vector<domain.Message>

[2022-10-05 12:44:17 #18 type] 
Type domain.Registered is not enhanced.

[2022-10-05 12:44:17 #19 type.registry] 
New type domain.KirolEstatistikak

[2022-10-05 12:44:17 #20 type.registry] 
New type java.util.Vector<domain.KirolEstatistikak>

[2022-10-05 12:44:17 #21 type.registry] 
New type domain.Jarraitzailea

[2022-10-05 12:44:17 #22 type.registry] 
New type java.util.Vector<domain.Jarraitzailea>

[2022-10-05 12:44:17 #23 type.registry] 
New type domain.ApustuAnitza

[2022-10-05 12:44:17 #24 type.registry] 
New type java.util.Vector<domain.ApustuAnitza>

[2022-10-05 12:44:17 #25 type.registry] 
New type domain.Transaction

[2022-10-05 12:44:17 #26 type.registry] 
New type java.util.Vector<domain.Transaction>

[2022-10-05 12:44:17 #27 type] 
Type domain.Sport is not enhanced.

[2022-10-05 12:44:17 #28 type] 
Type domain.Question is not enhanced.

[2022-10-05 12:44:17 #29 type.registry] 
New type domain.Quote

[2022-10-05 12:44:17 #30 type.registry] 
New type java.util.Vector<domain.Quote>

[2022-10-05 12:44:17 #31 type] 
Type domain.Elkarrizketa is not enhanced.

[2022-10-05 12:44:17 #32 type] 
Type domain.Message is not enhanced.

[2022-10-05 12:44:17 #33 type] 
Type domain.KirolEstatistikak is not enhanced.

[2022-10-05 12:44:17 #34 type] 
Type domain.Jarraitzailea is not enhanced.

[2022-10-05 12:44:17 #35 type] 
Type domain.ApustuAnitza is not enhanced.

[2022-10-05 12:44:17 #36 type.registry] 
New type domain.Apustua

[2022-10-05 12:44:17 #37 type.registry] 
New type java.util.Vector<domain.Apustua>

[2022-10-05 12:44:17 #38 type] 
Type domain.Transaction is not enhanced.

[2022-10-05 12:44:17 #39 type] 
Type domain.Quote is not enhanced.

[2022-10-05 12:44:17 #40 type.registry] 
New type java.util.LinkedList<domain.Apustua>

[2022-10-05 12:44:17 #41 type] 
Type domain.Apustua is not enhanced.

[2022-10-05 12:44:17 #42 type.registry] 
New type domain.Admin

[2022-10-05 12:44:17 #43 type] 
Type domain.Admin is not enhanced.

[2022-10-05 12:44:17 #44 type.registry] 
New type java.util.Vector<java.lang.Object>

[2022-10-05 12:44:17 #45 type.registry] 
New type java.util.LinkedList<java.lang.Object>

------------------------------------------------------------------------------------------------------------------------

[2022-10-05 12:44:25 #1 store] 
Database 'C:\Users\Txomin\git\BetCompleted22\src\main\resources\bets.temp' has been recovered (tr. 1-11)

[2022-10-05 12:44:25 #2 store] 
Database 'C:\Users\Txomin\git\BetCompleted22\src\main\resources\bets.temp' is opened by 13792@DESKTOP-BO37II9

[2022-10-05 12:44:25 #3 type] 
Type domain.Team is not enhanced.

[2022-10-05 12:44:25 #4 type] 
Type domain.Event is not enhanced.

[2022-10-05 12:44:25 #5 type] 
Type domain.User is not enhanced.

[2022-10-05 12:44:25 #6 type] 
Type domain.Registered is not enhanced.

[2022-10-05 12:44:25 #7 type] 
Type domain.Sport is not enhanced.

[2022-10-05 12:44:25 #8 type] 
Type domain.Question is not enhanced.

[2022-10-05 12:44:25 #9 type] 
Type domain.Elkarrizketa is not enhanced.

[2022-10-05 12:44:25 #10 type] 
Type domain.Message is not enhanced.

[2022-10-05 12:44:25 #11 type] 
Type domain.KirolEstatistikak is not enhanced.

[2022-10-05 12:44:25 #12 type] 
Type domain.Jarraitzailea is not enhanced.

[2022-10-05 12:44:25 #13 type] 
Type domain.ApustuAnitza is not enhanced.

[2022-10-05 12:44:25 #14 type] 
Type domain.Transaction is not enhanced.

[2022-10-05 12:44:25 #15 type] 
Type domain.Quote is not enhanced.

[2022-10-05 12:44:25 #16 type] 
Type domain.Apustua is not enhanced.

[2022-10-05 12:44:25 #17 type] 
Type domain.Admin is not enhanced.

------------------------------------------------------------------------------------------------------------------------

[2022-10-05 12:46:13 #1 store] 
Database 'C:\Users\Txomin\git\BetCompleted22\src\main\resources\bets.temp' is opened by 12840@DESKTOP-BO37II9

[2022-10-05 12:46:13 #2 type.registry] 
New type domain.Team

[2022-10-05 12:46:13 #3 type] 
Type domain.Team is not enhanced.

[2022-10-05 12:46:13 #4 type.registry] 
New type domain.Event

[2022-10-05 12:46:13 #5 type.registry] 
New type java.util.Vector<domain.Event>

[2022-10-05 12:46:13 #6 type.registry] 
New type domain.User

[2022-10-05 12:46:13 #7 type.registry] 
New type domain.Registered

[2022-10-05 12:46:13 #8 type.registry] 
New type java.util.Vector<domain.Registered>

[2022-10-05 12:46:13 #9 type] 
Type domain.Event is not enhanced.

[2022-10-05 12:46:13 #10 type.registry] 
New type domain.Sport

[2022-10-05 12:46:13 #11 type.registry] 
New type domain.Question

[2022-10-05 12:46:13 #12 type.registry] 
New type java.util.Vector<domain.Question>

[2022-10-05 12:46:13 #13 type] 
Type domain.User is not enhanced.

[2022-10-05 12:46:13 #14 type.registry] 
New type domain.Elkarrizketa

[2022-10-05 12:46:13 #15 type.registry] 
New type java.util.Vector<domain.Elkarrizketa>

[2022-10-05 12:46:13 #16 type.registry] 
New type domain.Message

[2022-10-05 12:46:13 #17 type.registry] 
New type java.util.Vector<domain.Message>

[2022-10-05 12:46:13 #18 type] 
Type domain.Registered is not enhanced.

[2022-10-05 12:46:13 #19 type.registry] 
New type domain.KirolEstatistikak

[2022-10-05 12:46:13 #20 type.registry] 
New type java.util.Vector<domain.KirolEstatistikak>

[2022-10-05 12:46:13 #21 type.registry] 
New type domain.Jarraitzailea

[2022-10-05 12:46:13 #22 type.registry] 
New type java.util.Vector<domain.Jarraitzailea>

[2022-10-05 12:46:13 #23 type.registry] 
New type domain.ApustuAnitza

[2022-10-05 12:46:13 #24 type.registry] 
New type java.util.Vector<domain.ApustuAnitza>

[2022-10-05 12:46:13 #25 type.registry] 
New type domain.Transaction

[2022-10-05 12:46:13 #26 type.registry] 
New type java.util.Vector<domain.Transaction>

[2022-10-05 12:46:13 #27 type] 
Type domain.Sport is not enhanced.

[2022-10-05 12:46:13 #28 type] 
Type domain.Question is not enhanced.

[2022-10-05 12:46:13 #29 type.registry] 
New type domain.Quote

[2022-10-05 12:46:13 #30 type.registry] 
New type java.util.Vector<domain.Quote>

[2022-10-05 12:46:13 #31 type] 
Type domain.Elkarrizketa is not enhanced.

[2022-10-05 12:46:13 #32 type] 
Type domain.Message is not enhanced.

[2022-10-05 12:46:13 #33 type] 
Type domain.KirolEstatistikak is not enhanced.

[2022-10-05 12:46:13 #34 type] 
Type domain.Jarraitzailea is not enhanced.

[2022-10-05 12:46:13 #35 type] 
Type domain.ApustuAnitza is not enhanced.

[2022-10-05 12:46:13 #36 type.registry] 
New type domain.Apustua

[2022-10-05 12:46:13 #37 type.registry] 
New type java.util.Vector<domain.Apustua>

[2022-10-05 12:46:13 #38 type] 
Type domain.Transaction is not enhanced.

[2022-10-05 12:46:13 #39 type] 
Type domain.Quote is not enhanced.

[2022-10-05 12:46:13 #40 type.registry] 
New type java.util.LinkedList<domain.Apustua>

[2022-10-05 12:46:13 #41 type] 
Type domain.Apustua is not enhanced.

[2022-10-05 12:46:13 #42 type.registry] 
New type domain.Admin

[2022-10-05 12:46:13 #43 type] 
Type domain.Admin is not enhanced.

[2022-10-05 12:46:13 #44 type.registry] 
New type java.util.Vector<java.lang.Object>

[2022-10-05 12:46:13 #45 type.registry] 
New type java.util.LinkedList<java.lang.Object>

------------------------------------------------------------------------------------------------------------------------

[2022-10-05 12:46:21 #1 store] 
Database 'C:\Users\Txomin\git\BetCompleted22\src\main\resources\bets.temp' has been recovered (tr. 1-11)

[2022-10-05 12:46:21 #2 store] 
Database 'C:\Users\Txomin\git\BetCompleted22\src\main\resources\bets.temp' is opened by 14212@DESKTOP-BO37II9

[2022-10-05 12:46:21 #3 type] 
Type domain.Team is not enhanced.

[2022-10-05 12:46:21 #4 type] 
Type domain.Event is not enhanced.

[2022-10-05 12:46:21 #5 type] 
Type domain.User is not enhanced.

[2022-10-05 12:46:21 #6 type] 
Type domain.Registered is not enhanced.

[2022-10-05 12:46:21 #7 type] 
Type domain.Sport is not enhanced.

[2022-10-05 12:46:21 #8 type] 
Type domain.Question is not enhanced.

[2022-10-05 12:46:21 #9 type] 
Type domain.Elkarrizketa is not enhanced.

[2022-10-05 12:46:21 #10 type] 
Type domain.Message is not enhanced.

[2022-10-05 12:46:21 #11 type] 
Type domain.KirolEstatistikak is not enhanced.

[2022-10-05 12:46:21 #12 type] 
Type domain.Jarraitzailea is not enhanced.

[2022-10-05 12:46:21 #13 type] 
Type domain.ApustuAnitza is not enhanced.

[2022-10-05 12:46:21 #14 type] 
Type domain.Transaction is not enhanced.

[2022-10-05 12:46:21 #15 type] 
Type domain.Quote is not enhanced.

[2022-10-05 12:46:21 #16 type] 
Type domain.Apustua is not enhanced.

[2022-10-05 12:46:21 #17 type] 
Type domain.Admin is not enhanced.

------------------------------------------------------------------------------------------------------------------------

[2022-10-05 12:46:43 #1 store] 
Database 'C:\Users\Txomin\git\BetCompleted22\src\main\resources\bets.temp' is opened by 3100@DESKTOP-BO37II9

[2022-10-05 12:46:43 #2 type.registry] 
New type domain.Team

[2022-10-05 12:46:43 #3 type] 
Type domain.Team is not enhanced.

[2022-10-05 12:46:43 #4 type.registry] 
New type domain.Event

[2022-10-05 12:46:43 #5 type.registry] 
New type java.util.Vector<domain.Event>

[2022-10-05 12:46:43 #6 type.registry] 
New type domain.User

[2022-10-05 12:46:43 #7 type.registry] 
New type domain.Registered

[2022-10-05 12:46:43 #8 type.registry] 
New type java.util.Vector<domain.Registered>

[2022-10-05 12:46:43 #9 type] 
Type domain.Event is not enhanced.

[2022-10-05 12:46:43 #10 type.registry] 
New type domain.Sport

[2022-10-05 12:46:43 #11 type.registry] 
New type domain.Question

[2022-10-05 12:46:43 #12 type.registry] 
New type java.util.Vector<domain.Question>

[2022-10-05 12:46:43 #13 type] 
Type domain.User is not enhanced.

[2022-10-05 12:46:43 #14 type.registry] 
New type domain.Elkarrizketa

[2022-10-05 12:46:43 #15 type.registry] 
New type java.util.Vector<domain.Elkarrizketa>

[2022-10-05 12:46:43 #16 type.registry] 
New type domain.Message

[2022-10-05 12:46:43 #17 type.registry] 
New type java.util.Vector<domain.Message>

[2022-10-05 12:46:43 #18 type] 
Type domain.Registered is not enhanced.

[2022-10-05 12:46:43 #19 type.registry] 
New type domain.KirolEstatistikak

[2022-10-05 12:46:43 #20 type.registry] 
New type java.util.Vector<domain.KirolEstatistikak>

[2022-10-05 12:46:43 #21 type.registry] 
New type domain.Jarraitzailea

[2022-10-05 12:46:43 #22 type.registry] 
New type java.util.Vector<domain.Jarraitzailea>

[2022-10-05 12:46:43 #23 type.registry] 
New type domain.ApustuAnitza

[2022-10-05 12:46:43 #24 type.registry] 
New type java.util.Vector<domain.ApustuAnitza>

[2022-10-05 12:46:43 #25 type.registry] 
New type domain.Transaction

[2022-10-05 12:46:43 #26 type.registry] 
New type java.util.Vector<domain.Transaction>

[2022-10-05 12:46:43 #27 type] 
Type domain.Sport is not enhanced.

[2022-10-05 12:46:43 #28 type] 
Type domain.Question is not enhanced.

[2022-10-05 12:46:43 #29 type.registry] 
New type domain.Quote

[2022-10-05 12:46:43 #30 type.registry] 
New type java.util.Vector<domain.Quote>

[2022-10-05 12:46:43 #31 type] 
Type domain.Elkarrizketa is not enhanced.

[2022-10-05 12:46:43 #32 type] 
Type domain.Message is not enhanced.

[2022-10-05 12:46:43 #33 type] 
Type domain.KirolEstatistikak is not enhanced.

[2022-10-05 12:46:43 #34 type] 
Type domain.Jarraitzailea is not enhanced.

[2022-10-05 12:46:43 #35 type] 
Type domain.ApustuAnitza is not enhanced.

[2022-10-05 12:46:43 #36 type.registry] 
New type domain.Apustua

[2022-10-05 12:46:43 #37 type.registry] 
New type java.util.Vector<domain.Apustua>

[2022-10-05 12:46:43 #38 type] 
Type domain.Transaction is not enhanced.

[2022-10-05 12:46:43 #39 type] 
Type domain.Quote is not enhanced.

[2022-10-05 12:46:43 #40 type.registry] 
New type java.util.LinkedList<domain.Apustua>

[2022-10-05 12:46:43 #41 type] 
Type domain.Apustua is not enhanced.

[2022-10-05 12:46:43 #42 type.registry] 
New type domain.Admin

[2022-10-05 12:46:43 #43 type] 
Type domain.Admin is not enhanced.

[2022-10-05 12:46:43 #44 type.registry] 
New type java.util.Vector<java.lang.Object>

[2022-10-05 12:46:43 #45 type.registry] 
New type java.util.LinkedList<java.lang.Object>

------------------------------------------------------------------------------------------------------------------------

[2022-10-05 12:46:49 #1 store] 
Database 'C:\Users\Txomin\git\BetCompleted22\src\main\resources\bets.temp' has been recovered (tr. 1-11)

[2022-10-05 12:46:49 #2 store] 
Database 'C:\Users\Txomin\git\BetCompleted22\src\main\resources\bets.temp' is opened by 16328@DESKTOP-BO37II9

[2022-10-05 12:46:49 #3 type] 
Type domain.Team is not enhanced.

[2022-10-05 12:46:49 #4 type] 
Type domain.Event is not enhanced.

[2022-10-05 12:46:49 #5 type] 
Type domain.User is not enhanced.

[2022-10-05 12:46:49 #6 type] 
Type domain.Registered is not enhanced.

[2022-10-05 12:46:49 #7 type] 
Type domain.Sport is not enhanced.

[2022-10-05 12:46:49 #8 type] 
Type domain.Question is not enhanced.

[2022-10-05 12:46:49 #9 type] 
Type domain.Elkarrizketa is not enhanced.

[2022-10-05 12:46:49 #10 type] 
Type domain.Message is not enhanced.

[2022-10-05 12:46:49 #11 type] 
Type domain.KirolEstatistikak is not enhanced.

[2022-10-05 12:46:49 #12 type] 
Type domain.Jarraitzailea is not enhanced.

[2022-10-05 12:46:49 #13 type] 
Type domain.ApustuAnitza is not enhanced.

[2022-10-05 12:46:49 #14 type] 
Type domain.Transaction is not enhanced.

[2022-10-05 12:46:49 #15 type] 
Type domain.Quote is not enhanced.

[2022-10-05 12:46:49 #16 type] 
Type domain.Apustua is not enhanced.

[2022-10-05 12:46:49 #17 type] 
Type domain.Admin is not enhanced.

------------------------------------------------------------------------------------------------------------------------

[2022-10-05 12:48:35 #1 store] 
Database 'C:\Users\Txomin\git\BetCompleted22\src\main\resources\bets.temp' is opened by 3144@DESKTOP-BO37II9

[2022-10-05 12:48:35 #2 type.registry] 
New type domain.Team

[2022-10-05 12:48:35 #3 type] 
Type domain.Team is not enhanced.

[2022-10-05 12:48:35 #4 type.registry] 
New type domain.Event

[2022-10-05 12:48:35 #5 type.registry] 
New type java.util.Vector<domain.Event>

[2022-10-05 12:48:35 #6 type.registry] 
New type domain.User

[2022-10-05 12:48:35 #7 type.registry] 
New type domain.Registered

[2022-10-05 12:48:35 #8 type.registry] 
New type java.util.Vector<domain.Registered>

[2022-10-05 12:48:35 #9 type] 
Type domain.Event is not enhanced.

[2022-10-05 12:48:35 #10 type.registry] 
New type domain.Sport

[2022-10-05 12:48:35 #11 type.registry] 
New type domain.Question

[2022-10-05 12:48:35 #12 type.registry] 
New type java.util.Vector<domain.Question>

[2022-10-05 12:48:35 #13 type] 
Type domain.User is not enhanced.

[2022-10-05 12:48:35 #14 type.registry] 
New type domain.Elkarrizketa

[2022-10-05 12:48:35 #15 type.registry] 
New type java.util.Vector<domain.Elkarrizketa>

[2022-10-05 12:48:35 #16 type.registry] 
New type domain.Message

[2022-10-05 12:48:35 #17 type.registry] 
New type java.util.Vector<domain.Message>

[2022-10-05 12:48:35 #18 type] 
Type domain.Registered is not enhanced.

[2022-10-05 12:48:35 #19 type.registry] 
New type domain.KirolEstatistikak

[2022-10-05 12:48:35 #20 type.registry] 
New type java.util.Vector<domain.KirolEstatistikak>

[2022-10-05 12:48:35 #21 type.registry] 
New type domain.Jarraitzailea

[2022-10-05 12:48:35 #22 type.registry] 
New type java.util.Vector<domain.Jarraitzailea>

[2022-10-05 12:48:35 #23 type.registry] 
New type domain.ApustuAnitza

[2022-10-05 12:48:35 #24 type.registry] 
New type java.util.Vector<domain.ApustuAnitza>

[2022-10-05 12:48:35 #25 type.registry] 
New type domain.Transaction

[2022-10-05 12:48:35 #26 type.registry] 
New type java.util.Vector<domain.Transaction>

[2022-10-05 12:48:35 #27 type] 
Type domain.Sport is not enhanced.

[2022-10-05 12:48:35 #28 type] 
Type domain.Question is not enhanced.

[2022-10-05 12:48:35 #29 type.registry] 
New type domain.Quote

[2022-10-05 12:48:35 #30 type.registry] 
New type java.util.Vector<domain.Quote>

[2022-10-05 12:48:35 #31 type] 
Type domain.Elkarrizketa is not enhanced.

[2022-10-05 12:48:35 #32 type] 
Type domain.Message is not enhanced.

[2022-10-05 12:48:35 #33 type] 
Type domain.KirolEstatistikak is not enhanced.

[2022-10-05 12:48:35 #34 type] 
Type domain.Jarraitzailea is not enhanced.

[2022-10-05 12:48:35 #35 type] 
Type domain.ApustuAnitza is not enhanced.

[2022-10-05 12:48:35 #36 type.registry] 
New type domain.Apustua

[2022-10-05 12:48:35 #37 type.registry] 
New type java.util.Vector<domain.Apustua>

[2022-10-05 12:48:35 #38 type] 
Type domain.Transaction is not enhanced.

[2022-10-05 12:48:35 #39 type] 
Type domain.Quote is not enhanced.

[2022-10-05 12:48:35 #40 type.registry] 
New type java.util.LinkedList<domain.Apustua>

[2022-10-05 12:48:35 #41 type] 
Type domain.Apustua is not enhanced.

[2022-10-05 12:48:35 #42 type.registry] 
New type domain.Admin

[2022-10-05 12:48:35 #43 type] 
Type domain.Admin is not enhanced.

[2022-10-05 12:48:35 #44 type.registry] 
New type java.util.Vector<java.lang.Object>

[2022-10-05 12:48:35 #45 type.registry] 
New type java.util.LinkedList<java.lang.Object>

------------------------------------------------------------------------------------------------------------------------

[2022-10-05 12:48:41 #1 store] 
Database 'C:\Users\Txomin\git\BetCompleted22\src\main\resources\bets.temp' has been recovered (tr. 1-11)

[2022-10-05 12:48:41 #2 store] 
Database 'C:\Users\Txomin\git\BetCompleted22\src\main\resources\bets.temp' is opened by 16788@DESKTOP-BO37II9

[2022-10-05 12:48:41 #3 type] 
Type domain.Team is not enhanced.

[2022-10-05 12:48:41 #4 type] 
Type domain.Event is not enhanced.

[2022-10-05 12:48:41 #5 type] 
Type domain.User is not enhanced.

[2022-10-05 12:48:41 #6 type] 
Type domain.Registered is not enhanced.

[2022-10-05 12:48:41 #7 type] 
Type domain.Sport is not enhanced.

[2022-10-05 12:48:41 #8 type] 
Type domain.Question is not enhanced.

[2022-10-05 12:48:41 #9 type] 
Type domain.Elkarrizketa is not enhanced.

[2022-10-05 12:48:41 #10 type] 
Type domain.Message is not enhanced.

[2022-10-05 12:48:41 #11 type] 
Type domain.KirolEstatistikak is not enhanced.

[2022-10-05 12:48:41 #12 type] 
Type domain.Jarraitzailea is not enhanced.

[2022-10-05 12:48:41 #13 type] 
Type domain.ApustuAnitza is not enhanced.

[2022-10-05 12:48:41 #14 type] 
Type domain.Transaction is not enhanced.

[2022-10-05 12:48:41 #15 type] 
Type domain.Quote is not enhanced.

[2022-10-05 12:48:41 #16 type] 
Type domain.Apustua is not enhanced.

[2022-10-05 12:48:41 #17 type] 
Type domain.Admin is not enhanced.

------------------------------------------------------------------------------------------------------------------------

[2022-10-05 12:48:49 #1 store] 
Database 'C:\Users\Txomin\git\BetCompleted22\src\main\resources\bets.temp' has been recovered (tr. 12-41)

[2022-10-05 12:48:49 #2 store] 
Database 'C:\Users\Txomin\git\BetCompleted22\src\main\resources\bets.temp' is opened by 1456@DESKTOP-BO37II9

[2022-10-05 12:48:49 #3 type] 
Type domain.Team is not enhanced.

[2022-10-05 12:48:49 #4 type] 
Type domain.Event is not enhanced.

[2022-10-05 12:48:49 #5 type] 
Type domain.User is not enhanced.

[2022-10-05 12:48:49 #6 type] 
Type domain.Registered is not enhanced.

[2022-10-05 12:48:49 #7 type] 
Type domain.Sport is not enhanced.

[2022-10-05 12:48:49 #8 type] 
Type domain.Question is not enhanced.

[2022-10-05 12:48:49 #9 type] 
Type domain.Elkarrizketa is not enhanced.

[2022-10-05 12:48:49 #10 type] 
Type domain.Message is not enhanced.

[2022-10-05 12:48:49 #11 type] 
Type domain.KirolEstatistikak is not enhanced.

[2022-10-05 12:48:49 #12 type] 
Type domain.Jarraitzailea is not enhanced.

[2022-10-05 12:48:49 #13 type] 
Type domain.ApustuAnitza is not enhanced.

[2022-10-05 12:48:49 #14 type] 
Type domain.Transaction is not enhanced.

[2022-10-05 12:48:49 #15 type] 
Type domain.Quote is not enhanced.

[2022-10-05 12:48:49 #16 type] 
Type domain.Apustua is not enhanced.

[2022-10-05 12:48:49 #17 type] 
Type domain.Admin is not enhanced.

------------------------------------------------------------------------------------------------------------------------

[2022-10-05 12:51:55 #1 store] 
Database 'C:\Users\Txomin\git\BetCompleted22\src\main\resources\bets.temp' has been recovered (tr. 42-71)

[2022-10-05 12:51:55 #2 store] 
Database 'C:\Users\Txomin\git\BetCompleted22\src\main\resources\bets.temp' is opened by 16800@DESKTOP-BO37II9

[2022-10-05 12:51:55 #3 type] 
Type domain.Team is not enhanced.

[2022-10-05 12:51:55 #4 type] 
Type domain.Event is not enhanced.

[2022-10-05 12:51:55 #5 type] 
Type domain.User is not enhanced.

[2022-10-05 12:51:55 #6 type] 
Type domain.Registered is not enhanced.

[2022-10-05 12:51:55 #7 type] 
Type domain.Sport is not enhanced.

[2022-10-05 12:51:55 #8 type] 
Type domain.Question is not enhanced.

[2022-10-05 12:51:55 #9 type] 
Type domain.Elkarrizketa is not enhanced.

[2022-10-05 12:51:55 #10 type] 
Type domain.Message is not enhanced.

[2022-10-05 12:51:55 #11 type] 
Type domain.KirolEstatistikak is not enhanced.

[2022-10-05 12:51:55 #12 type] 
Type domain.Jarraitzailea is not enhanced.

[2022-10-05 12:51:55 #13 type] 
Type domain.ApustuAnitza is not enhanced.

[2022-10-05 12:51:55 #14 type] 
Type domain.Transaction is not enhanced.

[2022-10-05 12:51:55 #15 type] 
Type domain.Quote is not enhanced.

[2022-10-05 12:51:55 #16 type] 
Type domain.Apustua is not enhanced.

[2022-10-05 12:51:55 #17 type] 
Type domain.Admin is not enhanced.

------------------------------------------------------------------------------------------------------------------------

[2022-10-05 12:54:02 #1 store] 
Database 'C:\Users\Txomin\git\BetCompleted22\src\main\resources\bets.temp' has been recovered (tr. 72-101)

[2022-10-05 12:54:02 #2 store] 
Database 'C:\Users\Txomin\git\BetCompleted22\src\main\resources\bets.temp' is opened by 6948@DESKTOP-BO37II9

[2022-10-05 12:54:02 #3 type] 
Type domain.Team is not enhanced.

[2022-10-05 12:54:02 #4 type] 
Type domain.Event is not enhanced.

[2022-10-05 12:54:02 #5 type] 
Type domain.User is not enhanced.

[2022-10-05 12:54:02 #6 type] 
Type domain.Registered is not enhanced.

[2022-10-05 12:54:02 #7 type] 
Type domain.Sport is not enhanced.

[2022-10-05 12:54:02 #8 type] 
Type domain.Question is not enhanced.

[2022-10-05 12:54:02 #9 type] 
Type domain.Elkarrizketa is not enhanced.

[2022-10-05 12:54:02 #10 type] 
Type domain.Message is not enhanced.

[2022-10-05 12:54:02 #11 type] 
Type domain.KirolEstatistikak is not enhanced.

[2022-10-05 12:54:02 #12 type] 
Type domain.Jarraitzailea is not enhanced.

[2022-10-05 12:54:02 #13 type] 
Type domain.ApustuAnitza is not enhanced.

[2022-10-05 12:54:02 #14 type] 
Type domain.Transaction is not enhanced.

[2022-10-05 12:54:02 #15 type] 
Type domain.Quote is not enhanced.

[2022-10-05 12:54:02 #16 type] 
Type domain.Apustua is not enhanced.

[2022-10-05 12:54:02 #17 type] 
Type domain.Admin is not enhanced.

------------------------------------------------------------------------------------------------------------------------

[2022-10-05 12:55:12 #1 store] 
Database 'C:\Users\Txomin\git\BetCompleted22\src\main\resources\bets.temp' is opened by 15148@DESKTOP-BO37II9

[2022-10-05 12:55:13 #2 type.registry] 
New type domain.Team

[2022-10-05 12:55:13 #3 type] 
Type domain.Team is not enhanced.

[2022-10-05 12:55:13 #4 type.registry] 
New type domain.Event

[2022-10-05 12:55:13 #5 type.registry] 
New type java.util.Vector<domain.Event>

[2022-10-05 12:55:13 #6 type.registry] 
New type domain.User

[2022-10-05 12:55:13 #7 type.registry] 
New type domain.Registered

[2022-10-05 12:55:13 #8 type.registry] 
New type java.util.Vector<domain.Registered>

[2022-10-05 12:55:13 #9 type] 
Type domain.Event is not enhanced.

[2022-10-05 12:55:13 #10 type.registry] 
New type domain.Sport

[2022-10-05 12:55:13 #11 type.registry] 
New type domain.Question

[2022-10-05 12:55:13 #12 type.registry] 
New type java.util.Vector<domain.Question>

[2022-10-05 12:55:13 #13 type] 
Type domain.User is not enhanced.

[2022-10-05 12:55:13 #14 type.registry] 
New type domain.Elkarrizketa

[2022-10-05 12:55:13 #15 type.registry] 
New type java.util.Vector<domain.Elkarrizketa>

[2022-10-05 12:55:13 #16 type.registry] 
New type domain.Message

[2022-10-05 12:55:13 #17 type.registry] 
New type java.util.Vector<domain.Message>

[2022-10-05 12:55:13 #18 type] 
Type domain.Registered is not enhanced.

[2022-10-05 12:55:13 #19 type.registry] 
New type domain.KirolEstatistikak

[2022-10-05 12:55:13 #20 type.registry] 
New type java.util.Vector<domain.KirolEstatistikak>

[2022-10-05 12:55:13 #21 type.registry] 
New type domain.Jarraitzailea

[2022-10-05 12:55:13 #22 type.registry] 
New type java.util.Vector<domain.Jarraitzailea>

[2022-10-05 12:55:13 #23 type.registry] 
New type domain.ApustuAnitza

[2022-10-05 12:55:13 #24 type.registry] 
New type java.util.Vector<domain.ApustuAnitza>

[2022-10-05 12:55:13 #25 type.registry] 
New type domain.Transaction

[2022-10-05 12:55:13 #26 type.registry] 
New type java.util.Vector<domain.Transaction>

[2022-10-05 12:55:13 #27 type] 
Type domain.Sport is not enhanced.

[2022-10-05 12:55:13 #28 type] 
Type domain.Question is not enhanced.

[2022-10-05 12:55:13 #29 type.registry] 
New type domain.Quote

[2022-10-05 12:55:13 #30 type.registry] 
New type java.util.Vector<domain.Quote>

[2022-10-05 12:55:13 #31 type] 
Type domain.Elkarrizketa is not enhanced.

[2022-10-05 12:55:13 #32 type] 
Type domain.Message is not enhanced.

[2022-10-05 12:55:13 #33 type] 
Type domain.KirolEstatistikak is not enhanced.

[2022-10-05 12:55:13 #34 type] 
Type domain.Jarraitzailea is not enhanced.

[2022-10-05 12:55:13 #35 type] 
Type domain.ApustuAnitza is not enhanced.

[2022-10-05 12:55:13 #36 type.registry] 
New type domain.Apustua

[2022-10-05 12:55:13 #37 type.registry] 
New type java.util.Vector<domain.Apustua>

[2022-10-05 12:55:13 #38 type] 
Type domain.Transaction is not enhanced.

[2022-10-05 12:55:13 #39 type] 
Type domain.Quote is not enhanced.

[2022-10-05 12:55:13 #40 type.registry] 
New type java.util.LinkedList<domain.Apustua>

[2022-10-05 12:55:13 #41 type] 
Type domain.Apustua is not enhanced.

[2022-10-05 12:55:13 #42 type.registry] 
New type domain.Admin

[2022-10-05 12:55:13 #43 type] 
Type domain.Admin is not enhanced.

[2022-10-05 12:55:13 #44 type.registry] 
New type java.util.Vector<java.lang.Object>

[2022-10-05 12:55:13 #45 type.registry] 
New type java.util.LinkedList<java.lang.Object>

------------------------------------------------------------------------------------------------------------------------

[2022-10-05 12:55:21 #1 store] 
Database 'C:\Users\Txomin\git\BetCompleted22\src\main\resources\bets.temp' has been recovered (tr. 1-11)

[2022-10-05 12:55:22 #2 store] 
Database 'C:\Users\Txomin\git\BetCompleted22\src\main\resources\bets.temp' is opened by 13500@DESKTOP-BO37II9

[2022-10-05 12:55:22 #3 type] 
Type domain.Team is not enhanced.

[2022-10-05 12:55:22 #4 type] 
Type domain.Event is not enhanced.

[2022-10-05 12:55:22 #5 type] 
Type domain.User is not enhanced.

[2022-10-05 12:55:22 #6 type] 
Type domain.Registered is not enhanced.

[2022-10-05 12:55:22 #7 type] 
Type domain.Sport is not enhanced.

[2022-10-05 12:55:22 #8 type] 
Type domain.Question is not enhanced.

[2022-10-05 12:55:22 #9 type] 
Type domain.Elkarrizketa is not enhanced.

[2022-10-05 12:55:22 #10 type] 
Type domain.Message is not enhanced.

[2022-10-05 12:55:22 #11 type] 
Type domain.KirolEstatistikak is not enhanced.

[2022-10-05 12:55:22 #12 type] 
Type domain.Jarraitzailea is not enhanced.

[2022-10-05 12:55:22 #13 type] 
Type domain.ApustuAnitza is not enhanced.

[2022-10-05 12:55:22 #14 type] 
Type domain.Transaction is not enhanced.

[2022-10-05 12:55:22 #15 type] 
Type domain.Quote is not enhanced.

[2022-10-05 12:55:22 #16 type] 
Type domain.Apustua is not enhanced.

[2022-10-05 12:55:22 #17 type] 
Type domain.Admin is not enhanced.

------------------------------------------------------------------------------------------------------------------------

[2022-10-05 12:55:42 #1 store] 
Database 'C:\Users\Txomin\git\BetCompleted22\src\main\resources\bets.temp' has been recovered (tr. 12-41)

[2022-10-05 12:55:42 #2 store] 
Database 'C:\Users\Txomin\git\BetCompleted22\src\main\resources\bets.temp' is opened by 2460@DESKTOP-BO37II9

[2022-10-05 12:55:42 #3 type] 
Type domain.Team is not enhanced.

[2022-10-05 12:55:42 #4 type] 
Type domain.Event is not enhanced.

[2022-10-05 12:55:42 #5 type] 
Type domain.User is not enhanced.

[2022-10-05 12:55:42 #6 type] 
Type domain.Registered is not enhanced.

[2022-10-05 12:55:42 #7 type] 
Type domain.Sport is not enhanced.

[2022-10-05 12:55:42 #8 type] 
Type domain.Question is not enhanced.

[2022-10-05 12:55:42 #9 type] 
Type domain.Elkarrizketa is not enhanced.

[2022-10-05 12:55:42 #10 type] 
Type domain.Message is not enhanced.

[2022-10-05 12:55:42 #11 type] 
Type domain.KirolEstatistikak is not enhanced.

[2022-10-05 12:55:42 #12 type] 
Type domain.Jarraitzailea is not enhanced.

[2022-10-05 12:55:42 #13 type] 
Type domain.ApustuAnitza is not enhanced.

[2022-10-05 12:55:42 #14 type] 
Type domain.Transaction is not enhanced.

[2022-10-05 12:55:42 #15 type] 
Type domain.Quote is not enhanced.

[2022-10-05 12:55:42 #16 type] 
Type domain.Apustua is not enhanced.

[2022-10-05 12:55:42 #17 type] 
Type domain.Admin is not enhanced.

------------------------------------------------------------------------------------------------------------------------

[2022-10-05 18:33:08 #1 store] 
Database 'C:\Users\Txomin\git\BetCompleted22\src\main\resources\bets.temp' has been recovered (tr. 42-66)

[2022-10-05 18:33:08 #2 store] 
Database 'C:\Users\Txomin\git\BetCompleted22\src\main\resources\bets.temp' is opened by 11512@DESKTOP-BO37II9

[2022-10-05 18:33:08 #3 type] 
Type domain.Team is not enhanced.

[2022-10-05 18:33:08 #4 type] 
Type domain.Event is not enhanced.

[2022-10-05 18:33:08 #5 type] 
Type domain.User is not enhanced.

[2022-10-05 18:33:08 #6 type] 
Type domain.Registered is not enhanced.

[2022-10-05 18:33:08 #7 type] 
Type domain.Sport is not enhanced.

[2022-10-05 18:33:08 #8 type] 
Type domain.Question is not enhanced.

[2022-10-05 18:33:08 #9 type] 
Type domain.Elkarrizketa is not enhanced.

[2022-10-05 18:33:08 #10 type] 
Type domain.Message is not enhanced.

[2022-10-05 18:33:08 #11 type] 
Type domain.KirolEstatistikak is not enhanced.

[2022-10-05 18:33:08 #12 type] 
Type domain.Jarraitzailea is not enhanced.

[2022-10-05 18:33:08 #13 type] 
Type domain.ApustuAnitza is not enhanced.

[2022-10-05 18:33:08 #14 type] 
Type domain.Transaction is not enhanced.

[2022-10-05 18:33:08 #15 type] 
Type domain.Quote is not enhanced.

[2022-10-05 18:33:08 #16 type] 
Type domain.Apustua is not enhanced.

[2022-10-05 18:33:08 #17 type] 
Type domain.Admin is not enhanced.

------------------------------------------------------------------------------------------------------------------------

[2022-10-05 18:33:16 #1 store] 
Database 'C:\Users\Txomin\git\BetCompleted22\src\main\resources\bets.temp' is opened by 10636@DESKTOP-BO37II9

[2022-10-05 18:33:16 #2 type.registry] 
New type domain.Team

[2022-10-05 18:33:16 #3 type] 
Type domain.Team is not enhanced.

[2022-10-05 18:33:16 #4 type.registry] 
New type domain.Event

[2022-10-05 18:33:16 #5 type.registry] 
New type java.util.Vector<domain.Event>

[2022-10-05 18:33:17 #6 type.registry] 
New type domain.User

[2022-10-05 18:33:17 #7 type.registry] 
New type domain.Registered

[2022-10-05 18:33:17 #8 type.registry] 
New type java.util.Vector<domain.Registered>

[2022-10-05 18:33:17 #9 type] 
Type domain.Event is not enhanced.

[2022-10-05 18:33:17 #10 type.registry] 
New type domain.Sport

[2022-10-05 18:33:17 #11 type.registry] 
New type domain.Question

[2022-10-05 18:33:17 #12 type.registry] 
New type java.util.Vector<domain.Question>

[2022-10-05 18:33:17 #13 type] 
Type domain.User is not enhanced.

[2022-10-05 18:33:17 #14 type.registry] 
New type domain.Elkarrizketa

[2022-10-05 18:33:17 #15 type.registry] 
New type java.util.Vector<domain.Elkarrizketa>

[2022-10-05 18:33:17 #16 type.registry] 
New type domain.Message

[2022-10-05 18:33:17 #17 type.registry] 
New type java.util.Vector<domain.Message>

[2022-10-05 18:33:17 #18 type] 
Type domain.Registered is not enhanced.

[2022-10-05 18:33:17 #19 type.registry] 
New type domain.KirolEstatistikak

[2022-10-05 18:33:17 #20 type.registry] 
New type java.util.Vector<domain.KirolEstatistikak>

[2022-10-05 18:33:17 #21 type.registry] 
New type domain.Jarraitzailea

[2022-10-05 18:33:17 #22 type.registry] 
New type java.util.Vector<domain.Jarraitzailea>

[2022-10-05 18:33:17 #23 type.registry] 
New type domain.ApustuAnitza

[2022-10-05 18:33:17 #24 type.registry] 
New type java.util.Vector<domain.ApustuAnitza>

[2022-10-05 18:33:17 #25 type.registry] 
New type domain.Transaction

[2022-10-05 18:33:17 #26 type.registry] 
New type java.util.Vector<domain.Transaction>

[2022-10-05 18:33:17 #27 type] 
Type domain.Sport is not enhanced.

[2022-10-05 18:33:17 #28 type] 
Type domain.Question is not enhanced.

[2022-10-05 18:33:17 #29 type.registry] 
New type domain.Quote

[2022-10-05 18:33:17 #30 type.registry] 
New type java.util.Vector<domain.Quote>

[2022-10-05 18:33:17 #31 type] 
Type domain.Elkarrizketa is not enhanced.

[2022-10-05 18:33:17 #32 type] 
Type domain.Message is not enhanced.

[2022-10-05 18:33:17 #33 type] 
Type domain.KirolEstatistikak is not enhanced.

[2022-10-05 18:33:17 #34 type] 
Type domain.Jarraitzailea is not enhanced.

[2022-10-05 18:33:17 #35 type] 
Type domain.ApustuAnitza is not enhanced.

[2022-10-05 18:33:17 #36 type.registry] 
New type domain.Apustua

[2022-10-05 18:33:17 #37 type.registry] 
New type java.util.Vector<domain.Apustua>

[2022-10-05 18:33:17 #38 type] 
Type domain.Transaction is not enhanced.

[2022-10-05 18:33:17 #39 type] 
Type domain.Quote is not enhanced.

[2022-10-05 18:33:17 #40 type.registry] 
New type java.util.LinkedList<domain.Apustua>

[2022-10-05 18:33:17 #41 type] 
Type domain.Apustua is not enhanced.

[2022-10-05 18:33:17 #42 type.registry] 
New type domain.Admin

[2022-10-05 18:33:17 #43 type] 
Type domain.Admin is not enhanced.

[2022-10-05 18:33:17 #44 type.registry] 
New type java.util.Vector<java.lang.Object>

[2022-10-05 18:33:17 #45 type.registry] 
New type java.util.LinkedList<java.lang.Object>

------------------------------------------------------------------------------------------------------------------------

[2022-10-05 18:33:24 #1 store] 
Database 'C:\Users\Txomin\git\BetCompleted22\src\main\resources\bets.temp' has been recovered (tr. 1-11)

[2022-10-05 18:33:24 #2 store] 
Database 'C:\Users\Txomin\git\BetCompleted22\src\main\resources\bets.temp' is opened by 1548@DESKTOP-BO37II9

[2022-10-05 18:33:24 #3 type] 
Type domain.Team is not enhanced.

[2022-10-05 18:33:24 #4 type] 
Type domain.Event is not enhanced.

[2022-10-05 18:33:24 #5 type] 
Type domain.User is not enhanced.

[2022-10-05 18:33:24 #6 type] 
Type domain.Registered is not enhanced.

[2022-10-05 18:33:24 #7 type] 
Type domain.Sport is not enhanced.

[2022-10-05 18:33:24 #8 type] 
Type domain.Question is not enhanced.

[2022-10-05 18:33:24 #9 type] 
Type domain.Elkarrizketa is not enhanced.

[2022-10-05 18:33:24 #10 type] 
Type domain.Message is not enhanced.

[2022-10-05 18:33:24 #11 type] 
Type domain.KirolEstatistikak is not enhanced.

[2022-10-05 18:33:24 #12 type] 
Type domain.Jarraitzailea is not enhanced.

[2022-10-05 18:33:24 #13 type] 
Type domain.ApustuAnitza is not enhanced.

[2022-10-05 18:33:24 #14 type] 
Type domain.Transaction is not enhanced.

[2022-10-05 18:33:24 #15 type] 
Type domain.Quote is not enhanced.

[2022-10-05 18:33:24 #16 type] 
Type domain.Apustua is not enhanced.

[2022-10-05 18:33:24 #17 type] 
Type domain.Admin is not enhanced.

------------------------------------------------------------------------------------------------------------------------

[2022-10-05 18:36:47 #1 store] 
Database 'C:\Users\Txomin\git\BetCompleted22\src\main\resources\bets.temp' has been recovered (tr. 12-41)

[2022-10-05 18:36:47 #2 store] 
Database 'C:\Users\Txomin\git\BetCompleted22\src\main\resources\bets.temp' is opened by 7772@DESKTOP-BO37II9

[2022-10-05 18:36:47 #3 type] 
Type domain.Team is not enhanced.

[2022-10-05 18:36:47 #4 type] 
Type domain.Event is not enhanced.

[2022-10-05 18:36:47 #5 type] 
Type domain.User is not enhanced.

[2022-10-05 18:36:47 #6 type] 
Type domain.Registered is not enhanced.

[2022-10-05 18:36:47 #7 type] 
Type domain.Sport is not enhanced.

[2022-10-05 18:36:47 #8 type] 
Type domain.Question is not enhanced.

[2022-10-05 18:36:47 #9 type] 
Type domain.Elkarrizketa is not enhanced.

[2022-10-05 18:36:47 #10 type] 
Type domain.Message is not enhanced.

[2022-10-05 18:36:47 #11 type] 
Type domain.KirolEstatistikak is not enhanced.

[2022-10-05 18:36:47 #12 type] 
Type domain.Jarraitzailea is not enhanced.

[2022-10-05 18:36:47 #13 type] 
Type domain.ApustuAnitza is not enhanced.

[2022-10-05 18:36:47 #14 type] 
Type domain.Transaction is not enhanced.

[2022-10-05 18:36:47 #15 type] 
Type domain.Quote is not enhanced.

[2022-10-05 18:36:47 #16 type] 
Type domain.Apustua is not enhanced.

[2022-10-05 18:36:47 #17 type] 
Type domain.Admin is not enhanced.

------------------------------------------------------------------------------------------------------------------------

[2022-10-05 18:40:14 #1 store] 
Database 'C:\Users\Txomin\git\BetCompleted22\src\main\resources\bets.temp' has been recovered (tr. 42-71)

[2022-10-05 18:40:14 #2 store] 
Database 'C:\Users\Txomin\git\BetCompleted22\src\main\resources\bets.temp' is opened by 19952@DESKTOP-BO37II9

[2022-10-05 18:40:14 #3 type] 
Type domain.Team is not enhanced.

[2022-10-05 18:40:14 #4 type] 
Type domain.Event is not enhanced.

[2022-10-05 18:40:14 #5 type] 
Type domain.User is not enhanced.

[2022-10-05 18:40:14 #6 type] 
Type domain.Registered is not enhanced.

[2022-10-05 18:40:14 #7 type] 
Type domain.Sport is not enhanced.

[2022-10-05 18:40:14 #8 type] 
Type domain.Question is not enhanced.

[2022-10-05 18:40:14 #9 type] 
Type domain.Elkarrizketa is not enhanced.

[2022-10-05 18:40:14 #10 type] 
Type domain.Message is not enhanced.

[2022-10-05 18:40:14 #11 type] 
Type domain.KirolEstatistikak is not enhanced.

[2022-10-05 18:40:14 #12 type] 
Type domain.Jarraitzailea is not enhanced.

[2022-10-05 18:40:14 #13 type] 
Type domain.ApustuAnitza is not enhanced.

[2022-10-05 18:40:14 #14 type] 
Type domain.Transaction is not enhanced.

[2022-10-05 18:40:14 #15 type] 
Type domain.Quote is not enhanced.

[2022-10-05 18:40:14 #16 type] 
Type domain.Apustua is not enhanced.

[2022-10-05 18:40:14 #17 type] 
Type domain.Admin is not enhanced.

------------------------------------------------------------------------------------------------------------------------

[2022-10-05 18:41:58 #1 store] 
Database 'C:\Users\Txomin\git\BetCompleted22\src\main\resources\bets.temp' is opened by 14908@DESKTOP-BO37II9

[2022-10-05 18:41:58 #2 type.registry] 
New type domain.Team

[2022-10-05 18:41:58 #3 type] 
Type domain.Team is not enhanced.

[2022-10-05 18:41:58 #4 type.registry] 
New type domain.Event

[2022-10-05 18:41:58 #5 type.registry] 
New type java.util.Vector<domain.Event>

[2022-10-05 18:41:58 #6 type.registry] 
New type domain.User

[2022-10-05 18:41:58 #7 type.registry] 
New type domain.Registered

[2022-10-05 18:41:58 #8 type.registry] 
New type java.util.Vector<domain.Registered>

[2022-10-05 18:41:58 #9 type] 
Type domain.Event is not enhanced.

[2022-10-05 18:41:58 #10 type.registry] 
New type domain.Sport

[2022-10-05 18:41:58 #11 type.registry] 
New type domain.Question

[2022-10-05 18:41:58 #12 type.registry] 
New type java.util.Vector<domain.Question>

[2022-10-05 18:41:58 #13 type] 
Type domain.User is not enhanced.

[2022-10-05 18:41:58 #14 type.registry] 
New type domain.Elkarrizketa

[2022-10-05 18:41:58 #15 type.registry] 
New type java.util.Vector<domain.Elkarrizketa>

[2022-10-05 18:41:58 #16 type.registry] 
New type domain.Message

[2022-10-05 18:41:58 #17 type.registry] 
New type java.util.Vector<domain.Message>

[2022-10-05 18:41:58 #18 type] 
Type domain.Registered is not enhanced.

[2022-10-05 18:41:58 #19 type.registry] 
New type domain.KirolEstatistikak

[2022-10-05 18:41:58 #20 type.registry] 
New type java.util.Vector<domain.KirolEstatistikak>

[2022-10-05 18:41:58 #21 type.registry] 
New type domain.Jarraitzailea

[2022-10-05 18:41:58 #22 type.registry] 
New type java.util.Vector<domain.Jarraitzailea>

[2022-10-05 18:41:58 #23 type.registry] 
New type domain.ApustuAnitza

[2022-10-05 18:41:58 #24 type.registry] 
New type java.util.Vector<domain.ApustuAnitza>

[2022-10-05 18:41:58 #25 type.registry] 
New type domain.Transaction

[2022-10-05 18:41:58 #26 type.registry] 
New type java.util.Vector<domain.Transaction>

[2022-10-05 18:41:58 #27 type] 
Type domain.Sport is not enhanced.

[2022-10-05 18:41:58 #28 type] 
Type domain.Question is not enhanced.

[2022-10-05 18:41:58 #29 type.registry] 
New type domain.Quote

[2022-10-05 18:41:58 #30 type.registry] 
New type java.util.Vector<domain.Quote>

[2022-10-05 18:41:58 #31 type] 
Type domain.Elkarrizketa is not enhanced.

[2022-10-05 18:41:58 #32 type] 
Type domain.Message is not enhanced.

[2022-10-05 18:41:58 #33 type] 
Type domain.KirolEstatistikak is not enhanced.

[2022-10-05 18:41:58 #34 type] 
Type domain.Jarraitzailea is not enhanced.

[2022-10-05 18:41:58 #35 type] 
Type domain.ApustuAnitza is not enhanced.

[2022-10-05 18:41:58 #36 type.registry] 
New type domain.Apustua

[2022-10-05 18:41:58 #37 type.registry] 
New type java.util.Vector<domain.Apustua>

[2022-10-05 18:41:58 #38 type] 
Type domain.Transaction is not enhanced.

[2022-10-05 18:41:58 #39 type] 
Type domain.Quote is not enhanced.

[2022-10-05 18:41:58 #40 type.registry] 
New type java.util.LinkedList<domain.Apustua>

[2022-10-05 18:41:58 #41 type] 
Type domain.Apustua is not enhanced.

[2022-10-05 18:41:58 #42 type.registry] 
New type domain.Admin

[2022-10-05 18:41:58 #43 type] 
Type domain.Admin is not enhanced.

[2022-10-05 18:41:58 #44 type.registry] 
New type java.util.Vector<java.lang.Object>

[2022-10-05 18:41:58 #45 type.registry] 
New type java.util.LinkedList<java.lang.Object>

------------------------------------------------------------------------------------------------------------------------

[2022-10-05 18:42:03 #1 store] 
Database 'C:\Users\Txomin\git\BetCompleted22\src\main\resources\bets.temp' has been recovered (tr. 1-11)

[2022-10-05 18:42:03 #2 store] 
Database 'C:\Users\Txomin\git\BetCompleted22\src\main\resources\bets.temp' is opened by 7136@DESKTOP-BO37II9

[2022-10-05 18:42:03 #3 type] 
Type domain.Team is not enhanced.

[2022-10-05 18:42:03 #4 type] 
Type domain.Event is not enhanced.

[2022-10-05 18:42:03 #5 type] 
Type domain.User is not enhanced.

[2022-10-05 18:42:03 #6 type] 
Type domain.Registered is not enhanced.

[2022-10-05 18:42:03 #7 type] 
Type domain.Sport is not enhanced.

[2022-10-05 18:42:03 #8 type] 
Type domain.Question is not enhanced.

[2022-10-05 18:42:03 #9 type] 
Type domain.Elkarrizketa is not enhanced.

[2022-10-05 18:42:03 #10 type] 
Type domain.Message is not enhanced.

[2022-10-05 18:42:03 #11 type] 
Type domain.KirolEstatistikak is not enhanced.

[2022-10-05 18:42:03 #12 type] 
Type domain.Jarraitzailea is not enhanced.

[2022-10-05 18:42:03 #13 type] 
Type domain.ApustuAnitza is not enhanced.

[2022-10-05 18:42:03 #14 type] 
Type domain.Transaction is not enhanced.

[2022-10-05 18:42:03 #15 type] 
Type domain.Quote is not enhanced.

[2022-10-05 18:42:03 #16 type] 
Type domain.Apustua is not enhanced.

[2022-10-05 18:42:03 #17 type] 
Type domain.Admin is not enhanced.

------------------------------------------------------------------------------------------------------------------------

[2022-10-05 18:43:44 #1 store] 
Database 'C:\Users\Txomin\git\BetCompleted22\src\main\resources\bets.temp' is opened by 3728@DESKTOP-BO37II9

[2022-10-05 18:43:44 #2 type.registry] 
New type domain.Team

[2022-10-05 18:43:44 #3 type] 
Type domain.Team is not enhanced.

[2022-10-05 18:43:44 #4 type.registry] 
New type domain.Event

[2022-10-05 18:43:44 #5 type.registry] 
New type java.util.Vector<domain.Event>

[2022-10-05 18:43:44 #6 type.registry] 
New type domain.User

[2022-10-05 18:43:44 #7 type.registry] 
New type domain.Registered

[2022-10-05 18:43:44 #8 type.registry] 
New type java.util.Vector<domain.Registered>

[2022-10-05 18:43:44 #9 type] 
Type domain.Event is not enhanced.

[2022-10-05 18:43:44 #10 type.registry] 
New type domain.Sport

[2022-10-05 18:43:44 #11 type.registry] 
New type domain.Question

[2022-10-05 18:43:44 #12 type.registry] 
New type java.util.Vector<domain.Question>

[2022-10-05 18:43:44 #13 type] 
Type domain.User is not enhanced.

[2022-10-05 18:43:44 #14 type.registry] 
New type domain.Elkarrizketa

[2022-10-05 18:43:44 #15 type.registry] 
New type java.util.Vector<domain.Elkarrizketa>

[2022-10-05 18:43:44 #16 type.registry] 
New type domain.Message

[2022-10-05 18:43:44 #17 type.registry] 
New type java.util.Vector<domain.Message>

[2022-10-05 18:43:44 #18 type] 
Type domain.Registered is not enhanced.

[2022-10-05 18:43:44 #19 type.registry] 
New type domain.KirolEstatistikak

[2022-10-05 18:43:44 #20 type.registry] 
New type java.util.Vector<domain.KirolEstatistikak>

[2022-10-05 18:43:44 #21 type.registry] 
New type domain.Jarraitzailea

[2022-10-05 18:43:44 #22 type.registry] 
New type java.util.Vector<domain.Jarraitzailea>

[2022-10-05 18:43:44 #23 type.registry] 
New type domain.ApustuAnitza

[2022-10-05 18:43:44 #24 type.registry] 
New type java.util.Vector<domain.ApustuAnitza>

[2022-10-05 18:43:44 #25 type.registry] 
New type domain.Transaction

[2022-10-05 18:43:44 #26 type.registry] 
New type java.util.Vector<domain.Transaction>

[2022-10-05 18:43:44 #27 type] 
Type domain.Sport is not enhanced.

[2022-10-05 18:43:44 #28 type] 
Type domain.Question is not enhanced.

[2022-10-05 18:43:44 #29 type.registry] 
New type domain.Quote

[2022-10-05 18:43:44 #30 type.registry] 
New type java.util.Vector<domain.Quote>

[2022-10-05 18:43:44 #31 type] 
Type domain.Elkarrizketa is not enhanced.

[2022-10-05 18:43:44 #32 type] 
Type domain.Message is not enhanced.

[2022-10-05 18:43:44 #33 type] 
Type domain.KirolEstatistikak is not enhanced.

[2022-10-05 18:43:44 #34 type] 
Type domain.Jarraitzailea is not enhanced.

[2022-10-05 18:43:44 #35 type] 
Type domain.ApustuAnitza is not enhanced.

[2022-10-05 18:43:44 #36 type.registry] 
New type domain.Apustua

[2022-10-05 18:43:44 #37 type.registry] 
New type java.util.Vector<domain.Apustua>

[2022-10-05 18:43:44 #38 type] 
Type domain.Transaction is not enhanced.

[2022-10-05 18:43:44 #39 type] 
Type domain.Quote is not enhanced.

[2022-10-05 18:43:44 #40 type.registry] 
New type java.util.LinkedList<domain.Apustua>

[2022-10-05 18:43:44 #41 type] 
Type domain.Apustua is not enhanced.

[2022-10-05 18:43:44 #42 type.registry] 
New type domain.Admin

[2022-10-05 18:43:44 #43 type] 
Type domain.Admin is not enhanced.

[2022-10-05 18:43:44 #44 type.registry] 
New type java.util.Vector<java.lang.Object>

[2022-10-05 18:43:44 #45 type.registry] 
New type java.util.LinkedList<java.lang.Object>

------------------------------------------------------------------------------------------------------------------------

[2022-10-05 18:43:48 #1 store] 
Database 'C:\Users\Txomin\git\BetCompleted22\src\main\resources\bets.temp' is opened by 10224@DESKTOP-BO37II9

[2022-10-05 18:43:48 #2 type.registry] 
New type domain.Team

[2022-10-05 18:43:48 #3 type] 
Type domain.Team is not enhanced.

[2022-10-05 18:43:48 #4 type.registry] 
New type domain.Event

[2022-10-05 18:43:48 #5 type.registry] 
New type java.util.Vector<domain.Event>

[2022-10-05 18:43:48 #6 type.registry] 
New type domain.User

[2022-10-05 18:43:48 #7 type.registry] 
New type domain.Registered

[2022-10-05 18:43:48 #8 type.registry] 
New type java.util.Vector<domain.Registered>

[2022-10-05 18:43:48 #9 type] 
Type domain.Event is not enhanced.

[2022-10-05 18:43:48 #10 type.registry] 
New type domain.Sport

[2022-10-05 18:43:48 #11 type.registry] 
New type domain.Question

[2022-10-05 18:43:48 #12 type.registry] 
New type java.util.Vector<domain.Question>

[2022-10-05 18:43:48 #13 type] 
Type domain.User is not enhanced.

[2022-10-05 18:43:48 #14 type.registry] 
New type domain.Elkarrizketa

[2022-10-05 18:43:48 #15 type.registry] 
New type java.util.Vector<domain.Elkarrizketa>

[2022-10-05 18:43:48 #16 type.registry] 
New type domain.Message

[2022-10-05 18:43:48 #17 type.registry] 
New type java.util.Vector<domain.Message>

[2022-10-05 18:43:48 #18 type] 
Type domain.Registered is not enhanced.

[2022-10-05 18:43:48 #19 type.registry] 
New type domain.KirolEstatistikak

[2022-10-05 18:43:48 #20 type.registry] 
New type java.util.Vector<domain.KirolEstatistikak>

[2022-10-05 18:43:48 #21 type.registry] 
New type domain.Jarraitzailea

[2022-10-05 18:43:48 #22 type.registry] 
New type java.util.Vector<domain.Jarraitzailea>

[2022-10-05 18:43:48 #23 type.registry] 
New type domain.ApustuAnitza

[2022-10-05 18:43:48 #24 type.registry] 
New type java.util.Vector<domain.ApustuAnitza>

[2022-10-05 18:43:48 #25 type.registry] 
New type domain.Transaction

[2022-10-05 18:43:48 #26 type.registry] 
New type java.util.Vector<domain.Transaction>

[2022-10-05 18:43:48 #27 type] 
Type domain.Sport is not enhanced.

[2022-10-05 18:43:48 #28 type] 
Type domain.Question is not enhanced.

[2022-10-05 18:43:48 #29 type.registry] 
New type domain.Quote

[2022-10-05 18:43:48 #30 type.registry] 
New type java.util.Vector<domain.Quote>

[2022-10-05 18:43:48 #31 type] 
Type domain.Elkarrizketa is not enhanced.

[2022-10-05 18:43:48 #32 type] 
Type domain.Message is not enhanced.

[2022-10-05 18:43:48 #33 type] 
Type domain.KirolEstatistikak is not enhanced.

[2022-10-05 18:43:48 #34 type] 
Type domain.Jarraitzailea is not enhanced.

[2022-10-05 18:43:48 #35 type] 
Type domain.ApustuAnitza is not enhanced.

[2022-10-05 18:43:48 #36 type.registry] 
New type domain.Apustua

[2022-10-05 18:43:48 #37 type.registry] 
New type java.util.Vector<domain.Apustua>

[2022-10-05 18:43:48 #38 type] 
Type domain.Transaction is not enhanced.

[2022-10-05 18:43:48 #39 type] 
Type domain.Quote is not enhanced.

[2022-10-05 18:43:48 #40 type.registry] 
New type java.util.LinkedList<domain.Apustua>

[2022-10-05 18:43:48 #41 type] 
Type domain.Apustua is not enhanced.

[2022-10-05 18:43:48 #42 type.registry] 
New type domain.Admin

[2022-10-05 18:43:48 #43 type] 
Type domain.Admin is not enhanced.

[2022-10-05 18:43:48 #44 type.registry] 
New type java.util.Vector<java.lang.Object>

[2022-10-05 18:43:48 #45 type.registry] 
New type java.util.LinkedList<java.lang.Object>

------------------------------------------------------------------------------------------------------------------------

[2022-10-05 18:43:51 #1 store] 
Database 'C:\Users\Txomin\git\BetCompleted22\src\main\resources\bets.temp' has been recovered (tr. 1-11)

[2022-10-05 18:43:51 #2 store] 
Database 'C:\Users\Txomin\git\BetCompleted22\src\main\resources\bets.temp' is opened by 6184@DESKTOP-BO37II9

[2022-10-05 18:43:51 #3 type] 
Type domain.Team is not enhanced.

[2022-10-05 18:43:51 #4 type] 
Type domain.Event is not enhanced.

[2022-10-05 18:43:51 #5 type] 
Type domain.User is not enhanced.

[2022-10-05 18:43:51 #6 type] 
Type domain.Registered is not enhanced.

[2022-10-05 18:43:51 #7 type] 
Type domain.Sport is not enhanced.

[2022-10-05 18:43:51 #8 type] 
Type domain.Question is not enhanced.

[2022-10-05 18:43:51 #9 type] 
Type domain.Elkarrizketa is not enhanced.

[2022-10-05 18:43:51 #10 type] 
Type domain.Message is not enhanced.

[2022-10-05 18:43:51 #11 type] 
Type domain.KirolEstatistikak is not enhanced.

[2022-10-05 18:43:51 #12 type] 
Type domain.Jarraitzailea is not enhanced.

[2022-10-05 18:43:51 #13 type] 
Type domain.ApustuAnitza is not enhanced.

[2022-10-05 18:43:51 #14 type] 
Type domain.Transaction is not enhanced.

[2022-10-05 18:43:51 #15 type] 
Type domain.Quote is not enhanced.

[2022-10-05 18:43:51 #16 type] 
Type domain.Apustua is not enhanced.

[2022-10-05 18:43:51 #17 type] 
Type domain.Admin is not enhanced.

