------------------------------------------------------------------------------------------------------------------------

[2022-10-03 15:47:06 #1 store] 
Database 'C:\Users\Alex\git\BetCompleted22\src\main\resources\bets.temp' has been recovered (tr. 13-64)

[2022-10-03 15:47:06 #2 store] 
Database 'C:\Users\Alex\git\BetCompleted22\src\main\resources\bets.temp' is opened by 2280@DESKTOP-V42EGP8

[2022-10-03 15:47:06 #3 type] 
Type domain.Team is not enhanced.

[2022-10-03 15:47:06 #4 type] 
Type domain.Event is not enhanced.

[2022-10-03 15:47:07 #5 type] 
Type domain.User is not enhanced.

[2022-10-03 15:47:07 #6 type] 
Type domain.Registered is not enhanced.

[2022-10-03 15:47:07 #7 type] 
Type domain.Sport is not enhanced.

[2022-10-03 15:47:07 #8 type] 
Type domain.Question is not enhanced.

[2022-10-03 15:47:07 #9 type] 
Type domain.Elkarrizketa is not enhanced.

[2022-10-03 15:47:07 #10 type] 
Type domain.Message is not enhanced.

[2022-10-03 15:47:07 #11 type] 
Type domain.KirolEstatistikak is not enhanced.

[2022-10-03 15:47:07 #12 type] 
Type domain.Jarraitzailea is not enhanced.

[2022-10-03 15:47:07 #13 type] 
Type domain.ApustuAnitza is not enhanced.

[2022-10-03 15:47:07 #14 type] 
Type domain.Transaction is not enhanced.

[2022-10-03 15:47:07 #15 type] 
Type domain.Quote is not enhanced.

[2022-10-03 15:47:07 #16 type] 
Type domain.Apustua is not enhanced.

[2022-10-03 15:47:07 #17 type] 
Type domain.Admin is not enhanced.

------------------------------------------------------------------------------------------------------------------------

[2022-10-03 15:47:12 #1 store] 
Database 'C:\Users\Alex\git\BetCompleted22\src\main\resources\bets.temp' has been recovered (tr. 65-92)

[2022-10-03 15:47:12 #2 store] 
Database 'C:\Users\Alex\git\BetCompleted22\src\main\resources\bets.temp' is opened by 604@DESKTOP-V42EGP8

[2022-10-03 15:47:12 #3 type] 
Type domain.Team is not enhanced.

[2022-10-03 15:47:12 #4 type] 
Type domain.Event is not enhanced.

[2022-10-03 15:47:12 #5 type] 
Type domain.User is not enhanced.

[2022-10-03 15:47:12 #6 type] 
Type domain.Registered is not enhanced.

[2022-10-03 15:47:12 #7 type] 
Type domain.Sport is not enhanced.

[2022-10-03 15:47:12 #8 type] 
Type domain.Question is not enhanced.

[2022-10-03 15:47:12 #9 type] 
Type domain.Elkarrizketa is not enhanced.

[2022-10-03 15:47:12 #10 type] 
Type domain.Message is not enhanced.

[2022-10-03 15:47:12 #11 type] 
Type domain.KirolEstatistikak is not enhanced.

[2022-10-03 15:47:12 #12 type] 
Type domain.Jarraitzailea is not enhanced.

[2022-10-03 15:47:12 #13 type] 
Type domain.ApustuAnitza is not enhanced.

[2022-10-03 15:47:12 #14 type] 
Type domain.Transaction is not enhanced.

[2022-10-03 15:47:12 #15 type] 
Type domain.Quote is not enhanced.

[2022-10-03 15:47:12 #16 type] 
Type domain.Apustua is not enhanced.

[2022-10-03 15:47:12 #17 type] 
Type domain.Admin is not enhanced.

------------------------------------------------------------------------------------------------------------------------

[2022-10-03 15:47:17 #1 store] 
Database 'C:\Users\Alex\git\BetCompleted22\src\main\resources\bets.temp' has been recovered (tr. 93-148)

[2022-10-03 15:47:17 #2 store] 
Database 'C:\Users\Alex\git\BetCompleted22\src\main\resources\bets.temp' is opened by 11016@DESKTOP-V42EGP8

[2022-10-03 15:47:17 #3 type] 
Type domain.Team is not enhanced.

[2022-10-03 15:47:17 #4 type] 
Type domain.Event is not enhanced.

[2022-10-03 15:47:17 #5 type] 
Type domain.User is not enhanced.

[2022-10-03 15:47:17 #6 type] 
Type domain.Registered is not enhanced.

[2022-10-03 15:47:17 #7 type] 
Type domain.Sport is not enhanced.

[2022-10-03 15:47:17 #8 type] 
Type domain.Question is not enhanced.

[2022-10-03 15:47:17 #9 type] 
Type domain.Elkarrizketa is not enhanced.

[2022-10-03 15:47:17 #10 type] 
Type domain.Message is not enhanced.

[2022-10-03 15:47:17 #11 type] 
Type domain.KirolEstatistikak is not enhanced.

[2022-10-03 15:47:17 #12 type] 
Type domain.Jarraitzailea is not enhanced.

[2022-10-03 15:47:17 #13 type] 
Type domain.ApustuAnitza is not enhanced.

[2022-10-03 15:47:17 #14 type] 
Type domain.Transaction is not enhanced.

[2022-10-03 15:47:17 #15 type] 
Type domain.Quote is not enhanced.

[2022-10-03 15:47:17 #16 type] 
Type domain.Apustua is not enhanced.

[2022-10-03 15:47:17 #17 type] 
Type domain.Admin is not enhanced.

