------------------------------------------------------------------------------------------------------------------------

[2022-10-05 17:17:28 #1 store] 
Database 'C:\Users\Alex\git\BetCompleted22\src\main\resources\bets.temp' has been recovered (tr. 635-667)

[2022-10-05 17:17:28 #2 store] 
Database 'C:\Users\Alex\git\BetCompleted22\src\main\resources\bets.temp' is opened by 15576@DESKTOP-V42EGP8

[2022-10-05 17:17:28 #3 type] 
Type domain.Team is not enhanced.

[2022-10-05 17:17:28 #4 type] 
Type domain.Event is not enhanced.

[2022-10-05 17:17:28 #5 type] 
Type domain.User is not enhanced.

[2022-10-05 17:17:28 #6 type] 
Type domain.Registered is not enhanced.

[2022-10-05 17:17:28 #7 type] 
Type domain.Sport is not enhanced.

[2022-10-05 17:17:28 #8 type] 
Type domain.Question is not enhanced.

[2022-10-05 17:17:28 #9 type] 
Type domain.Elkarrizketa is not enhanced.

[2022-10-05 17:17:28 #10 type] 
Type domain.Message is not enhanced.

[2022-10-05 17:17:28 #11 type] 
Type domain.KirolEstatistikak is not enhanced.

[2022-10-05 17:17:28 #12 type] 
Type domain.Jarraitzailea is not enhanced.

[2022-10-05 17:17:28 #13 type] 
Type domain.ApustuAnitza is not enhanced.

[2022-10-05 17:17:28 #14 type] 
Type domain.Transaction is not enhanced.

[2022-10-05 17:17:28 #15 type] 
Type domain.Quote is not enhanced.

[2022-10-05 17:17:28 #16 type] 
Type domain.Apustua is not enhanced.

[2022-10-05 17:17:28 #17 type] 
Type domain.Admin is not enhanced.

------------------------------------------------------------------------------------------------------------------------

[2022-10-05 21:07:23 #1 store] 
Database 'C:\Users\Alex\git\BetCompleted22\src\main\resources\bets.temp' has been recovered (tr. 668-696)

[2022-10-05 21:07:23 #2 store] 
Database 'C:\Users\Alex\git\BetCompleted22\src\main\resources\bets.temp' is opened by 5116@DESKTOP-V42EGP8

[2022-10-05 21:07:23 #3 type] 
Type domain.Team is not enhanced.

[2022-10-05 21:07:23 #4 type] 
Type domain.Event is not enhanced.

[2022-10-05 21:07:23 #5 type] 
Type domain.User is not enhanced.

[2022-10-05 21:07:23 #6 type] 
Type domain.Registered is not enhanced.

[2022-10-05 21:07:23 #7 type] 
Type domain.Sport is not enhanced.

[2022-10-05 21:07:23 #8 type] 
Type domain.Question is not enhanced.

[2022-10-05 21:07:23 #9 type] 
Type domain.Elkarrizketa is not enhanced.

[2022-10-05 21:07:23 #10 type] 
Type domain.Message is not enhanced.

[2022-10-05 21:07:23 #11 type] 
Type domain.KirolEstatistikak is not enhanced.

[2022-10-05 21:07:23 #12 type] 
Type domain.Jarraitzailea is not enhanced.

[2022-10-05 21:07:23 #13 type] 
Type domain.ApustuAnitza is not enhanced.

[2022-10-05 21:07:23 #14 type] 
Type domain.Transaction is not enhanced.

[2022-10-05 21:07:23 #15 type] 
Type domain.Quote is not enhanced.

[2022-10-05 21:07:23 #16 type] 
Type domain.Apustua is not enhanced.

[2022-10-05 21:07:23 #17 type] 
Type domain.Admin is not enhanced.

------------------------------------------------------------------------------------------------------------------------

[2022-10-05 21:10:37 #1 store] 
Database 'C:\Users\Alex\git\BetCompleted22\src\main\resources\bets.temp' has been recovered (tr. 697-752)

[2022-10-05 21:10:37 #2 store] 
Database 'C:\Users\Alex\git\BetCompleted22\src\main\resources\bets.temp' is opened by 3256@DESKTOP-V42EGP8

[2022-10-05 21:10:37 #3 type] 
Type domain.Team is not enhanced.

[2022-10-05 21:10:37 #4 type] 
Type domain.Event is not enhanced.

[2022-10-05 21:10:37 #5 type] 
Type domain.User is not enhanced.

[2022-10-05 21:10:37 #6 type] 
Type domain.Registered is not enhanced.

[2022-10-05 21:10:37 #7 type] 
Type domain.Sport is not enhanced.

[2022-10-05 21:10:37 #8 type] 
Type domain.Question is not enhanced.

[2022-10-05 21:10:37 #9 type] 
Type domain.Elkarrizketa is not enhanced.

[2022-10-05 21:10:37 #10 type] 
Type domain.Message is not enhanced.

[2022-10-05 21:10:37 #11 type] 
Type domain.KirolEstatistikak is not enhanced.

[2022-10-05 21:10:37 #12 type] 
Type domain.Jarraitzailea is not enhanced.

[2022-10-05 21:10:37 #13 type] 
Type domain.ApustuAnitza is not enhanced.

[2022-10-05 21:10:37 #14 type] 
Type domain.Transaction is not enhanced.

[2022-10-05 21:10:37 #15 type] 
Type domain.Quote is not enhanced.

[2022-10-05 21:10:37 #16 type] 
Type domain.Apustua is not enhanced.

[2022-10-05 21:10:37 #17 type] 
Type domain.Admin is not enhanced.

