------------------------------------------------------------------------------------------------------------------------

[2022-10-01 12:56:10 #1 store] 
Database 'C:\Users\Iosu\git\BetCompleted22\src\main\resources\bets.temp' is opened by 6620@DESKTOP-KGVNL32

[2022-10-01 12:56:11 #2 type.registry] 
New type domain.Team

[2022-10-01 12:56:11 #3 type] 
Type domain.Team is not enhanced.

[2022-10-01 12:56:11 #4 type.registry] 
New type domain.Event

[2022-10-01 12:56:11 #5 type.registry] 
New type java.util.Vector<domain.Event>

[2022-10-01 12:56:11 #6 type.registry] 
New type domain.User

[2022-10-01 12:56:11 #7 type.registry] 
New type domain.Registered

[2022-10-01 12:56:11 #8 type.registry] 
New type java.util.Vector<domain.Registered>

[2022-10-01 12:56:11 #9 type] 
Type domain.Event is not enhanced.

[2022-10-01 12:56:11 #10 type.registry] 
New type domain.Sport

[2022-10-01 12:56:11 #11 type.registry] 
New type domain.Question

[2022-10-01 12:56:11 #12 type.registry] 
New type java.util.Vector<domain.Question>

[2022-10-01 12:56:11 #13 type] 
Type domain.User is not enhanced.

[2022-10-01 12:56:11 #14 type.registry] 
New type domain.Elkarrizketa

[2022-10-01 12:56:11 #15 type.registry] 
New type java.util.Vector<domain.Elkarrizketa>

[2022-10-01 12:56:11 #16 type.registry] 
New type domain.Message

[2022-10-01 12:56:11 #17 type.registry] 
New type java.util.Vector<domain.Message>

[2022-10-01 12:56:11 #18 type] 
Type domain.Registered is not enhanced.

[2022-10-01 12:56:11 #19 type.registry] 
New type domain.KirolEstatistikak

[2022-10-01 12:56:11 #20 type.registry] 
New type java.util.Vector<domain.KirolEstatistikak>

[2022-10-01 12:56:11 #21 type.registry] 
New type domain.Jarraitzailea

[2022-10-01 12:56:11 #22 type.registry] 
New type java.util.Vector<domain.Jarraitzailea>

[2022-10-01 12:56:11 #23 type.registry] 
New type domain.ApustuAnitza

[2022-10-01 12:56:11 #24 type.registry] 
New type java.util.Vector<domain.ApustuAnitza>

[2022-10-01 12:56:11 #25 type.registry] 
New type domain.Transaction

[2022-10-01 12:56:11 #26 type.registry] 
New type java.util.Vector<domain.Transaction>

[2022-10-01 12:56:11 #27 type] 
Type domain.Sport is not enhanced.

[2022-10-01 12:56:11 #28 type] 
Type domain.Question is not enhanced.

[2022-10-01 12:56:11 #29 type.registry] 
New type domain.Quote

[2022-10-01 12:56:11 #30 type.registry] 
New type java.util.Vector<domain.Quote>

[2022-10-01 12:56:11 #31 type] 
Type domain.Elkarrizketa is not enhanced.

[2022-10-01 12:56:11 #32 type] 
Type domain.Message is not enhanced.

[2022-10-01 12:56:11 #33 type] 
Type domain.KirolEstatistikak is not enhanced.

[2022-10-01 12:56:11 #34 type] 
Type domain.Jarraitzailea is not enhanced.

[2022-10-01 12:56:11 #35 type] 
Type domain.ApustuAnitza is not enhanced.

[2022-10-01 12:56:11 #36 type.registry] 
New type domain.Apustua

[2022-10-01 12:56:11 #37 type.registry] 
New type java.util.Vector<domain.Apustua>

[2022-10-01 12:56:11 #38 type] 
Type domain.Transaction is not enhanced.

[2022-10-01 12:56:11 #39 type] 
Type domain.Quote is not enhanced.

[2022-10-01 12:56:11 #40 type.registry] 
New type java.util.LinkedList<domain.Apustua>

[2022-10-01 12:56:11 #41 type] 
Type domain.Apustua is not enhanced.

[2022-10-01 12:56:11 #42 type.registry] 
New type domain.Admin

[2022-10-01 12:56:11 #43 type] 
Type domain.Admin is not enhanced.

[2022-10-01 12:56:11 #44 type.registry] 
New type java.util.Vector<java.lang.Object>

[2022-10-01 12:56:11 #45 type.registry] 
New type java.util.LinkedList<java.lang.Object>

------------------------------------------------------------------------------------------------------------------------

[2022-10-01 14:31:33 #1 store] 
Database 'C:\Users\Iosu\git\BetCompleted22\src\main\resources\bets.temp' has been recovered (tr. 1-11)

[2022-10-01 14:31:33 #2 store] 
Database 'C:\Users\Iosu\git\BetCompleted22\src\main\resources\bets.temp' is opened by 11008@DESKTOP-KGVNL32

[2022-10-01 14:31:33 #3 type] 
Type domain.Team is not enhanced.

[2022-10-01 14:31:33 #4 type] 
Type domain.Event is not enhanced.

[2022-10-01 14:31:33 #5 type] 
Type domain.User is not enhanced.

[2022-10-01 14:31:33 #6 type] 
Type domain.Registered is not enhanced.

[2022-10-01 14:31:33 #7 type] 
Type domain.Sport is not enhanced.

[2022-10-01 14:31:33 #8 type] 
Type domain.Question is not enhanced.

[2022-10-01 14:31:33 #9 type] 
Type domain.Elkarrizketa is not enhanced.

[2022-10-01 14:31:33 #10 type] 
Type domain.Message is not enhanced.

[2022-10-01 14:31:33 #11 type] 
Type domain.KirolEstatistikak is not enhanced.

[2022-10-01 14:31:33 #12 type] 
Type domain.Jarraitzailea is not enhanced.

[2022-10-01 14:31:33 #13 type] 
Type domain.ApustuAnitza is not enhanced.

[2022-10-01 14:31:33 #14 type] 
Type domain.Transaction is not enhanced.

[2022-10-01 14:31:33 #15 type] 
Type domain.Quote is not enhanced.

[2022-10-01 14:31:33 #16 type] 
Type domain.Apustua is not enhanced.

[2022-10-01 14:31:33 #17 type] 
Type domain.Admin is not enhanced.

------------------------------------------------------------------------------------------------------------------------

[2022-10-01 14:39:52 #1 store] 
Database 'C:\Users\Iosu\git\BetCompleted22\src\main\resources\bets.temp' has been recovered (tr. 12-13)

[2022-10-01 14:39:52 #2 store] 
Database 'C:\Users\Iosu\git\BetCompleted22\src\main\resources\bets.temp' is opened by 12824@DESKTOP-KGVNL32

[2022-10-01 14:39:52 #3 type] 
Type domain.Team is not enhanced.

[2022-10-01 14:39:52 #4 type] 
Type domain.Event is not enhanced.

[2022-10-01 14:39:52 #5 type] 
Type domain.User is not enhanced.

[2022-10-01 14:39:52 #6 type] 
Type domain.Registered is not enhanced.

[2022-10-01 14:39:52 #7 type] 
Type domain.Sport is not enhanced.

[2022-10-01 14:39:52 #8 type] 
Type domain.Question is not enhanced.

[2022-10-01 14:39:52 #9 type] 
Type domain.Elkarrizketa is not enhanced.

[2022-10-01 14:39:52 #10 type] 
Type domain.Message is not enhanced.

[2022-10-01 14:39:52 #11 type] 
Type domain.KirolEstatistikak is not enhanced.

[2022-10-01 14:39:52 #12 type] 
Type domain.Jarraitzailea is not enhanced.

[2022-10-01 14:39:52 #13 type] 
Type domain.ApustuAnitza is not enhanced.

[2022-10-01 14:39:52 #14 type] 
Type domain.Transaction is not enhanced.

[2022-10-01 14:39:52 #15 type] 
Type domain.Quote is not enhanced.

[2022-10-01 14:39:52 #16 type] 
Type domain.Apustua is not enhanced.

[2022-10-01 14:39:52 #17 type] 
Type domain.Admin is not enhanced.

------------------------------------------------------------------------------------------------------------------------

[2022-10-01 14:44:09 #1 store] 
Database 'C:\Users\Iosu\git\BetCompleted22\src\main\resources\bets.temp' has been recovered (tr. 14-15)

[2022-10-01 14:44:09 #2 store] 
Database 'C:\Users\Iosu\git\BetCompleted22\src\main\resources\bets.temp' is opened by 13076@DESKTOP-KGVNL32

[2022-10-01 14:44:09 #3 type] 
Type domain.Team is not enhanced.

[2022-10-01 14:44:09 #4 type] 
Type domain.Event is not enhanced.

[2022-10-01 14:44:09 #5 type] 
Type domain.User is not enhanced.

[2022-10-01 14:44:09 #6 type] 
Type domain.Registered is not enhanced.

[2022-10-01 14:44:09 #7 type] 
Type domain.Sport is not enhanced.

[2022-10-01 14:44:09 #8 type] 
Type domain.Question is not enhanced.

[2022-10-01 14:44:09 #9 type] 
Type domain.Elkarrizketa is not enhanced.

[2022-10-01 14:44:09 #10 type] 
Type domain.Message is not enhanced.

[2022-10-01 14:44:09 #11 type] 
Type domain.KirolEstatistikak is not enhanced.

[2022-10-01 14:44:09 #12 type] 
Type domain.Jarraitzailea is not enhanced.

[2022-10-01 14:44:09 #13 type] 
Type domain.ApustuAnitza is not enhanced.

[2022-10-01 14:44:09 #14 type] 
Type domain.Transaction is not enhanced.

[2022-10-01 14:44:09 #15 type] 
Type domain.Quote is not enhanced.

[2022-10-01 14:44:09 #16 type] 
Type domain.Apustua is not enhanced.

[2022-10-01 14:44:09 #17 type] 
Type domain.Admin is not enhanced.

------------------------------------------------------------------------------------------------------------------------

[2022-10-01 14:53:20 #1 store] 
Database 'C:\Users\Iosu\git\BetCompleted22\src\main\resources\bets.temp' has been recovered (tr. 16-17)

[2022-10-01 14:53:20 #2 store] 
Database 'C:\Users\Iosu\git\BetCompleted22\src\main\resources\bets.temp' is opened by 5748@DESKTOP-KGVNL32

[2022-10-01 14:53:20 #3 type] 
Type domain.Team is not enhanced.

[2022-10-01 14:53:20 #4 type] 
Type domain.Event is not enhanced.

[2022-10-01 14:53:20 #5 type] 
Type domain.User is not enhanced.

[2022-10-01 14:53:20 #6 type] 
Type domain.Registered is not enhanced.

[2022-10-01 14:53:20 #7 type] 
Type domain.Sport is not enhanced.

[2022-10-01 14:53:20 #8 type] 
Type domain.Question is not enhanced.

[2022-10-01 14:53:20 #9 type] 
Type domain.Elkarrizketa is not enhanced.

[2022-10-01 14:53:20 #10 type] 
Type domain.Message is not enhanced.

[2022-10-01 14:53:20 #11 type] 
Type domain.KirolEstatistikak is not enhanced.

[2022-10-01 14:53:20 #12 type] 
Type domain.Jarraitzailea is not enhanced.

[2022-10-01 14:53:20 #13 type] 
Type domain.ApustuAnitza is not enhanced.

[2022-10-01 14:53:20 #14 type] 
Type domain.Transaction is not enhanced.

[2022-10-01 14:53:20 #15 type] 
Type domain.Quote is not enhanced.

[2022-10-01 14:53:20 #16 type] 
Type domain.Apustua is not enhanced.

[2022-10-01 14:53:20 #17 type] 
Type domain.Admin is not enhanced.

------------------------------------------------------------------------------------------------------------------------

[2022-10-01 14:53:42 #1 store] 
Database 'C:\Users\Iosu\git\BetCompleted22\src\main\resources\bets.temp' has been recovered (tr. 18-19)

[2022-10-01 14:53:42 #2 store] 
Database 'C:\Users\Iosu\git\BetCompleted22\src\main\resources\bets.temp' is opened by 16980@DESKTOP-KGVNL32

[2022-10-01 14:53:42 #3 type] 
Type domain.Team is not enhanced.

[2022-10-01 14:53:42 #4 type] 
Type domain.Event is not enhanced.

[2022-10-01 14:53:42 #5 type] 
Type domain.User is not enhanced.

[2022-10-01 14:53:42 #6 type] 
Type domain.Registered is not enhanced.

[2022-10-01 14:53:42 #7 type] 
Type domain.Sport is not enhanced.

[2022-10-01 14:53:42 #8 type] 
Type domain.Question is not enhanced.

[2022-10-01 14:53:42 #9 type] 
Type domain.Elkarrizketa is not enhanced.

[2022-10-01 14:53:42 #10 type] 
Type domain.Message is not enhanced.

[2022-10-01 14:53:42 #11 type] 
Type domain.KirolEstatistikak is not enhanced.

[2022-10-01 14:53:42 #12 type] 
Type domain.Jarraitzailea is not enhanced.

[2022-10-01 14:53:42 #13 type] 
Type domain.ApustuAnitza is not enhanced.

[2022-10-01 14:53:42 #14 type] 
Type domain.Transaction is not enhanced.

[2022-10-01 14:53:42 #15 type] 
Type domain.Quote is not enhanced.

[2022-10-01 14:53:42 #16 type] 
Type domain.Apustua is not enhanced.

[2022-10-01 14:53:42 #17 type] 
Type domain.Admin is not enhanced.

------------------------------------------------------------------------------------------------------------------------

[2022-10-01 15:00:33 #1 store] 
Database 'C:\Users\Iosu\git\BetCompleted22\src\main\resources\bets.temp' has been recovered (tr. 20-23)

[2022-10-01 15:00:33 #2 store] 
Database 'C:\Users\Iosu\git\BetCompleted22\src\main\resources\bets.temp' is opened by 312@DESKTOP-KGVNL32

[2022-10-01 15:00:33 #3 type] 
Type domain.Team is not enhanced.

[2022-10-01 15:00:33 #4 type] 
Type domain.Event is not enhanced.

[2022-10-01 15:00:33 #5 type] 
Type domain.User is not enhanced.

[2022-10-01 15:00:33 #6 type] 
Type domain.Registered is not enhanced.

[2022-10-01 15:00:33 #7 type] 
Type domain.Sport is not enhanced.

[2022-10-01 15:00:33 #8 type] 
Type domain.Question is not enhanced.

[2022-10-01 15:00:33 #9 type] 
Type domain.Elkarrizketa is not enhanced.

[2022-10-01 15:00:33 #10 type] 
Type domain.Message is not enhanced.

[2022-10-01 15:00:33 #11 type] 
Type domain.KirolEstatistikak is not enhanced.

[2022-10-01 15:00:33 #12 type] 
Type domain.Jarraitzailea is not enhanced.

[2022-10-01 15:00:33 #13 type] 
Type domain.ApustuAnitza is not enhanced.

[2022-10-01 15:00:33 #14 type] 
Type domain.Transaction is not enhanced.

[2022-10-01 15:00:33 #15 type] 
Type domain.Quote is not enhanced.

[2022-10-01 15:00:33 #16 type] 
Type domain.Apustua is not enhanced.

[2022-10-01 15:00:33 #17 type] 
Type domain.Admin is not enhanced.

------------------------------------------------------------------------------------------------------------------------

[2022-10-01 15:02:36 #1 store] 
Database 'C:\Users\Iosu\git\BetCompleted22\src\main\resources\bets.temp' has been recovered (tr. 24-27)

[2022-10-01 15:02:36 #2 store] 
Database 'C:\Users\Iosu\git\BetCompleted22\src\main\resources\bets.temp' is opened by 11836@DESKTOP-KGVNL32

[2022-10-01 15:02:36 #3 type] 
Type domain.Team is not enhanced.

[2022-10-01 15:02:36 #4 type] 
Type domain.Event is not enhanced.

[2022-10-01 15:02:36 #5 type] 
Type domain.User is not enhanced.

[2022-10-01 15:02:36 #6 type] 
Type domain.Registered is not enhanced.

[2022-10-01 15:02:36 #7 type] 
Type domain.Sport is not enhanced.

[2022-10-01 15:02:36 #8 type] 
Type domain.Question is not enhanced.

[2022-10-01 15:02:36 #9 type] 
Type domain.Elkarrizketa is not enhanced.

[2022-10-01 15:02:36 #10 type] 
Type domain.Message is not enhanced.

[2022-10-01 15:02:36 #11 type] 
Type domain.KirolEstatistikak is not enhanced.

[2022-10-01 15:02:36 #12 type] 
Type domain.Jarraitzailea is not enhanced.

[2022-10-01 15:02:36 #13 type] 
Type domain.ApustuAnitza is not enhanced.

[2022-10-01 15:02:36 #14 type] 
Type domain.Transaction is not enhanced.

[2022-10-01 15:02:36 #15 type] 
Type domain.Quote is not enhanced.

[2022-10-01 15:02:36 #16 type] 
Type domain.Apustua is not enhanced.

[2022-10-01 15:02:36 #17 type] 
Type domain.Admin is not enhanced.

------------------------------------------------------------------------------------------------------------------------

[2022-10-01 15:03:19 #1 store] 
Database 'C:\Users\Iosu\git\BetCompleted22\src\main\resources\bets.temp' has been recovered (tr. 28-31)

[2022-10-01 15:03:19 #2 store] 
Database 'C:\Users\Iosu\git\BetCompleted22\src\main\resources\bets.temp' is opened by 7232@DESKTOP-KGVNL32

[2022-10-01 15:03:19 #3 type] 
Type domain.Team is not enhanced.

[2022-10-01 15:03:19 #4 type] 
Type domain.Event is not enhanced.

[2022-10-01 15:03:19 #5 type] 
Type domain.User is not enhanced.

[2022-10-01 15:03:19 #6 type] 
Type domain.Registered is not enhanced.

[2022-10-01 15:03:19 #7 type] 
Type domain.Sport is not enhanced.

[2022-10-01 15:03:19 #8 type] 
Type domain.Question is not enhanced.

[2022-10-01 15:03:19 #9 type] 
Type domain.Elkarrizketa is not enhanced.

[2022-10-01 15:03:19 #10 type] 
Type domain.Message is not enhanced.

[2022-10-01 15:03:19 #11 type] 
Type domain.KirolEstatistikak is not enhanced.

[2022-10-01 15:03:19 #12 type] 
Type domain.Jarraitzailea is not enhanced.

[2022-10-01 15:03:19 #13 type] 
Type domain.ApustuAnitza is not enhanced.

[2022-10-01 15:03:19 #14 type] 
Type domain.Transaction is not enhanced.

[2022-10-01 15:03:19 #15 type] 
Type domain.Quote is not enhanced.

[2022-10-01 15:03:19 #16 type] 
Type domain.Apustua is not enhanced.

[2022-10-01 15:03:19 #17 type] 
Type domain.Admin is not enhanced.

------------------------------------------------------------------------------------------------------------------------

[2022-10-01 15:05:02 #1 store] 
Database 'C:\Users\Iosu\git\BetCompleted22\src\main\resources\bets.temp' has been recovered (tr. 32-35)

[2022-10-01 15:05:02 #2 store] 
Database 'C:\Users\Iosu\git\BetCompleted22\src\main\resources\bets.temp' is opened by 9460@DESKTOP-KGVNL32

[2022-10-01 15:05:02 #3 type] 
Type domain.Team is not enhanced.

[2022-10-01 15:05:02 #4 type] 
Type domain.Event is not enhanced.

[2022-10-01 15:05:02 #5 type] 
Type domain.User is not enhanced.

[2022-10-01 15:05:02 #6 type] 
Type domain.Registered is not enhanced.

[2022-10-01 15:05:02 #7 type] 
Type domain.Sport is not enhanced.

[2022-10-01 15:05:02 #8 type] 
Type domain.Question is not enhanced.

[2022-10-01 15:05:02 #9 type] 
Type domain.Elkarrizketa is not enhanced.

[2022-10-01 15:05:02 #10 type] 
Type domain.Message is not enhanced.

[2022-10-01 15:05:02 #11 type] 
Type domain.KirolEstatistikak is not enhanced.

[2022-10-01 15:05:02 #12 type] 
Type domain.Jarraitzailea is not enhanced.

[2022-10-01 15:05:02 #13 type] 
Type domain.ApustuAnitza is not enhanced.

[2022-10-01 15:05:02 #14 type] 
Type domain.Transaction is not enhanced.

[2022-10-01 15:05:02 #15 type] 
Type domain.Quote is not enhanced.

[2022-10-01 15:05:02 #16 type] 
Type domain.Apustua is not enhanced.

[2022-10-01 15:05:02 #17 type] 
Type domain.Admin is not enhanced.

------------------------------------------------------------------------------------------------------------------------

[2022-10-01 15:07:13 #1 store] 
Database 'C:\Users\Iosu\git\BetCompleted22\src\main\resources\bets.temp' has been recovered (tr. 36-39)

[2022-10-01 15:07:13 #2 store] 
Database 'C:\Users\Iosu\git\BetCompleted22\src\main\resources\bets.temp' is opened by 16600@DESKTOP-KGVNL32

[2022-10-01 15:07:13 #3 type] 
Type domain.Team is not enhanced.

[2022-10-01 15:07:13 #4 type] 
Type domain.Event is not enhanced.

[2022-10-01 15:07:13 #5 type] 
Type domain.User is not enhanced.

[2022-10-01 15:07:13 #6 type] 
Type domain.Registered is not enhanced.

[2022-10-01 15:07:13 #7 type] 
Type domain.Sport is not enhanced.

[2022-10-01 15:07:13 #8 type] 
Type domain.Question is not enhanced.

[2022-10-01 15:07:13 #9 type] 
Type domain.Elkarrizketa is not enhanced.

[2022-10-01 15:07:13 #10 type] 
Type domain.Message is not enhanced.

[2022-10-01 15:07:13 #11 type] 
Type domain.KirolEstatistikak is not enhanced.

[2022-10-01 15:07:13 #12 type] 
Type domain.Jarraitzailea is not enhanced.

[2022-10-01 15:07:13 #13 type] 
Type domain.ApustuAnitza is not enhanced.

[2022-10-01 15:07:13 #14 type] 
Type domain.Transaction is not enhanced.

[2022-10-01 15:07:13 #15 type] 
Type domain.Quote is not enhanced.

[2022-10-01 15:07:13 #16 type] 
Type domain.Apustua is not enhanced.

[2022-10-01 15:07:13 #17 type] 
Type domain.Admin is not enhanced.

------------------------------------------------------------------------------------------------------------------------

[2022-10-01 18:02:15 #1 store] 
Database 'C:\Users\Iosu\git\BetCompleted22\src\main\resources\bets.temp' has been recovered (tr. 40-43)

[2022-10-01 18:02:15 #2 store] 
Database 'C:\Users\Iosu\git\BetCompleted22\src\main\resources\bets.temp' is opened by 17148@DESKTOP-KGVNL32

[2022-10-01 18:02:15 #3 type] 
Type domain.Team is not enhanced.

[2022-10-01 18:02:15 #4 type] 
Type domain.Event is not enhanced.

[2022-10-01 18:02:15 #5 type] 
Type domain.User is not enhanced.

[2022-10-01 18:02:15 #6 type] 
Type domain.Registered is not enhanced.

[2022-10-01 18:02:15 #7 type] 
Type domain.Sport is not enhanced.

[2022-10-01 18:02:15 #8 type] 
Type domain.Question is not enhanced.

[2022-10-01 18:02:15 #9 type] 
Type domain.Elkarrizketa is not enhanced.

[2022-10-01 18:02:15 #10 type] 
Type domain.Message is not enhanced.

[2022-10-01 18:02:15 #11 type] 
Type domain.KirolEstatistikak is not enhanced.

[2022-10-01 18:02:15 #12 type] 
Type domain.Jarraitzailea is not enhanced.

[2022-10-01 18:02:15 #13 type] 
Type domain.ApustuAnitza is not enhanced.

[2022-10-01 18:02:15 #14 type] 
Type domain.Transaction is not enhanced.

[2022-10-01 18:02:15 #15 type] 
Type domain.Quote is not enhanced.

[2022-10-01 18:02:15 #16 type] 
Type domain.Apustua is not enhanced.

[2022-10-01 18:02:15 #17 type] 
Type domain.Admin is not enhanced.

------------------------------------------------------------------------------------------------------------------------

[2022-10-01 18:03:55 #1 store] 
Database 'C:\Users\Iosu\git\BetCompleted22\src\main\resources\bets.temp' has been recovered (tr. 44-49)

[2022-10-01 18:03:55 #2 store] 
Database 'C:\Users\Iosu\git\BetCompleted22\src\main\resources\bets.temp' is opened by 15896@DESKTOP-KGVNL32

[2022-10-01 18:03:55 #3 type] 
Type domain.Team is not enhanced.

[2022-10-01 18:03:55 #4 type] 
Type domain.Event is not enhanced.

[2022-10-01 18:03:55 #5 type] 
Type domain.User is not enhanced.

[2022-10-01 18:03:55 #6 type] 
Type domain.Registered is not enhanced.

[2022-10-01 18:03:55 #7 type] 
Type domain.Sport is not enhanced.

[2022-10-01 18:03:55 #8 type] 
Type domain.Question is not enhanced.

[2022-10-01 18:03:55 #9 type] 
Type domain.Elkarrizketa is not enhanced.

[2022-10-01 18:03:55 #10 type] 
Type domain.Message is not enhanced.

[2022-10-01 18:03:55 #11 type] 
Type domain.KirolEstatistikak is not enhanced.

[2022-10-01 18:03:55 #12 type] 
Type domain.Jarraitzailea is not enhanced.

[2022-10-01 18:03:55 #13 type] 
Type domain.ApustuAnitza is not enhanced.

[2022-10-01 18:03:55 #14 type] 
Type domain.Transaction is not enhanced.

[2022-10-01 18:03:55 #15 type] 
Type domain.Quote is not enhanced.

[2022-10-01 18:03:55 #16 type] 
Type domain.Apustua is not enhanced.

[2022-10-01 18:03:55 #17 type] 
Type domain.Admin is not enhanced.

------------------------------------------------------------------------------------------------------------------------

[2022-10-01 18:05:02 #1 store] 
Database 'C:\Users\Iosu\git\BetCompleted22\src\main\resources\bets.temp' has been recovered (tr. 50-53)

[2022-10-01 18:05:02 #2 store] 
Database 'C:\Users\Iosu\git\BetCompleted22\src\main\resources\bets.temp' is opened by 14860@DESKTOP-KGVNL32

[2022-10-01 18:05:02 #3 type] 
Type domain.Team is not enhanced.

[2022-10-01 18:05:02 #4 type] 
Type domain.Event is not enhanced.

[2022-10-01 18:05:02 #5 type] 
Type domain.User is not enhanced.

[2022-10-01 18:05:02 #6 type] 
Type domain.Registered is not enhanced.

[2022-10-01 18:05:02 #7 type] 
Type domain.Sport is not enhanced.

[2022-10-01 18:05:02 #8 type] 
Type domain.Question is not enhanced.

[2022-10-01 18:05:02 #9 type] 
Type domain.Elkarrizketa is not enhanced.

[2022-10-01 18:05:02 #10 type] 
Type domain.Message is not enhanced.

[2022-10-01 18:05:02 #11 type] 
Type domain.KirolEstatistikak is not enhanced.

[2022-10-01 18:05:02 #12 type] 
Type domain.Jarraitzailea is not enhanced.

[2022-10-01 18:05:02 #13 type] 
Type domain.ApustuAnitza is not enhanced.

[2022-10-01 18:05:02 #14 type] 
Type domain.Transaction is not enhanced.

[2022-10-01 18:05:02 #15 type] 
Type domain.Quote is not enhanced.

[2022-10-01 18:05:02 #16 type] 
Type domain.Apustua is not enhanced.

[2022-10-01 18:05:02 #17 type] 
Type domain.Admin is not enhanced.

------------------------------------------------------------------------------------------------------------------------

[2022-10-01 18:07:33 #1 store] 
Database 'C:\Users\Iosu\git\BetCompleted22\src\main\resources\bets.temp' has been recovered (tr. 54-57)

[2022-10-01 18:07:33 #2 store] 
Database 'C:\Users\Iosu\git\BetCompleted22\src\main\resources\bets.temp' is opened by 10632@DESKTOP-KGVNL32

[2022-10-01 18:07:34 #3 type] 
Type domain.Team is not enhanced.

[2022-10-01 18:07:34 #4 type] 
Type domain.Event is not enhanced.

[2022-10-01 18:07:34 #5 type] 
Type domain.User is not enhanced.

[2022-10-01 18:07:34 #6 type] 
Type domain.Registered is not enhanced.

[2022-10-01 18:07:34 #7 type] 
Type domain.Sport is not enhanced.

[2022-10-01 18:07:34 #8 type] 
Type domain.Question is not enhanced.

[2022-10-01 18:07:34 #9 type] 
Type domain.Elkarrizketa is not enhanced.

[2022-10-01 18:07:34 #10 type] 
Type domain.Message is not enhanced.

[2022-10-01 18:07:34 #11 type] 
Type domain.KirolEstatistikak is not enhanced.

[2022-10-01 18:07:34 #12 type] 
Type domain.Jarraitzailea is not enhanced.

[2022-10-01 18:07:34 #13 type] 
Type domain.ApustuAnitza is not enhanced.

[2022-10-01 18:07:34 #14 type] 
Type domain.Transaction is not enhanced.

[2022-10-01 18:07:34 #15 type] 
Type domain.Quote is not enhanced.

[2022-10-01 18:07:34 #16 type] 
Type domain.Apustua is not enhanced.

[2022-10-01 18:07:34 #17 type] 
Type domain.Admin is not enhanced.

------------------------------------------------------------------------------------------------------------------------

[2022-10-01 18:09:29 #1 store] 
Database 'C:\Users\Iosu\git\BetCompleted22\src\main\resources\bets.temp' has been recovered (tr. 58-63)

[2022-10-01 18:09:29 #2 store] 
Database 'C:\Users\Iosu\git\BetCompleted22\src\main\resources\bets.temp' is opened by 12132@DESKTOP-KGVNL32

[2022-10-01 18:09:30 #3 type] 
Type domain.Team is not enhanced.

[2022-10-01 18:09:30 #4 type] 
Type domain.Event is not enhanced.

[2022-10-01 18:09:30 #5 type] 
Type domain.User is not enhanced.

[2022-10-01 18:09:30 #6 type] 
Type domain.Registered is not enhanced.

[2022-10-01 18:09:30 #7 type] 
Type domain.Sport is not enhanced.

[2022-10-01 18:09:30 #8 type] 
Type domain.Question is not enhanced.

[2022-10-01 18:09:30 #9 type] 
Type domain.Elkarrizketa is not enhanced.

[2022-10-01 18:09:30 #10 type] 
Type domain.Message is not enhanced.

[2022-10-01 18:09:30 #11 type] 
Type domain.KirolEstatistikak is not enhanced.

[2022-10-01 18:09:30 #12 type] 
Type domain.Jarraitzailea is not enhanced.

[2022-10-01 18:09:30 #13 type] 
Type domain.ApustuAnitza is not enhanced.

[2022-10-01 18:09:30 #14 type] 
Type domain.Transaction is not enhanced.

[2022-10-01 18:09:30 #15 type] 
Type domain.Quote is not enhanced.

[2022-10-01 18:09:30 #16 type] 
Type domain.Apustua is not enhanced.

[2022-10-01 18:09:30 #17 type] 
Type domain.Admin is not enhanced.

------------------------------------------------------------------------------------------------------------------------

[2022-10-01 18:32:48 #1 store] 
Database 'C:\Users\Iosu\git\BetCompleted22\src\main\resources\bets.temp' has been recovered (tr. 64-69)

[2022-10-01 18:32:48 #2 store] 
Database 'C:\Users\Iosu\git\BetCompleted22\src\main\resources\bets.temp' is opened by 11956@DESKTOP-KGVNL32

[2022-10-01 18:32:48 #3 type] 
Type domain.Team is not enhanced.

[2022-10-01 18:32:48 #4 type] 
Type domain.Event is not enhanced.

[2022-10-01 18:32:48 #5 type] 
Type domain.User is not enhanced.

[2022-10-01 18:32:48 #6 type] 
Type domain.Registered is not enhanced.

[2022-10-01 18:32:48 #7 type] 
Type domain.Sport is not enhanced.

[2022-10-01 18:32:48 #8 type] 
Type domain.Question is not enhanced.

[2022-10-01 18:32:48 #9 type] 
Type domain.Elkarrizketa is not enhanced.

[2022-10-01 18:32:48 #10 type] 
Type domain.Message is not enhanced.

[2022-10-01 18:32:48 #11 type] 
Type domain.KirolEstatistikak is not enhanced.

[2022-10-01 18:32:48 #12 type] 
Type domain.Jarraitzailea is not enhanced.

[2022-10-01 18:32:48 #13 type] 
Type domain.ApustuAnitza is not enhanced.

[2022-10-01 18:32:48 #14 type] 
Type domain.Transaction is not enhanced.

[2022-10-01 18:32:48 #15 type] 
Type domain.Quote is not enhanced.

[2022-10-01 18:32:48 #16 type] 
Type domain.Apustua is not enhanced.

[2022-10-01 18:32:48 #17 type] 
Type domain.Admin is not enhanced.

------------------------------------------------------------------------------------------------------------------------

[2022-10-01 18:34:28 #1 store] 
Database 'C:\Users\Iosu\git\BetCompleted22\src\main\resources\bets.temp' has been recovered (tr. 70-76)

[2022-10-01 18:34:28 #2 store] 
Database 'C:\Users\Iosu\git\BetCompleted22\src\main\resources\bets.temp' is opened by 14116@DESKTOP-KGVNL32

[2022-10-01 18:34:28 #3 type] 
Type domain.Team is not enhanced.

[2022-10-01 18:34:28 #4 type] 
Type domain.Event is not enhanced.

[2022-10-01 18:34:28 #5 type] 
Type domain.User is not enhanced.

[2022-10-01 18:34:28 #6 type] 
Type domain.Registered is not enhanced.

[2022-10-01 18:34:28 #7 type] 
Type domain.Sport is not enhanced.

[2022-10-01 18:34:28 #8 type] 
Type domain.Question is not enhanced.

[2022-10-01 18:34:28 #9 type] 
Type domain.Elkarrizketa is not enhanced.

[2022-10-01 18:34:28 #10 type] 
Type domain.Message is not enhanced.

[2022-10-01 18:34:28 #11 type] 
Type domain.KirolEstatistikak is not enhanced.

[2022-10-01 18:34:28 #12 type] 
Type domain.Jarraitzailea is not enhanced.

[2022-10-01 18:34:28 #13 type] 
Type domain.ApustuAnitza is not enhanced.

[2022-10-01 18:34:28 #14 type] 
Type domain.Transaction is not enhanced.

[2022-10-01 18:34:28 #15 type] 
Type domain.Quote is not enhanced.

[2022-10-01 18:34:28 #16 type] 
Type domain.Apustua is not enhanced.

[2022-10-01 18:34:28 #17 type] 
Type domain.Admin is not enhanced.

------------------------------------------------------------------------------------------------------------------------

[2022-10-01 18:34:44 #1 store] 
Database 'C:\Users\Iosu\git\BetCompleted22\src\main\resources\bets.temp' has been recovered (tr. 77-83)

[2022-10-01 18:34:44 #2 store] 
Database 'C:\Users\Iosu\git\BetCompleted22\src\main\resources\bets.temp' is opened by 14000@DESKTOP-KGVNL32

[2022-10-01 18:34:44 #3 type] 
Type domain.Team is not enhanced.

[2022-10-01 18:34:44 #4 type] 
Type domain.Event is not enhanced.

[2022-10-01 18:34:44 #5 type] 
Type domain.User is not enhanced.

[2022-10-01 18:34:44 #6 type] 
Type domain.Registered is not enhanced.

[2022-10-01 18:34:44 #7 type] 
Type domain.Sport is not enhanced.

[2022-10-01 18:34:44 #8 type] 
Type domain.Question is not enhanced.

[2022-10-01 18:34:44 #9 type] 
Type domain.Elkarrizketa is not enhanced.

[2022-10-01 18:34:44 #10 type] 
Type domain.Message is not enhanced.

[2022-10-01 18:34:44 #11 type] 
Type domain.KirolEstatistikak is not enhanced.

[2022-10-01 18:34:44 #12 type] 
Type domain.Jarraitzailea is not enhanced.

[2022-10-01 18:34:44 #13 type] 
Type domain.ApustuAnitza is not enhanced.

[2022-10-01 18:34:44 #14 type] 
Type domain.Transaction is not enhanced.

[2022-10-01 18:34:44 #15 type] 
Type domain.Quote is not enhanced.

[2022-10-01 18:34:44 #16 type] 
Type domain.Apustua is not enhanced.

[2022-10-01 18:34:44 #17 type] 
Type domain.Admin is not enhanced.

------------------------------------------------------------------------------------------------------------------------

[2022-10-01 18:36:19 #1 store] 
Database 'C:\Users\Iosu\git\BetCompleted22\src\main\resources\bets.temp' has been recovered (tr. 84-90)

[2022-10-01 18:36:19 #2 store] 
Database 'C:\Users\Iosu\git\BetCompleted22\src\main\resources\bets.temp' is opened by 14208@DESKTOP-KGVNL32

[2022-10-01 18:36:19 #3 type] 
Type domain.Team is not enhanced.

[2022-10-01 18:36:19 #4 type] 
Type domain.Event is not enhanced.

[2022-10-01 18:36:19 #5 type] 
Type domain.User is not enhanced.

[2022-10-01 18:36:19 #6 type] 
Type domain.Registered is not enhanced.

[2022-10-01 18:36:19 #7 type] 
Type domain.Sport is not enhanced.

[2022-10-01 18:36:19 #8 type] 
Type domain.Question is not enhanced.

[2022-10-01 18:36:19 #9 type] 
Type domain.Elkarrizketa is not enhanced.

[2022-10-01 18:36:19 #10 type] 
Type domain.Message is not enhanced.

[2022-10-01 18:36:19 #11 type] 
Type domain.KirolEstatistikak is not enhanced.

[2022-10-01 18:36:19 #12 type] 
Type domain.Jarraitzailea is not enhanced.

[2022-10-01 18:36:19 #13 type] 
Type domain.ApustuAnitza is not enhanced.

[2022-10-01 18:36:19 #14 type] 
Type domain.Transaction is not enhanced.

[2022-10-01 18:36:19 #15 type] 
Type domain.Quote is not enhanced.

[2022-10-01 18:36:19 #16 type] 
Type domain.Apustua is not enhanced.

[2022-10-01 18:36:19 #17 type] 
Type domain.Admin is not enhanced.

------------------------------------------------------------------------------------------------------------------------

[2022-10-01 18:37:44 #1 store] 
Database 'C:\Users\Iosu\git\BetCompleted22\src\main\resources\bets.temp' has been recovered (tr. 91-95)

[2022-10-01 18:37:44 #2 store] 
Database 'C:\Users\Iosu\git\BetCompleted22\src\main\resources\bets.temp' is opened by 10132@DESKTOP-KGVNL32

[2022-10-01 18:37:44 #3 type] 
Type domain.Team is not enhanced.

[2022-10-01 18:37:44 #4 type] 
Type domain.Event is not enhanced.

[2022-10-01 18:37:44 #5 type] 
Type domain.User is not enhanced.

[2022-10-01 18:37:44 #6 type] 
Type domain.Registered is not enhanced.

[2022-10-01 18:37:44 #7 type] 
Type domain.Sport is not enhanced.

[2022-10-01 18:37:44 #8 type] 
Type domain.Question is not enhanced.

[2022-10-01 18:37:44 #9 type] 
Type domain.Elkarrizketa is not enhanced.

[2022-10-01 18:37:44 #10 type] 
Type domain.Message is not enhanced.

[2022-10-01 18:37:44 #11 type] 
Type domain.KirolEstatistikak is not enhanced.

[2022-10-01 18:37:44 #12 type] 
Type domain.Jarraitzailea is not enhanced.

[2022-10-01 18:37:44 #13 type] 
Type domain.ApustuAnitza is not enhanced.

[2022-10-01 18:37:44 #14 type] 
Type domain.Transaction is not enhanced.

[2022-10-01 18:37:44 #15 type] 
Type domain.Quote is not enhanced.

[2022-10-01 18:37:44 #16 type] 
Type domain.Apustua is not enhanced.

[2022-10-01 18:37:44 #17 type] 
Type domain.Admin is not enhanced.

------------------------------------------------------------------------------------------------------------------------

[2022-10-01 18:38:09 #1 store] 
Database 'C:\Users\Iosu\git\BetCompleted22\src\main\resources\bets.temp' has been recovered (tr. 96-100)

[2022-10-01 18:38:09 #2 store] 
Database 'C:\Users\Iosu\git\BetCompleted22\src\main\resources\bets.temp' is opened by 12788@DESKTOP-KGVNL32

[2022-10-01 18:38:09 #3 type] 
Type domain.Team is not enhanced.

[2022-10-01 18:38:09 #4 type] 
Type domain.Event is not enhanced.

[2022-10-01 18:38:10 #5 type] 
Type domain.User is not enhanced.

[2022-10-01 18:38:10 #6 type] 
Type domain.Registered is not enhanced.

[2022-10-01 18:38:10 #7 type] 
Type domain.Sport is not enhanced.

[2022-10-01 18:38:10 #8 type] 
Type domain.Question is not enhanced.

[2022-10-01 18:38:10 #9 type] 
Type domain.Elkarrizketa is not enhanced.

[2022-10-01 18:38:10 #10 type] 
Type domain.Message is not enhanced.

[2022-10-01 18:38:10 #11 type] 
Type domain.KirolEstatistikak is not enhanced.

[2022-10-01 18:38:10 #12 type] 
Type domain.Jarraitzailea is not enhanced.

[2022-10-01 18:38:10 #13 type] 
Type domain.ApustuAnitza is not enhanced.

[2022-10-01 18:38:10 #14 type] 
Type domain.Transaction is not enhanced.

[2022-10-01 18:38:10 #15 type] 
Type domain.Quote is not enhanced.

[2022-10-01 18:38:10 #16 type] 
Type domain.Apustua is not enhanced.

[2022-10-01 18:38:10 #17 type] 
Type domain.Admin is not enhanced.

------------------------------------------------------------------------------------------------------------------------

[2022-10-01 18:38:35 #1 store] 
Database 'C:\Users\Iosu\git\BetCompleted22\src\main\resources\bets.temp' has been recovered (tr. 101-104)

[2022-10-01 18:38:35 #2 store] 
Database 'C:\Users\Iosu\git\BetCompleted22\src\main\resources\bets.temp' is opened by 13728@DESKTOP-KGVNL32

[2022-10-01 18:38:35 #3 type] 
Type domain.Team is not enhanced.

[2022-10-01 18:38:35 #4 type] 
Type domain.Event is not enhanced.

[2022-10-01 18:38:35 #5 type] 
Type domain.User is not enhanced.

[2022-10-01 18:38:35 #6 type] 
Type domain.Registered is not enhanced.

[2022-10-01 18:38:35 #7 type] 
Type domain.Sport is not enhanced.

[2022-10-01 18:38:35 #8 type] 
Type domain.Question is not enhanced.

[2022-10-01 18:38:35 #9 type] 
Type domain.Elkarrizketa is not enhanced.

[2022-10-01 18:38:35 #10 type] 
Type domain.Message is not enhanced.

[2022-10-01 18:38:35 #11 type] 
Type domain.KirolEstatistikak is not enhanced.

[2022-10-01 18:38:35 #12 type] 
Type domain.Jarraitzailea is not enhanced.

[2022-10-01 18:38:35 #13 type] 
Type domain.ApustuAnitza is not enhanced.

[2022-10-01 18:38:35 #14 type] 
Type domain.Transaction is not enhanced.

[2022-10-01 18:38:35 #15 type] 
Type domain.Quote is not enhanced.

[2022-10-01 18:38:35 #16 type] 
Type domain.Apustua is not enhanced.

[2022-10-01 18:38:35 #17 type] 
Type domain.Admin is not enhanced.

------------------------------------------------------------------------------------------------------------------------

[2022-10-01 18:40:29 #1 store] 
Database 'C:\Users\Iosu\git\BetCompleted22\src\main\resources\bets.temp' has been recovered (tr. 105-109)

[2022-10-01 18:40:29 #2 store] 
Database 'C:\Users\Iosu\git\BetCompleted22\src\main\resources\bets.temp' is opened by 14436@DESKTOP-KGVNL32

[2022-10-01 18:40:29 #3 type] 
Type domain.Team is not enhanced.

[2022-10-01 18:40:29 #4 type] 
Type domain.Event is not enhanced.

[2022-10-01 18:40:29 #5 type] 
Type domain.User is not enhanced.

[2022-10-01 18:40:29 #6 type] 
Type domain.Registered is not enhanced.

[2022-10-01 18:40:29 #7 type] 
Type domain.Sport is not enhanced.

[2022-10-01 18:40:29 #8 type] 
Type domain.Question is not enhanced.

[2022-10-01 18:40:29 #9 type] 
Type domain.Elkarrizketa is not enhanced.

[2022-10-01 18:40:29 #10 type] 
Type domain.Message is not enhanced.

[2022-10-01 18:40:29 #11 type] 
Type domain.KirolEstatistikak is not enhanced.

[2022-10-01 18:40:29 #12 type] 
Type domain.Jarraitzailea is not enhanced.

[2022-10-01 18:40:29 #13 type] 
Type domain.ApustuAnitza is not enhanced.

[2022-10-01 18:40:29 #14 type] 
Type domain.Transaction is not enhanced.

[2022-10-01 18:40:29 #15 type] 
Type domain.Quote is not enhanced.

[2022-10-01 18:40:29 #16 type] 
Type domain.Apustua is not enhanced.

[2022-10-01 18:40:29 #17 type] 
Type domain.Admin is not enhanced.

------------------------------------------------------------------------------------------------------------------------

[2022-10-01 18:41:32 #1 store] 
Database 'C:\Users\Iosu\git\BetCompleted22\src\main\resources\bets.temp' has been recovered (tr. 110-114)

[2022-10-01 18:41:32 #2 store] 
Database 'C:\Users\Iosu\git\BetCompleted22\src\main\resources\bets.temp' is opened by 10384@DESKTOP-KGVNL32

[2022-10-01 18:41:32 #3 type] 
Type domain.Team is not enhanced.

[2022-10-01 18:41:32 #4 type] 
Type domain.Event is not enhanced.

[2022-10-01 18:41:32 #5 type] 
Type domain.User is not enhanced.

[2022-10-01 18:41:32 #6 type] 
Type domain.Registered is not enhanced.

[2022-10-01 18:41:32 #7 type] 
Type domain.Sport is not enhanced.

[2022-10-01 18:41:32 #8 type] 
Type domain.Question is not enhanced.

[2022-10-01 18:41:32 #9 type] 
Type domain.Elkarrizketa is not enhanced.

[2022-10-01 18:41:32 #10 type] 
Type domain.Message is not enhanced.

[2022-10-01 18:41:32 #11 type] 
Type domain.KirolEstatistikak is not enhanced.

[2022-10-01 18:41:32 #12 type] 
Type domain.Jarraitzailea is not enhanced.

[2022-10-01 18:41:32 #13 type] 
Type domain.ApustuAnitza is not enhanced.

[2022-10-01 18:41:32 #14 type] 
Type domain.Transaction is not enhanced.

[2022-10-01 18:41:32 #15 type] 
Type domain.Quote is not enhanced.

[2022-10-01 18:41:32 #16 type] 
Type domain.Apustua is not enhanced.

[2022-10-01 18:41:32 #17 type] 
Type domain.Admin is not enhanced.

------------------------------------------------------------------------------------------------------------------------

[2022-10-01 18:41:59 #1 store] 
Database 'C:\Users\Iosu\git\BetCompleted22\src\main\resources\bets.temp' has been recovered (tr. 115-119)

[2022-10-01 18:42:00 #2 store] 
Database 'C:\Users\Iosu\git\BetCompleted22\src\main\resources\bets.temp' is opened by 11312@DESKTOP-KGVNL32

[2022-10-01 18:42:00 #3 type] 
Type domain.Team is not enhanced.

[2022-10-01 18:42:00 #4 type] 
Type domain.Event is not enhanced.

[2022-10-01 18:42:00 #5 type] 
Type domain.User is not enhanced.

[2022-10-01 18:42:00 #6 type] 
Type domain.Registered is not enhanced.

[2022-10-01 18:42:00 #7 type] 
Type domain.Sport is not enhanced.

[2022-10-01 18:42:00 #8 type] 
Type domain.Question is not enhanced.

[2022-10-01 18:42:00 #9 type] 
Type domain.Elkarrizketa is not enhanced.

[2022-10-01 18:42:00 #10 type] 
Type domain.Message is not enhanced.

[2022-10-01 18:42:00 #11 type] 
Type domain.KirolEstatistikak is not enhanced.

[2022-10-01 18:42:00 #12 type] 
Type domain.Jarraitzailea is not enhanced.

[2022-10-01 18:42:00 #13 type] 
Type domain.ApustuAnitza is not enhanced.

[2022-10-01 18:42:00 #14 type] 
Type domain.Transaction is not enhanced.

[2022-10-01 18:42:00 #15 type] 
Type domain.Quote is not enhanced.

[2022-10-01 18:42:00 #16 type] 
Type domain.Apustua is not enhanced.

[2022-10-01 18:42:00 #17 type] 
Type domain.Admin is not enhanced.

------------------------------------------------------------------------------------------------------------------------

[2022-10-01 18:43:47 #1 store] 
Database 'C:\Users\Iosu\git\BetCompleted22\src\main\resources\bets.temp' has been recovered (tr. 120-124)

[2022-10-01 18:43:47 #2 store] 
Database 'C:\Users\Iosu\git\BetCompleted22\src\main\resources\bets.temp' is opened by 10804@DESKTOP-KGVNL32

[2022-10-01 18:43:47 #3 type] 
Type domain.Team is not enhanced.

[2022-10-01 18:43:47 #4 type] 
Type domain.Event is not enhanced.

[2022-10-01 18:43:47 #5 type] 
Type domain.User is not enhanced.

[2022-10-01 18:43:47 #6 type] 
Type domain.Registered is not enhanced.

[2022-10-01 18:43:47 #7 type] 
Type domain.Sport is not enhanced.

[2022-10-01 18:43:47 #8 type] 
Type domain.Question is not enhanced.

[2022-10-01 18:43:47 #9 type] 
Type domain.Elkarrizketa is not enhanced.

[2022-10-01 18:43:47 #10 type] 
Type domain.Message is not enhanced.

[2022-10-01 18:43:47 #11 type] 
Type domain.KirolEstatistikak is not enhanced.

[2022-10-01 18:43:47 #12 type] 
Type domain.Jarraitzailea is not enhanced.

[2022-10-01 18:43:47 #13 type] 
Type domain.ApustuAnitza is not enhanced.

[2022-10-01 18:43:47 #14 type] 
Type domain.Transaction is not enhanced.

[2022-10-01 18:43:47 #15 type] 
Type domain.Quote is not enhanced.

[2022-10-01 18:43:47 #16 type] 
Type domain.Apustua is not enhanced.

[2022-10-01 18:43:47 #17 type] 
Type domain.Admin is not enhanced.

------------------------------------------------------------------------------------------------------------------------

[2022-10-01 18:45:37 #1 store] 
Database 'C:\Users\Iosu\git\BetCompleted22\src\main\resources\bets.temp' has been recovered (tr. 125-129)

[2022-10-01 18:45:37 #2 store] 
Database 'C:\Users\Iosu\git\BetCompleted22\src\main\resources\bets.temp' is opened by 4676@DESKTOP-KGVNL32

[2022-10-01 18:45:37 #3 type] 
Type domain.Team is not enhanced.

[2022-10-01 18:45:37 #4 type] 
Type domain.Event is not enhanced.

[2022-10-01 18:45:37 #5 type] 
Type domain.User is not enhanced.

[2022-10-01 18:45:37 #6 type] 
Type domain.Registered is not enhanced.

[2022-10-01 18:45:37 #7 type] 
Type domain.Sport is not enhanced.

[2022-10-01 18:45:37 #8 type] 
Type domain.Question is not enhanced.

[2022-10-01 18:45:37 #9 type] 
Type domain.Elkarrizketa is not enhanced.

[2022-10-01 18:45:37 #10 type] 
Type domain.Message is not enhanced.

[2022-10-01 18:45:37 #11 type] 
Type domain.KirolEstatistikak is not enhanced.

[2022-10-01 18:45:37 #12 type] 
Type domain.Jarraitzailea is not enhanced.

[2022-10-01 18:45:37 #13 type] 
Type domain.ApustuAnitza is not enhanced.

[2022-10-01 18:45:37 #14 type] 
Type domain.Transaction is not enhanced.

[2022-10-01 18:45:37 #15 type] 
Type domain.Quote is not enhanced.

[2022-10-01 18:45:37 #16 type] 
Type domain.Apustua is not enhanced.

[2022-10-01 18:45:37 #17 type] 
Type domain.Admin is not enhanced.

------------------------------------------------------------------------------------------------------------------------

[2022-10-01 18:46:24 #1 store] 
Database 'C:\Users\Iosu\git\BetCompleted22\src\main\resources\bets.temp' has been recovered (tr. 130-134)

[2022-10-01 18:46:24 #2 store] 
Database 'C:\Users\Iosu\git\BetCompleted22\src\main\resources\bets.temp' is opened by 15120@DESKTOP-KGVNL32

[2022-10-01 18:46:24 #3 type] 
Type domain.Team is not enhanced.

[2022-10-01 18:46:24 #4 type] 
Type domain.Event is not enhanced.

[2022-10-01 18:46:24 #5 type] 
Type domain.User is not enhanced.

[2022-10-01 18:46:25 #6 type] 
Type domain.Registered is not enhanced.

[2022-10-01 18:46:25 #7 type] 
Type domain.Sport is not enhanced.

[2022-10-01 18:46:25 #8 type] 
Type domain.Question is not enhanced.

[2022-10-01 18:46:25 #9 type] 
Type domain.Elkarrizketa is not enhanced.

[2022-10-01 18:46:25 #10 type] 
Type domain.Message is not enhanced.

[2022-10-01 18:46:25 #11 type] 
Type domain.KirolEstatistikak is not enhanced.

[2022-10-01 18:46:25 #12 type] 
Type domain.Jarraitzailea is not enhanced.

[2022-10-01 18:46:25 #13 type] 
Type domain.ApustuAnitza is not enhanced.

[2022-10-01 18:46:25 #14 type] 
Type domain.Transaction is not enhanced.

[2022-10-01 18:46:25 #15 type] 
Type domain.Quote is not enhanced.

[2022-10-01 18:46:25 #16 type] 
Type domain.Apustua is not enhanced.

[2022-10-01 18:46:25 #17 type] 
Type domain.Admin is not enhanced.

------------------------------------------------------------------------------------------------------------------------

[2022-10-01 18:48:31 #1 store] 
Database 'C:\Users\Iosu\git\BetCompleted22\src\main\resources\bets.temp' has been recovered (tr. 135-139)

[2022-10-01 18:48:32 #2 store] 
Database 'C:\Users\Iosu\git\BetCompleted22\src\main\resources\bets.temp' is opened by 14696@DESKTOP-KGVNL32

[2022-10-01 18:48:32 #3 type] 
Type domain.Team is not enhanced.

[2022-10-01 18:48:32 #4 type] 
Type domain.Event is not enhanced.

[2022-10-01 18:48:32 #5 type] 
Type domain.User is not enhanced.

[2022-10-01 18:48:32 #6 type] 
Type domain.Registered is not enhanced.

[2022-10-01 18:48:32 #7 type] 
Type domain.Sport is not enhanced.

[2022-10-01 18:48:32 #8 type] 
Type domain.Question is not enhanced.

[2022-10-01 18:48:32 #9 type] 
Type domain.Elkarrizketa is not enhanced.

[2022-10-01 18:48:32 #10 type] 
Type domain.Message is not enhanced.

[2022-10-01 18:48:32 #11 type] 
Type domain.KirolEstatistikak is not enhanced.

[2022-10-01 18:48:32 #12 type] 
Type domain.Jarraitzailea is not enhanced.

[2022-10-01 18:48:32 #13 type] 
Type domain.ApustuAnitza is not enhanced.

[2022-10-01 18:48:32 #14 type] 
Type domain.Transaction is not enhanced.

[2022-10-01 18:48:32 #15 type] 
Type domain.Quote is not enhanced.

[2022-10-01 18:48:32 #16 type] 
Type domain.Apustua is not enhanced.

[2022-10-01 18:48:32 #17 type] 
Type domain.Admin is not enhanced.

------------------------------------------------------------------------------------------------------------------------

[2022-10-01 18:49:20 #1 store] 
Database 'C:\Users\Iosu\git\BetCompleted22\src\main\resources\bets.temp' has been recovered (tr. 140-147)

[2022-10-01 18:49:20 #2 store] 
Database 'C:\Users\Iosu\git\BetCompleted22\src\main\resources\bets.temp' is opened by 12732@DESKTOP-KGVNL32

[2022-10-01 18:49:20 #3 type] 
Type domain.Team is not enhanced.

[2022-10-01 18:49:20 #4 type] 
Type domain.Event is not enhanced.

[2022-10-01 18:49:20 #5 type] 
Type domain.User is not enhanced.

[2022-10-01 18:49:20 #6 type] 
Type domain.Registered is not enhanced.

[2022-10-01 18:49:20 #7 type] 
Type domain.Sport is not enhanced.

[2022-10-01 18:49:20 #8 type] 
Type domain.Question is not enhanced.

[2022-10-01 18:49:20 #9 type] 
Type domain.Elkarrizketa is not enhanced.

[2022-10-01 18:49:20 #10 type] 
Type domain.Message is not enhanced.

[2022-10-01 18:49:20 #11 type] 
Type domain.KirolEstatistikak is not enhanced.

[2022-10-01 18:49:20 #12 type] 
Type domain.Jarraitzailea is not enhanced.

[2022-10-01 18:49:20 #13 type] 
Type domain.ApustuAnitza is not enhanced.

[2022-10-01 18:49:20 #14 type] 
Type domain.Transaction is not enhanced.

[2022-10-01 18:49:20 #15 type] 
Type domain.Quote is not enhanced.

[2022-10-01 18:49:20 #16 type] 
Type domain.Apustua is not enhanced.

[2022-10-01 18:49:20 #17 type] 
Type domain.Admin is not enhanced.

------------------------------------------------------------------------------------------------------------------------

[2022-10-01 18:49:47 #1 store] 
Database 'C:\Users\Iosu\git\BetCompleted22\src\main\resources\bets.temp' has been recovered (tr. 148-155)

[2022-10-01 18:49:48 #2 store] 
Database 'C:\Users\Iosu\git\BetCompleted22\src\main\resources\bets.temp' is opened by 10652@DESKTOP-KGVNL32

[2022-10-01 18:49:48 #3 type] 
Type domain.Team is not enhanced.

[2022-10-01 18:49:48 #4 type] 
Type domain.Event is not enhanced.

[2022-10-01 18:49:48 #5 type] 
Type domain.User is not enhanced.

[2022-10-01 18:49:48 #6 type] 
Type domain.Registered is not enhanced.

[2022-10-01 18:49:48 #7 type] 
Type domain.Sport is not enhanced.

[2022-10-01 18:49:48 #8 type] 
Type domain.Question is not enhanced.

[2022-10-01 18:49:48 #9 type] 
Type domain.Elkarrizketa is not enhanced.

[2022-10-01 18:49:48 #10 type] 
Type domain.Message is not enhanced.

[2022-10-01 18:49:48 #11 type] 
Type domain.KirolEstatistikak is not enhanced.

[2022-10-01 18:49:48 #12 type] 
Type domain.Jarraitzailea is not enhanced.

[2022-10-01 18:49:48 #13 type] 
Type domain.ApustuAnitza is not enhanced.

[2022-10-01 18:49:48 #14 type] 
Type domain.Transaction is not enhanced.

[2022-10-01 18:49:48 #15 type] 
Type domain.Quote is not enhanced.

[2022-10-01 18:49:48 #16 type] 
Type domain.Apustua is not enhanced.

[2022-10-01 18:49:48 #17 type] 
Type domain.Admin is not enhanced.

------------------------------------------------------------------------------------------------------------------------

[2022-10-01 18:52:29 #1 store] 
Database 'C:\Users\Iosu\git\BetCompleted22\src\main\resources\bets.temp' has been recovered (tr. 156-158)

[2022-10-01 18:52:29 #2 store] 
Database 'C:\Users\Iosu\git\BetCompleted22\src\main\resources\bets.temp' is opened by 3588@DESKTOP-KGVNL32

[2022-10-01 18:52:29 #3 type] 
Type domain.Team is not enhanced.

[2022-10-01 18:52:29 #4 type] 
Type domain.Event is not enhanced.

[2022-10-01 18:52:29 #5 type] 
Type domain.User is not enhanced.

[2022-10-01 18:52:29 #6 type] 
Type domain.Registered is not enhanced.

[2022-10-01 18:52:29 #7 type] 
Type domain.Sport is not enhanced.

[2022-10-01 18:52:29 #8 type] 
Type domain.Question is not enhanced.

[2022-10-01 18:52:29 #9 type] 
Type domain.Elkarrizketa is not enhanced.

[2022-10-01 18:52:29 #10 type] 
Type domain.Message is not enhanced.

[2022-10-01 18:52:29 #11 type] 
Type domain.KirolEstatistikak is not enhanced.

[2022-10-01 18:52:29 #12 type] 
Type domain.Jarraitzailea is not enhanced.

[2022-10-01 18:52:29 #13 type] 
Type domain.ApustuAnitza is not enhanced.

[2022-10-01 18:52:29 #14 type] 
Type domain.Transaction is not enhanced.

[2022-10-01 18:52:29 #15 type] 
Type domain.Quote is not enhanced.

[2022-10-01 18:52:29 #16 type] 
Type domain.Apustua is not enhanced.

[2022-10-01 18:52:29 #17 type] 
Type domain.Admin is not enhanced.

------------------------------------------------------------------------------------------------------------------------

[2022-10-01 19:03:45 #1 store] 
Database 'C:\Users\Iosu\git\BetCompleted22\src\main\resources\bets.temp' has been recovered (tr. 159-161)

[2022-10-01 19:03:45 #2 store] 
Database 'C:\Users\Iosu\git\BetCompleted22\src\main\resources\bets.temp' is opened by 15872@DESKTOP-KGVNL32

[2022-10-01 19:03:45 #3 type] 
Type domain.Team is not enhanced.

[2022-10-01 19:03:45 #4 type] 
Type domain.Event is not enhanced.

[2022-10-01 19:03:45 #5 type] 
Type domain.User is not enhanced.

[2022-10-01 19:03:45 #6 type] 
Type domain.Registered is not enhanced.

[2022-10-01 19:03:45 #7 type] 
Type domain.Sport is not enhanced.

[2022-10-01 19:03:45 #8 type] 
Type domain.Question is not enhanced.

[2022-10-01 19:03:45 #9 type] 
Type domain.Elkarrizketa is not enhanced.

[2022-10-01 19:03:45 #10 type] 
Type domain.Message is not enhanced.

[2022-10-01 19:03:45 #11 type] 
Type domain.KirolEstatistikak is not enhanced.

[2022-10-01 19:03:45 #12 type] 
Type domain.Jarraitzailea is not enhanced.

[2022-10-01 19:03:45 #13 type] 
Type domain.ApustuAnitza is not enhanced.

[2022-10-01 19:03:45 #14 type] 
Type domain.Transaction is not enhanced.

[2022-10-01 19:03:45 #15 type] 
Type domain.Quote is not enhanced.

[2022-10-01 19:03:45 #16 type] 
Type domain.Apustua is not enhanced.

[2022-10-01 19:03:45 #17 type] 
Type domain.Admin is not enhanced.

------------------------------------------------------------------------------------------------------------------------

[2022-10-01 19:04:46 #1 store] 
Database 'C:\Users\Iosu\git\BetCompleted22\src\main\resources\bets.temp' has been recovered (tr. 162-170)

[2022-10-01 19:04:46 #2 store] 
Database 'C:\Users\Iosu\git\BetCompleted22\src\main\resources\bets.temp' is opened by 10940@DESKTOP-KGVNL32

[2022-10-01 19:04:46 #3 type] 
Type domain.Team is not enhanced.

[2022-10-01 19:04:46 #4 type] 
Type domain.Event is not enhanced.

[2022-10-01 19:04:46 #5 type] 
Type domain.User is not enhanced.

[2022-10-01 19:04:46 #6 type] 
Type domain.Registered is not enhanced.

[2022-10-01 19:04:46 #7 type] 
Type domain.Sport is not enhanced.

[2022-10-01 19:04:46 #8 type] 
Type domain.Question is not enhanced.

[2022-10-01 19:04:46 #9 type] 
Type domain.Elkarrizketa is not enhanced.

[2022-10-01 19:04:46 #10 type] 
Type domain.Message is not enhanced.

[2022-10-01 19:04:46 #11 type] 
Type domain.KirolEstatistikak is not enhanced.

[2022-10-01 19:04:47 #12 type] 
Type domain.Jarraitzailea is not enhanced.

[2022-10-01 19:04:47 #13 type] 
Type domain.ApustuAnitza is not enhanced.

[2022-10-01 19:04:47 #14 type] 
Type domain.Transaction is not enhanced.

[2022-10-01 19:04:47 #15 type] 
Type domain.Quote is not enhanced.

[2022-10-01 19:04:47 #16 type] 
Type domain.Apustua is not enhanced.

[2022-10-01 19:04:47 #17 type] 
Type domain.Admin is not enhanced.

------------------------------------------------------------------------------------------------------------------------

[2022-10-01 19:05:28 #1 store] 
Database 'C:\Users\Iosu\git\BetCompleted22\src\main\resources\bets.temp' has been recovered (tr. 171-179)

[2022-10-01 19:05:28 #2 store] 
Database 'C:\Users\Iosu\git\BetCompleted22\src\main\resources\bets.temp' is opened by 17192@DESKTOP-KGVNL32

[2022-10-01 19:05:28 #3 type] 
Type domain.Team is not enhanced.

[2022-10-01 19:05:28 #4 type] 
Type domain.Event is not enhanced.

[2022-10-01 19:05:28 #5 type] 
Type domain.User is not enhanced.

[2022-10-01 19:05:28 #6 type] 
Type domain.Registered is not enhanced.

[2022-10-01 19:05:28 #7 type] 
Type domain.Sport is not enhanced.

[2022-10-01 19:05:28 #8 type] 
Type domain.Question is not enhanced.

[2022-10-01 19:05:28 #9 type] 
Type domain.Elkarrizketa is not enhanced.

[2022-10-01 19:05:28 #10 type] 
Type domain.Message is not enhanced.

[2022-10-01 19:05:28 #11 type] 
Type domain.KirolEstatistikak is not enhanced.

[2022-10-01 19:05:28 #12 type] 
Type domain.Jarraitzailea is not enhanced.

[2022-10-01 19:05:28 #13 type] 
Type domain.ApustuAnitza is not enhanced.

[2022-10-01 19:05:28 #14 type] 
Type domain.Transaction is not enhanced.

[2022-10-01 19:05:28 #15 type] 
Type domain.Quote is not enhanced.

[2022-10-01 19:05:28 #16 type] 
Type domain.Apustua is not enhanced.

[2022-10-01 19:05:28 #17 type] 
Type domain.Admin is not enhanced.

------------------------------------------------------------------------------------------------------------------------

[2022-10-01 19:08:15 #1 store] 
Database 'C:\Users\Iosu\git\BetCompleted22\src\main\resources\bets.temp' has been recovered (tr. 180-188)

[2022-10-01 19:08:15 #2 store] 
Database 'C:\Users\Iosu\git\BetCompleted22\src\main\resources\bets.temp' is opened by 3452@DESKTOP-KGVNL32

[2022-10-01 19:08:15 #3 type] 
Type domain.Team is not enhanced.

[2022-10-01 19:08:15 #4 type] 
Type domain.Event is not enhanced.

[2022-10-01 19:08:15 #5 type] 
Type domain.User is not enhanced.

[2022-10-01 19:08:15 #6 type] 
Type domain.Registered is not enhanced.

[2022-10-01 19:08:15 #7 type] 
Type domain.Sport is not enhanced.

[2022-10-01 19:08:16 #8 type] 
Type domain.Question is not enhanced.

[2022-10-01 19:08:16 #9 type] 
Type domain.Elkarrizketa is not enhanced.

[2022-10-01 19:08:16 #10 type] 
Type domain.Message is not enhanced.

[2022-10-01 19:08:16 #11 type] 
Type domain.KirolEstatistikak is not enhanced.

[2022-10-01 19:08:16 #12 type] 
Type domain.Jarraitzailea is not enhanced.

[2022-10-01 19:08:16 #13 type] 
Type domain.ApustuAnitza is not enhanced.

[2022-10-01 19:08:16 #14 type] 
Type domain.Transaction is not enhanced.

[2022-10-01 19:08:16 #15 type] 
Type domain.Quote is not enhanced.

[2022-10-01 19:08:16 #16 type] 
Type domain.Apustua is not enhanced.

[2022-10-01 19:08:16 #17 type] 
Type domain.Admin is not enhanced.

------------------------------------------------------------------------------------------------------------------------

[2022-10-01 19:16:05 #1 store] 
Database 'C:\Users\Iosu\git\BetCompleted22\src\main\resources\bets.temp' has been recovered (tr. 189-197)

[2022-10-01 19:16:05 #2 store] 
Database 'C:\Users\Iosu\git\BetCompleted22\src\main\resources\bets.temp' is opened by 15588@DESKTOP-KGVNL32

[2022-10-01 19:16:05 #3 type] 
Type domain.Team is not enhanced.

[2022-10-01 19:16:05 #4 type] 
Type domain.Event is not enhanced.

[2022-10-01 19:16:05 #5 type] 
Type domain.User is not enhanced.

[2022-10-01 19:16:05 #6 type] 
Type domain.Registered is not enhanced.

[2022-10-01 19:16:05 #7 type] 
Type domain.Sport is not enhanced.

[2022-10-01 19:16:05 #8 type] 
Type domain.Question is not enhanced.

[2022-10-01 19:16:05 #9 type] 
Type domain.Elkarrizketa is not enhanced.

[2022-10-01 19:16:05 #10 type] 
Type domain.Message is not enhanced.

[2022-10-01 19:16:05 #11 type] 
Type domain.KirolEstatistikak is not enhanced.

[2022-10-01 19:16:05 #12 type] 
Type domain.Jarraitzailea is not enhanced.

[2022-10-01 19:16:05 #13 type] 
Type domain.ApustuAnitza is not enhanced.

[2022-10-01 19:16:05 #14 type] 
Type domain.Transaction is not enhanced.

[2022-10-01 19:16:05 #15 type] 
Type domain.Quote is not enhanced.

[2022-10-01 19:16:05 #16 type] 
Type domain.Apustua is not enhanced.

[2022-10-01 19:16:05 #17 type] 
Type domain.Admin is not enhanced.

------------------------------------------------------------------------------------------------------------------------

[2022-10-01 19:16:50 #1 store] 
Database 'C:\Users\Iosu\git\BetCompleted22\src\main\resources\bets.temp' has been recovered (tr. 198-206)

[2022-10-01 19:16:50 #2 store] 
Database 'C:\Users\Iosu\git\BetCompleted22\src\main\resources\bets.temp' is opened by 1016@DESKTOP-KGVNL32

[2022-10-01 19:16:50 #3 type] 
Type domain.Team is not enhanced.

[2022-10-01 19:16:50 #4 type] 
Type domain.Event is not enhanced.

[2022-10-01 19:16:50 #5 type] 
Type domain.User is not enhanced.

[2022-10-01 19:16:50 #6 type] 
Type domain.Registered is not enhanced.

[2022-10-01 19:16:50 #7 type] 
Type domain.Sport is not enhanced.

[2022-10-01 19:16:50 #8 type] 
Type domain.Question is not enhanced.

[2022-10-01 19:16:50 #9 type] 
Type domain.Elkarrizketa is not enhanced.

[2022-10-01 19:16:50 #10 type] 
Type domain.Message is not enhanced.

[2022-10-01 19:16:50 #11 type] 
Type domain.KirolEstatistikak is not enhanced.

[2022-10-01 19:16:50 #12 type] 
Type domain.Jarraitzailea is not enhanced.

[2022-10-01 19:16:50 #13 type] 
Type domain.ApustuAnitza is not enhanced.

[2022-10-01 19:16:50 #14 type] 
Type domain.Transaction is not enhanced.

[2022-10-01 19:16:50 #15 type] 
Type domain.Quote is not enhanced.

[2022-10-01 19:16:50 #16 type] 
Type domain.Apustua is not enhanced.

[2022-10-01 19:16:50 #17 type] 
Type domain.Admin is not enhanced.

------------------------------------------------------------------------------------------------------------------------

[2022-10-01 19:27:51 #1 store] 
Database 'C:\Users\Iosu\git\BetCompleted22\src\main\resources\bets.temp' has been recovered (tr. 207-215)

[2022-10-01 19:27:51 #2 store] 
Database 'C:\Users\Iosu\git\BetCompleted22\src\main\resources\bets.temp' is opened by 976@DESKTOP-KGVNL32

[2022-10-01 19:27:51 #3 type] 
Type domain.Team is not enhanced.

[2022-10-01 19:27:51 #4 type] 
Type domain.Event is not enhanced.

[2022-10-01 19:27:51 #5 type] 
Type domain.User is not enhanced.

[2022-10-01 19:27:51 #6 type] 
Type domain.Registered is not enhanced.

[2022-10-01 19:27:51 #7 type] 
Type domain.Sport is not enhanced.

[2022-10-01 19:27:51 #8 type] 
Type domain.Question is not enhanced.

[2022-10-01 19:27:51 #9 type] 
Type domain.Elkarrizketa is not enhanced.

[2022-10-01 19:27:51 #10 type] 
Type domain.Message is not enhanced.

[2022-10-01 19:27:51 #11 type] 
Type domain.KirolEstatistikak is not enhanced.

[2022-10-01 19:27:51 #12 type] 
Type domain.Jarraitzailea is not enhanced.

[2022-10-01 19:27:51 #13 type] 
Type domain.ApustuAnitza is not enhanced.

[2022-10-01 19:27:51 #14 type] 
Type domain.Transaction is not enhanced.

[2022-10-01 19:27:51 #15 type] 
Type domain.Quote is not enhanced.

[2022-10-01 19:27:51 #16 type] 
Type domain.Apustua is not enhanced.

[2022-10-01 19:27:51 #17 type] 
Type domain.Admin is not enhanced.

