------------------------------------------------------------------------------------------------------------------------

[2022-10-04 22:55:17 #1 store] 
Database 'C:\Users\Iosu\git\BetCompleted22\src\main\resources\bets.temp' has been recovered (tr. 635-667)

[2022-10-04 22:55:17 #2 store] 
Database 'C:\Users\Iosu\git\BetCompleted22\src\main\resources\bets.temp' is opened by 14420@DESKTOP-KGVNL32

[2022-10-04 22:55:17 #3 type] 
Type domain.Team is not enhanced.

[2022-10-04 22:55:17 #4 type] 
Type domain.Event is not enhanced.

[2022-10-04 22:55:17 #5 type] 
Type domain.User is not enhanced.

[2022-10-04 22:55:17 #6 type] 
Type domain.Registered is not enhanced.

[2022-10-04 22:55:17 #7 type] 
Type domain.Sport is not enhanced.

[2022-10-04 22:55:17 #8 type] 
Type domain.Question is not enhanced.

[2022-10-04 22:55:17 #9 type] 
Type domain.Elkarrizketa is not enhanced.

[2022-10-04 22:55:17 #10 type] 
Type domain.Message is not enhanced.

[2022-10-04 22:55:17 #11 type] 
Type domain.KirolEstatistikak is not enhanced.

[2022-10-04 22:55:17 #12 type] 
Type domain.Jarraitzailea is not enhanced.

[2022-10-04 22:55:17 #13 type] 
Type domain.ApustuAnitza is not enhanced.

[2022-10-04 22:55:17 #14 type] 
Type domain.Transaction is not enhanced.

[2022-10-04 22:55:17 #15 type] 
Type domain.Quote is not enhanced.

[2022-10-04 22:55:17 #16 type] 
Type domain.Apustua is not enhanced.

[2022-10-04 22:55:17 #17 type] 
Type domain.Admin is not enhanced.

------------------------------------------------------------------------------------------------------------------------

[2022-10-04 22:56:31 #1 store] 
Database 'C:\Users\Iosu\git\BetCompleted22\src\main\resources\bets.temp' has been recovered (tr. 668-700)

[2022-10-04 22:56:31 #2 store] 
Database 'C:\Users\Iosu\git\BetCompleted22\src\main\resources\bets.temp' is opened by 13256@DESKTOP-KGVNL32

[2022-10-04 22:56:31 #3 type] 
Type domain.Team is not enhanced.

[2022-10-04 22:56:31 #4 type] 
Type domain.Event is not enhanced.

[2022-10-04 22:56:31 #5 type] 
Type domain.User is not enhanced.

[2022-10-04 22:56:31 #6 type] 
Type domain.Registered is not enhanced.

[2022-10-04 22:56:31 #7 type] 
Type domain.Sport is not enhanced.

[2022-10-04 22:56:31 #8 type] 
Type domain.Question is not enhanced.

[2022-10-04 22:56:31 #9 type] 
Type domain.Elkarrizketa is not enhanced.

[2022-10-04 22:56:31 #10 type] 
Type domain.Message is not enhanced.

[2022-10-04 22:56:31 #11 type] 
Type domain.KirolEstatistikak is not enhanced.

[2022-10-04 22:56:31 #12 type] 
Type domain.Jarraitzailea is not enhanced.

[2022-10-04 22:56:31 #13 type] 
Type domain.ApustuAnitza is not enhanced.

[2022-10-04 22:56:31 #14 type] 
Type domain.Transaction is not enhanced.

[2022-10-04 22:56:31 #15 type] 
Type domain.Quote is not enhanced.

[2022-10-04 22:56:31 #16 type] 
Type domain.Apustua is not enhanced.

[2022-10-04 22:56:31 #17 type] 
Type domain.Admin is not enhanced.

------------------------------------------------------------------------------------------------------------------------

[2022-10-04 23:02:51 #1 store] 
Database 'C:\Users\Iosu\git\BetCompleted22\src\main\resources\bets.temp' has been recovered (tr. 701-728)

[2022-10-04 23:02:51 #2 store] 
Database 'C:\Users\Iosu\git\BetCompleted22\src\main\resources\bets.temp' is opened by 3688@DESKTOP-KGVNL32

[2022-10-04 23:02:51 #3 type] 
Type domain.Team is not enhanced.

[2022-10-04 23:02:51 #4 type] 
Type domain.Event is not enhanced.

[2022-10-04 23:02:51 #5 type] 
Type domain.User is not enhanced.

[2022-10-04 23:02:51 #6 type] 
Type domain.Registered is not enhanced.

[2022-10-04 23:02:51 #7 type] 
Type domain.Sport is not enhanced.

[2022-10-04 23:02:51 #8 type] 
Type domain.Question is not enhanced.

[2022-10-04 23:02:51 #9 type] 
Type domain.Elkarrizketa is not enhanced.

[2022-10-04 23:02:51 #10 type] 
Type domain.Message is not enhanced.

[2022-10-04 23:02:51 #11 type] 
Type domain.KirolEstatistikak is not enhanced.

[2022-10-04 23:02:51 #12 type] 
Type domain.Jarraitzailea is not enhanced.

[2022-10-04 23:02:51 #13 type] 
Type domain.ApustuAnitza is not enhanced.

[2022-10-04 23:02:51 #14 type] 
Type domain.Transaction is not enhanced.

[2022-10-04 23:02:51 #15 type] 
Type domain.Quote is not enhanced.

[2022-10-04 23:02:51 #16 type] 
Type domain.Apustua is not enhanced.

[2022-10-04 23:02:51 #17 type] 
Type domain.Admin is not enhanced.

------------------------------------------------------------------------------------------------------------------------

[2022-10-04 23:03:51 #1 store] 
Database 'C:\Users\Iosu\git\BetCompleted22\src\main\resources\bets.temp' has been recovered (tr. 729-749)

[2022-10-04 23:03:51 #2 store] 
Database 'C:\Users\Iosu\git\BetCompleted22\src\main\resources\bets.temp' is opened by 8236@DESKTOP-KGVNL32

[2022-10-04 23:03:51 #3 type] 
Type domain.Team is not enhanced.

[2022-10-04 23:03:51 #4 type] 
Type domain.Event is not enhanced.

[2022-10-04 23:03:51 #5 type] 
Type domain.User is not enhanced.

[2022-10-04 23:03:51 #6 type] 
Type domain.Registered is not enhanced.

[2022-10-04 23:03:51 #7 type] 
Type domain.Sport is not enhanced.

[2022-10-04 23:03:51 #8 type] 
Type domain.Question is not enhanced.

[2022-10-04 23:03:51 #9 type] 
Type domain.Elkarrizketa is not enhanced.

[2022-10-04 23:03:51 #10 type] 
Type domain.Message is not enhanced.

[2022-10-04 23:03:51 #11 type] 
Type domain.KirolEstatistikak is not enhanced.

[2022-10-04 23:03:51 #12 type] 
Type domain.Jarraitzailea is not enhanced.

[2022-10-04 23:03:51 #13 type] 
Type domain.ApustuAnitza is not enhanced.

[2022-10-04 23:03:51 #14 type] 
Type domain.Transaction is not enhanced.

[2022-10-04 23:03:51 #15 type] 
Type domain.Quote is not enhanced.

[2022-10-04 23:03:51 #16 type] 
Type domain.Apustua is not enhanced.

[2022-10-04 23:03:51 #17 type] 
Type domain.Admin is not enhanced.

------------------------------------------------------------------------------------------------------------------------

[2022-10-04 23:03:56 #1 store] 
Database 'C:\Users\Iosu\git\BetCompleted22\src\main\resources\bets.temp' has been recovered (tr. 750-778)

[2022-10-04 23:03:56 #2 store] 
Database 'C:\Users\Iosu\git\BetCompleted22\src\main\resources\bets.temp' is opened by 14572@DESKTOP-KGVNL32

[2022-10-04 23:03:56 #3 type] 
Type domain.Team is not enhanced.

[2022-10-04 23:03:56 #4 type] 
Type domain.Event is not enhanced.

[2022-10-04 23:03:56 #5 type] 
Type domain.User is not enhanced.

[2022-10-04 23:03:56 #6 type] 
Type domain.Registered is not enhanced.

[2022-10-04 23:03:56 #7 type] 
Type domain.Sport is not enhanced.

[2022-10-04 23:03:56 #8 type] 
Type domain.Question is not enhanced.

[2022-10-04 23:03:56 #9 type] 
Type domain.Elkarrizketa is not enhanced.

[2022-10-04 23:03:56 #10 type] 
Type domain.Message is not enhanced.

[2022-10-04 23:03:56 #11 type] 
Type domain.KirolEstatistikak is not enhanced.

[2022-10-04 23:03:56 #12 type] 
Type domain.Jarraitzailea is not enhanced.

[2022-10-04 23:03:56 #13 type] 
Type domain.ApustuAnitza is not enhanced.

[2022-10-04 23:03:56 #14 type] 
Type domain.Transaction is not enhanced.

[2022-10-04 23:03:56 #15 type] 
Type domain.Quote is not enhanced.

[2022-10-04 23:03:56 #16 type] 
Type domain.Apustua is not enhanced.

[2022-10-04 23:03:56 #17 type] 
Type domain.Admin is not enhanced.

------------------------------------------------------------------------------------------------------------------------

[2022-10-04 23:05:29 #1 store] 
Database 'C:\Users\Iosu\git\BetCompleted22\src\main\resources\bets.temp' has been recovered (tr. 779-794)

[2022-10-04 23:05:29 #2 store] 
Database 'C:\Users\Iosu\git\BetCompleted22\src\main\resources\bets.temp' is opened by 3084@DESKTOP-KGVNL32

[2022-10-04 23:05:29 #3 type] 
Type domain.Team is not enhanced.

[2022-10-04 23:05:29 #4 type] 
Type domain.Event is not enhanced.

[2022-10-04 23:05:29 #5 type] 
Type domain.User is not enhanced.

[2022-10-04 23:05:29 #6 type] 
Type domain.Registered is not enhanced.

[2022-10-04 23:05:29 #7 type] 
Type domain.Sport is not enhanced.

[2022-10-04 23:05:29 #8 type] 
Type domain.Question is not enhanced.

[2022-10-04 23:05:29 #9 type] 
Type domain.Elkarrizketa is not enhanced.

[2022-10-04 23:05:29 #10 type] 
Type domain.Message is not enhanced.

[2022-10-04 23:05:29 #11 type] 
Type domain.KirolEstatistikak is not enhanced.

[2022-10-04 23:05:29 #12 type] 
Type domain.Jarraitzailea is not enhanced.

[2022-10-04 23:05:29 #13 type] 
Type domain.ApustuAnitza is not enhanced.

[2022-10-04 23:05:29 #14 type] 
Type domain.Transaction is not enhanced.

[2022-10-04 23:05:29 #15 type] 
Type domain.Quote is not enhanced.

[2022-10-04 23:05:29 #16 type] 
Type domain.Apustua is not enhanced.

[2022-10-04 23:05:29 #17 type] 
Type domain.Admin is not enhanced.

------------------------------------------------------------------------------------------------------------------------

[2022-10-04 23:05:33 #1 store] 
Database 'C:\Users\Iosu\git\BetCompleted22\src\main\resources\bets.temp' has been recovered (tr. 795-827)

[2022-10-04 23:05:33 #2 store] 
Database 'C:\Users\Iosu\git\BetCompleted22\src\main\resources\bets.temp' is opened by 10456@DESKTOP-KGVNL32

[2022-10-04 23:05:33 #3 type] 
Type domain.Team is not enhanced.

[2022-10-04 23:05:33 #4 type] 
Type domain.Event is not enhanced.

[2022-10-04 23:05:33 #5 type] 
Type domain.User is not enhanced.

[2022-10-04 23:05:33 #6 type] 
Type domain.Registered is not enhanced.

[2022-10-04 23:05:33 #7 type] 
Type domain.Sport is not enhanced.

[2022-10-04 23:05:33 #8 type] 
Type domain.Question is not enhanced.

[2022-10-04 23:05:33 #9 type] 
Type domain.Elkarrizketa is not enhanced.

[2022-10-04 23:05:33 #10 type] 
Type domain.Message is not enhanced.

[2022-10-04 23:05:33 #11 type] 
Type domain.KirolEstatistikak is not enhanced.

[2022-10-04 23:05:33 #12 type] 
Type domain.Jarraitzailea is not enhanced.

[2022-10-04 23:05:33 #13 type] 
Type domain.ApustuAnitza is not enhanced.

[2022-10-04 23:05:33 #14 type] 
Type domain.Transaction is not enhanced.

[2022-10-04 23:05:33 #15 type] 
Type domain.Quote is not enhanced.

[2022-10-04 23:05:33 #16 type] 
Type domain.Apustua is not enhanced.

[2022-10-04 23:05:33 #17 type] 
Type domain.Admin is not enhanced.

------------------------------------------------------------------------------------------------------------------------

[2022-10-04 23:05:37 #1 store] 
Database 'C:\Users\Iosu\git\BetCompleted22\src\main\resources\bets.temp' has been recovered (tr. 828-860)

[2022-10-04 23:05:37 #2 store] 
Database 'C:\Users\Iosu\git\BetCompleted22\src\main\resources\bets.temp' is opened by 11956@DESKTOP-KGVNL32

[2022-10-04 23:05:37 #3 type] 
Type domain.Team is not enhanced.

[2022-10-04 23:05:37 #4 type] 
Type domain.Event is not enhanced.

[2022-10-04 23:05:37 #5 type] 
Type domain.User is not enhanced.

[2022-10-04 23:05:37 #6 type] 
Type domain.Registered is not enhanced.

[2022-10-04 23:05:37 #7 type] 
Type domain.Sport is not enhanced.

[2022-10-04 23:05:37 #8 type] 
Type domain.Question is not enhanced.

[2022-10-04 23:05:37 #9 type] 
Type domain.Elkarrizketa is not enhanced.

[2022-10-04 23:05:37 #10 type] 
Type domain.Message is not enhanced.

[2022-10-04 23:05:37 #11 type] 
Type domain.KirolEstatistikak is not enhanced.

[2022-10-04 23:05:37 #12 type] 
Type domain.Jarraitzailea is not enhanced.

[2022-10-04 23:05:37 #13 type] 
Type domain.ApustuAnitza is not enhanced.

[2022-10-04 23:05:37 #14 type] 
Type domain.Transaction is not enhanced.

[2022-10-04 23:05:37 #15 type] 
Type domain.Quote is not enhanced.

[2022-10-04 23:05:37 #16 type] 
Type domain.Apustua is not enhanced.

[2022-10-04 23:05:37 #17 type] 
Type domain.Admin is not enhanced.

------------------------------------------------------------------------------------------------------------------------

[2022-10-04 23:09:09 #1 store] 
Database 'C:\Users\Iosu\git\BetCompleted22\src\main\resources\bets.temp' has been recovered (tr. 861-893)

[2022-10-04 23:09:09 #2 store] 
Database 'C:\Users\Iosu\git\BetCompleted22\src\main\resources\bets.temp' is opened by 14296@DESKTOP-KGVNL32

[2022-10-04 23:09:09 #3 type] 
Type domain.Team is not enhanced.

[2022-10-04 23:09:09 #4 type] 
Type domain.Event is not enhanced.

[2022-10-04 23:09:09 #5 type] 
Type domain.User is not enhanced.

[2022-10-04 23:09:09 #6 type] 
Type domain.Registered is not enhanced.

[2022-10-04 23:09:09 #7 type] 
Type domain.Sport is not enhanced.

[2022-10-04 23:09:09 #8 type] 
Type domain.Question is not enhanced.

[2022-10-04 23:09:09 #9 type] 
Type domain.Elkarrizketa is not enhanced.

[2022-10-04 23:09:09 #10 type] 
Type domain.Message is not enhanced.

[2022-10-04 23:09:09 #11 type] 
Type domain.KirolEstatistikak is not enhanced.

[2022-10-04 23:09:09 #12 type] 
Type domain.Jarraitzailea is not enhanced.

[2022-10-04 23:09:09 #13 type] 
Type domain.ApustuAnitza is not enhanced.

[2022-10-04 23:09:09 #14 type] 
Type domain.Transaction is not enhanced.

[2022-10-04 23:09:09 #15 type] 
Type domain.Quote is not enhanced.

[2022-10-04 23:09:09 #16 type] 
Type domain.Apustua is not enhanced.

[2022-10-04 23:09:09 #17 type] 
Type domain.Admin is not enhanced.

------------------------------------------------------------------------------------------------------------------------

[2022-10-04 23:16:57 #1 store] 
Database 'C:\Users\Iosu\git\BetCompleted22\src\main\resources\bets.temp' has been recovered (tr. 894-926)

[2022-10-04 23:16:57 #2 store] 
Database 'C:\Users\Iosu\git\BetCompleted22\src\main\resources\bets.temp' is opened by 13380@DESKTOP-KGVNL32

[2022-10-04 23:16:57 #3 type] 
Type domain.Team is not enhanced.

[2022-10-04 23:16:57 #4 type] 
Type domain.Event is not enhanced.

[2022-10-04 23:16:57 #5 type] 
Type domain.User is not enhanced.

[2022-10-04 23:16:57 #6 type] 
Type domain.Registered is not enhanced.

[2022-10-04 23:16:57 #7 type] 
Type domain.Sport is not enhanced.

[2022-10-04 23:16:57 #8 type] 
Type domain.Question is not enhanced.

[2022-10-04 23:16:57 #9 type] 
Type domain.Elkarrizketa is not enhanced.

[2022-10-04 23:16:57 #10 type] 
Type domain.Message is not enhanced.

[2022-10-04 23:16:57 #11 type] 
Type domain.KirolEstatistikak is not enhanced.

[2022-10-04 23:16:57 #12 type] 
Type domain.Jarraitzailea is not enhanced.

[2022-10-04 23:16:57 #13 type] 
Type domain.ApustuAnitza is not enhanced.

[2022-10-04 23:16:57 #14 type] 
Type domain.Transaction is not enhanced.

[2022-10-04 23:16:57 #15 type] 
Type domain.Quote is not enhanced.

[2022-10-04 23:16:57 #16 type] 
Type domain.Apustua is not enhanced.

[2022-10-04 23:16:57 #17 type] 
Type domain.Admin is not enhanced.

------------------------------------------------------------------------------------------------------------------------

[2022-10-04 23:18:09 #1 store] 
Database 'C:\Users\Iosu\git\BetCompleted22\src\main\resources\bets.temp' has been recovered (tr. 927-959)

[2022-10-04 23:18:09 #2 store] 
Database 'C:\Users\Iosu\git\BetCompleted22\src\main\resources\bets.temp' is opened by 948@DESKTOP-KGVNL32

[2022-10-04 23:18:10 #3 type] 
Type domain.Team is not enhanced.

[2022-10-04 23:18:10 #4 type] 
Type domain.Event is not enhanced.

[2022-10-04 23:18:10 #5 type] 
Type domain.User is not enhanced.

[2022-10-04 23:18:10 #6 type] 
Type domain.Registered is not enhanced.

[2022-10-04 23:18:10 #7 type] 
Type domain.Sport is not enhanced.

[2022-10-04 23:18:10 #8 type] 
Type domain.Question is not enhanced.

[2022-10-04 23:18:10 #9 type] 
Type domain.Elkarrizketa is not enhanced.

[2022-10-04 23:18:10 #10 type] 
Type domain.Message is not enhanced.

[2022-10-04 23:18:10 #11 type] 
Type domain.KirolEstatistikak is not enhanced.

[2022-10-04 23:18:10 #12 type] 
Type domain.Jarraitzailea is not enhanced.

[2022-10-04 23:18:10 #13 type] 
Type domain.ApustuAnitza is not enhanced.

[2022-10-04 23:18:10 #14 type] 
Type domain.Transaction is not enhanced.

[2022-10-04 23:18:10 #15 type] 
Type domain.Quote is not enhanced.

[2022-10-04 23:18:10 #16 type] 
Type domain.Apustua is not enhanced.

[2022-10-04 23:18:10 #17 type] 
Type domain.Admin is not enhanced.

------------------------------------------------------------------------------------------------------------------------

[2022-10-04 23:19:10 #1 store] 
Database 'C:\Users\Iosu\git\BetCompleted22\src\main\resources\bets.temp' has been recovered (tr. 960-992)

[2022-10-04 23:19:10 #2 store] 
Database 'C:\Users\Iosu\git\BetCompleted22\src\main\resources\bets.temp' is opened by 16432@DESKTOP-KGVNL32

[2022-10-04 23:19:10 #3 type] 
Type domain.Team is not enhanced.

[2022-10-04 23:19:10 #4 type] 
Type domain.Event is not enhanced.

[2022-10-04 23:19:10 #5 type] 
Type domain.User is not enhanced.

[2022-10-04 23:19:10 #6 type] 
Type domain.Registered is not enhanced.

[2022-10-04 23:19:10 #7 type] 
Type domain.Sport is not enhanced.

[2022-10-04 23:19:10 #8 type] 
Type domain.Question is not enhanced.

[2022-10-04 23:19:10 #9 type] 
Type domain.Elkarrizketa is not enhanced.

[2022-10-04 23:19:10 #10 type] 
Type domain.Message is not enhanced.

[2022-10-04 23:19:10 #11 type] 
Type domain.KirolEstatistikak is not enhanced.

[2022-10-04 23:19:10 #12 type] 
Type domain.Jarraitzailea is not enhanced.

[2022-10-04 23:19:10 #13 type] 
Type domain.ApustuAnitza is not enhanced.

[2022-10-04 23:19:10 #14 type] 
Type domain.Transaction is not enhanced.

[2022-10-04 23:19:10 #15 type] 
Type domain.Quote is not enhanced.

[2022-10-04 23:19:10 #16 type] 
Type domain.Apustua is not enhanced.

[2022-10-04 23:19:10 #17 type] 
Type domain.Admin is not enhanced.

------------------------------------------------------------------------------------------------------------------------

[2022-10-04 23:19:26 #1 store] 
Database 'C:\Users\Iosu\git\BetCompleted22\src\main\resources\bets.temp' has been recovered (tr. 993-1025)

[2022-10-04 23:19:26 #2 store] 
Database 'C:\Users\Iosu\git\BetCompleted22\src\main\resources\bets.temp' is opened by 6544@DESKTOP-KGVNL32

[2022-10-04 23:19:26 #3 type] 
Type domain.Team is not enhanced.

[2022-10-04 23:19:26 #4 type] 
Type domain.Event is not enhanced.

[2022-10-04 23:19:26 #5 type] 
Type domain.User is not enhanced.

[2022-10-04 23:19:26 #6 type] 
Type domain.Registered is not enhanced.

[2022-10-04 23:19:26 #7 type] 
Type domain.Sport is not enhanced.

[2022-10-04 23:19:26 #8 type] 
Type domain.Question is not enhanced.

[2022-10-04 23:19:26 #9 type] 
Type domain.Elkarrizketa is not enhanced.

[2022-10-04 23:19:26 #10 type] 
Type domain.Message is not enhanced.

[2022-10-04 23:19:26 #11 type] 
Type domain.KirolEstatistikak is not enhanced.

[2022-10-04 23:19:26 #12 type] 
Type domain.Jarraitzailea is not enhanced.

[2022-10-04 23:19:26 #13 type] 
Type domain.ApustuAnitza is not enhanced.

[2022-10-04 23:19:26 #14 type] 
Type domain.Transaction is not enhanced.

[2022-10-04 23:19:26 #15 type] 
Type domain.Quote is not enhanced.

[2022-10-04 23:19:26 #16 type] 
Type domain.Apustua is not enhanced.

[2022-10-04 23:19:26 #17 type] 
Type domain.Admin is not enhanced.

------------------------------------------------------------------------------------------------------------------------

[2022-10-04 23:25:02 #1 store] 
Database 'C:\Users\Iosu\git\BetCompleted22\src\main\resources\bets.temp' has been recovered (tr. 1026-1058)

[2022-10-04 23:25:02 #2 store] 
Database 'C:\Users\Iosu\git\BetCompleted22\src\main\resources\bets.temp' is opened by 14512@DESKTOP-KGVNL32

[2022-10-04 23:25:02 #3 type] 
Type domain.Team is not enhanced.

[2022-10-04 23:25:02 #4 type] 
Type domain.Event is not enhanced.

[2022-10-04 23:25:02 #5 type] 
Type domain.User is not enhanced.

[2022-10-04 23:25:02 #6 type] 
Type domain.Registered is not enhanced.

[2022-10-04 23:25:02 #7 type] 
Type domain.Sport is not enhanced.

[2022-10-04 23:25:02 #8 type] 
Type domain.Question is not enhanced.

[2022-10-04 23:25:02 #9 type] 
Type domain.Elkarrizketa is not enhanced.

[2022-10-04 23:25:02 #10 type] 
Type domain.Message is not enhanced.

[2022-10-04 23:25:02 #11 type] 
Type domain.KirolEstatistikak is not enhanced.

[2022-10-04 23:25:02 #12 type] 
Type domain.Jarraitzailea is not enhanced.

[2022-10-04 23:25:02 #13 type] 
Type domain.ApustuAnitza is not enhanced.

[2022-10-04 23:25:02 #14 type] 
Type domain.Transaction is not enhanced.

[2022-10-04 23:25:02 #15 type] 
Type domain.Quote is not enhanced.

[2022-10-04 23:25:02 #16 type] 
Type domain.Apustua is not enhanced.

[2022-10-04 23:25:02 #17 type] 
Type domain.Admin is not enhanced.

------------------------------------------------------------------------------------------------------------------------

[2022-10-04 23:25:51 #1 store] 
Database 'C:\Users\Iosu\git\BetCompleted22\src\main\resources\bets.temp' has been recovered (tr. 1059-1090)

[2022-10-04 23:25:51 #2 store] 
Database 'C:\Users\Iosu\git\BetCompleted22\src\main\resources\bets.temp' is opened by 680@DESKTOP-KGVNL32

[2022-10-04 23:25:51 #3 type] 
Type domain.Team is not enhanced.

[2022-10-04 23:25:51 #4 type] 
Type domain.Event is not enhanced.

[2022-10-04 23:25:51 #5 type] 
Type domain.User is not enhanced.

[2022-10-04 23:25:51 #6 type] 
Type domain.Registered is not enhanced.

[2022-10-04 23:25:51 #7 type] 
Type domain.Sport is not enhanced.

[2022-10-04 23:25:51 #8 type] 
Type domain.Question is not enhanced.

[2022-10-04 23:25:51 #9 type] 
Type domain.Elkarrizketa is not enhanced.

[2022-10-04 23:25:51 #10 type] 
Type domain.Message is not enhanced.

[2022-10-04 23:25:51 #11 type] 
Type domain.KirolEstatistikak is not enhanced.

[2022-10-04 23:25:51 #12 type] 
Type domain.Jarraitzailea is not enhanced.

[2022-10-04 23:25:51 #13 type] 
Type domain.ApustuAnitza is not enhanced.

[2022-10-04 23:25:51 #14 type] 
Type domain.Transaction is not enhanced.

[2022-10-04 23:25:51 #15 type] 
Type domain.Quote is not enhanced.

[2022-10-04 23:25:51 #16 type] 
Type domain.Apustua is not enhanced.

[2022-10-04 23:25:51 #17 type] 
Type domain.Admin is not enhanced.

------------------------------------------------------------------------------------------------------------------------

[2022-10-04 23:26:17 #1 store] 
Database 'C:\Users\Iosu\git\BetCompleted22\src\main\resources\bets.temp' has been recovered (tr. 1091-1122)

[2022-10-04 23:26:17 #2 store] 
Database 'C:\Users\Iosu\git\BetCompleted22\src\main\resources\bets.temp' is opened by 13768@DESKTOP-KGVNL32

[2022-10-04 23:26:17 #3 type] 
Type domain.Team is not enhanced.

[2022-10-04 23:26:17 #4 type] 
Type domain.Event is not enhanced.

[2022-10-04 23:26:17 #5 type] 
Type domain.User is not enhanced.

[2022-10-04 23:26:17 #6 type] 
Type domain.Registered is not enhanced.

[2022-10-04 23:26:17 #7 type] 
Type domain.Sport is not enhanced.

[2022-10-04 23:26:17 #8 type] 
Type domain.Question is not enhanced.

[2022-10-04 23:26:17 #9 type] 
Type domain.Elkarrizketa is not enhanced.

[2022-10-04 23:26:17 #10 type] 
Type domain.Message is not enhanced.

[2022-10-04 23:26:17 #11 type] 
Type domain.KirolEstatistikak is not enhanced.

[2022-10-04 23:26:17 #12 type] 
Type domain.Jarraitzailea is not enhanced.

[2022-10-04 23:26:17 #13 type] 
Type domain.ApustuAnitza is not enhanced.

[2022-10-04 23:26:17 #14 type] 
Type domain.Transaction is not enhanced.

[2022-10-04 23:26:17 #15 type] 
Type domain.Quote is not enhanced.

[2022-10-04 23:26:17 #16 type] 
Type domain.Apustua is not enhanced.

[2022-10-04 23:26:17 #17 type] 
Type domain.Admin is not enhanced.

------------------------------------------------------------------------------------------------------------------------

[2022-10-04 23:26:45 #1 store] 
Database 'C:\Users\Iosu\git\BetCompleted22\src\main\resources\bets.temp' has been recovered (tr. 1123-1155)

[2022-10-04 23:26:45 #2 store] 
Database 'C:\Users\Iosu\git\BetCompleted22\src\main\resources\bets.temp' is opened by 17124@DESKTOP-KGVNL32

[2022-10-04 23:26:45 #3 type] 
Type domain.Team is not enhanced.

[2022-10-04 23:26:45 #4 type] 
Type domain.Event is not enhanced.

[2022-10-04 23:26:45 #5 type] 
Type domain.User is not enhanced.

[2022-10-04 23:26:45 #6 type] 
Type domain.Registered is not enhanced.

[2022-10-04 23:26:45 #7 type] 
Type domain.Sport is not enhanced.

[2022-10-04 23:26:45 #8 type] 
Type domain.Question is not enhanced.

[2022-10-04 23:26:45 #9 type] 
Type domain.Elkarrizketa is not enhanced.

[2022-10-04 23:26:45 #10 type] 
Type domain.Message is not enhanced.

[2022-10-04 23:26:45 #11 type] 
Type domain.KirolEstatistikak is not enhanced.

[2022-10-04 23:26:45 #12 type] 
Type domain.Jarraitzailea is not enhanced.

[2022-10-04 23:26:45 #13 type] 
Type domain.ApustuAnitza is not enhanced.

[2022-10-04 23:26:45 #14 type] 
Type domain.Transaction is not enhanced.

[2022-10-04 23:26:45 #15 type] 
Type domain.Quote is not enhanced.

[2022-10-04 23:26:45 #16 type] 
Type domain.Apustua is not enhanced.

[2022-10-04 23:26:45 #17 type] 
Type domain.Admin is not enhanced.

------------------------------------------------------------------------------------------------------------------------

[2022-10-04 23:28:10 #1 store] 
Database 'C:\Users\Iosu\git\BetCompleted22\src\main\resources\bets.temp' has been recovered (tr. 1156-1183)

[2022-10-04 23:28:10 #2 store] 
Database 'C:\Users\Iosu\git\BetCompleted22\src\main\resources\bets.temp' is opened by 10900@DESKTOP-KGVNL32

[2022-10-04 23:28:10 #3 type] 
Type domain.Team is not enhanced.

[2022-10-04 23:28:10 #4 type] 
Type domain.Event is not enhanced.

[2022-10-04 23:28:10 #5 type] 
Type domain.User is not enhanced.

[2022-10-04 23:28:10 #6 type] 
Type domain.Registered is not enhanced.

[2022-10-04 23:28:10 #7 type] 
Type domain.Sport is not enhanced.

[2022-10-04 23:28:10 #8 type] 
Type domain.Question is not enhanced.

[2022-10-04 23:28:11 #9 type] 
Type domain.Elkarrizketa is not enhanced.

[2022-10-04 23:28:11 #10 type] 
Type domain.Message is not enhanced.

[2022-10-04 23:28:11 #11 type] 
Type domain.KirolEstatistikak is not enhanced.

[2022-10-04 23:28:11 #12 type] 
Type domain.Jarraitzailea is not enhanced.

[2022-10-04 23:28:11 #13 type] 
Type domain.ApustuAnitza is not enhanced.

[2022-10-04 23:28:11 #14 type] 
Type domain.Transaction is not enhanced.

[2022-10-04 23:28:11 #15 type] 
Type domain.Quote is not enhanced.

[2022-10-04 23:28:11 #16 type] 
Type domain.Apustua is not enhanced.

[2022-10-04 23:28:11 #17 type] 
Type domain.Admin is not enhanced.

------------------------------------------------------------------------------------------------------------------------

[2022-10-04 23:29:31 #1 store] 
Database 'C:\Users\Iosu\git\BetCompleted22\src\main\resources\bets.temp' has been recovered (tr. 1184-1199)

[2022-10-04 23:29:31 #2 store] 
Database 'C:\Users\Iosu\git\BetCompleted22\src\main\resources\bets.temp' is opened by 4516@DESKTOP-KGVNL32

[2022-10-04 23:29:31 #3 type] 
Type domain.Team is not enhanced.

[2022-10-04 23:29:31 #4 type] 
Type domain.Event is not enhanced.

[2022-10-04 23:29:31 #5 type] 
Type domain.User is not enhanced.

[2022-10-04 23:29:31 #6 type] 
Type domain.Registered is not enhanced.

[2022-10-04 23:29:31 #7 type] 
Type domain.Sport is not enhanced.

[2022-10-04 23:29:31 #8 type] 
Type domain.Question is not enhanced.

[2022-10-04 23:29:31 #9 type] 
Type domain.Elkarrizketa is not enhanced.

[2022-10-04 23:29:31 #10 type] 
Type domain.Message is not enhanced.

[2022-10-04 23:29:31 #11 type] 
Type domain.KirolEstatistikak is not enhanced.

[2022-10-04 23:29:31 #12 type] 
Type domain.Jarraitzailea is not enhanced.

[2022-10-04 23:29:31 #13 type] 
Type domain.ApustuAnitza is not enhanced.

[2022-10-04 23:29:31 #14 type] 
Type domain.Transaction is not enhanced.

[2022-10-04 23:29:31 #15 type] 
Type domain.Quote is not enhanced.

[2022-10-04 23:29:31 #16 type] 
Type domain.Apustua is not enhanced.

[2022-10-04 23:29:31 #17 type] 
Type domain.Admin is not enhanced.

------------------------------------------------------------------------------------------------------------------------

[2022-10-04 23:30:06 #1 store] 
Database 'C:\Users\Iosu\git\BetCompleted22\src\main\resources\bets.temp' has been recovered (tr. 1200-1217)

[2022-10-04 23:30:06 #2 store] 
Database 'C:\Users\Iosu\git\BetCompleted22\src\main\resources\bets.temp' is opened by 10912@DESKTOP-KGVNL32

[2022-10-04 23:30:07 #3 type] 
Type domain.Team is not enhanced.

[2022-10-04 23:30:07 #4 type] 
Type domain.Event is not enhanced.

[2022-10-04 23:30:07 #5 type] 
Type domain.User is not enhanced.

[2022-10-04 23:30:07 #6 type] 
Type domain.Registered is not enhanced.

[2022-10-04 23:30:07 #7 type] 
Type domain.Sport is not enhanced.

[2022-10-04 23:30:07 #8 type] 
Type domain.Question is not enhanced.

[2022-10-04 23:30:07 #9 type] 
Type domain.Elkarrizketa is not enhanced.

[2022-10-04 23:30:07 #10 type] 
Type domain.Message is not enhanced.

[2022-10-04 23:30:07 #11 type] 
Type domain.KirolEstatistikak is not enhanced.

[2022-10-04 23:30:07 #12 type] 
Type domain.Jarraitzailea is not enhanced.

[2022-10-04 23:30:07 #13 type] 
Type domain.ApustuAnitza is not enhanced.

[2022-10-04 23:30:07 #14 type] 
Type domain.Transaction is not enhanced.

[2022-10-04 23:30:07 #15 type] 
Type domain.Quote is not enhanced.

[2022-10-04 23:30:07 #16 type] 
Type domain.Apustua is not enhanced.

[2022-10-04 23:30:07 #17 type] 
Type domain.Admin is not enhanced.

------------------------------------------------------------------------------------------------------------------------

[2022-10-04 23:31:45 #1 store] 
Database 'C:\Users\Iosu\git\BetCompleted22\src\main\resources\bets.temp' has been recovered (tr. 1218-1249)

[2022-10-04 23:31:46 #2 store] 
Database 'C:\Users\Iosu\git\BetCompleted22\src\main\resources\bets.temp' is opened by 4036@DESKTOP-KGVNL32

[2022-10-04 23:31:46 #3 type] 
Type domain.Team is not enhanced.

[2022-10-04 23:31:46 #4 type] 
Type domain.Event is not enhanced.

[2022-10-04 23:31:46 #5 type] 
Type domain.User is not enhanced.

[2022-10-04 23:31:46 #6 type] 
Type domain.Registered is not enhanced.

[2022-10-04 23:31:46 #7 type] 
Type domain.Sport is not enhanced.

[2022-10-04 23:31:46 #8 type] 
Type domain.Question is not enhanced.

[2022-10-04 23:31:46 #9 type] 
Type domain.Elkarrizketa is not enhanced.

[2022-10-04 23:31:46 #10 type] 
Type domain.Message is not enhanced.

[2022-10-04 23:31:46 #11 type] 
Type domain.KirolEstatistikak is not enhanced.

[2022-10-04 23:31:46 #12 type] 
Type domain.Jarraitzailea is not enhanced.

[2022-10-04 23:31:46 #13 type] 
Type domain.ApustuAnitza is not enhanced.

[2022-10-04 23:31:46 #14 type] 
Type domain.Transaction is not enhanced.

[2022-10-04 23:31:46 #15 type] 
Type domain.Quote is not enhanced.

[2022-10-04 23:31:46 #16 type] 
Type domain.Apustua is not enhanced.

[2022-10-04 23:31:46 #17 type] 
Type domain.Admin is not enhanced.

------------------------------------------------------------------------------------------------------------------------

[2022-10-04 23:33:22 #1 store] 
Database 'C:\Users\Iosu\git\BetCompleted22\src\main\resources\bets.temp' has been recovered (tr. 1250-1277)

[2022-10-04 23:33:22 #2 store] 
Database 'C:\Users\Iosu\git\BetCompleted22\src\main\resources\bets.temp' is opened by 4848@DESKTOP-KGVNL32

[2022-10-04 23:33:22 #3 type] 
Type domain.Team is not enhanced.

[2022-10-04 23:33:22 #4 type] 
Type domain.Event is not enhanced.

[2022-10-04 23:33:22 #5 type] 
Type domain.User is not enhanced.

[2022-10-04 23:33:22 #6 type] 
Type domain.Registered is not enhanced.

[2022-10-04 23:33:22 #7 type] 
Type domain.Sport is not enhanced.

[2022-10-04 23:33:22 #8 type] 
Type domain.Question is not enhanced.

[2022-10-04 23:33:22 #9 type] 
Type domain.Elkarrizketa is not enhanced.

[2022-10-04 23:33:22 #10 type] 
Type domain.Message is not enhanced.

[2022-10-04 23:33:22 #11 type] 
Type domain.KirolEstatistikak is not enhanced.

[2022-10-04 23:33:22 #12 type] 
Type domain.Jarraitzailea is not enhanced.

[2022-10-04 23:33:22 #13 type] 
Type domain.ApustuAnitza is not enhanced.

[2022-10-04 23:33:22 #14 type] 
Type domain.Transaction is not enhanced.

[2022-10-04 23:33:22 #15 type] 
Type domain.Quote is not enhanced.

[2022-10-04 23:33:22 #16 type] 
Type domain.Apustua is not enhanced.

[2022-10-04 23:33:22 #17 type] 
Type domain.Admin is not enhanced.

------------------------------------------------------------------------------------------------------------------------

[2022-10-04 23:34:52 #1 store] 
Database 'C:\Users\Iosu\git\BetCompleted22\src\main\resources\bets.temp' has been recovered (tr. 1278-1298)

[2022-10-04 23:34:52 #2 store] 
Database 'C:\Users\Iosu\git\BetCompleted22\src\main\resources\bets.temp' is opened by 17268@DESKTOP-KGVNL32

[2022-10-04 23:34:52 #3 type] 
Type domain.Team is not enhanced.

[2022-10-04 23:34:52 #4 type] 
Type domain.Event is not enhanced.

[2022-10-04 23:34:52 #5 type] 
Type domain.User is not enhanced.

[2022-10-04 23:34:52 #6 type] 
Type domain.Registered is not enhanced.

[2022-10-04 23:34:52 #7 type] 
Type domain.Sport is not enhanced.

[2022-10-04 23:34:52 #8 type] 
Type domain.Question is not enhanced.

[2022-10-04 23:34:52 #9 type] 
Type domain.Elkarrizketa is not enhanced.

[2022-10-04 23:34:52 #10 type] 
Type domain.Message is not enhanced.

[2022-10-04 23:34:52 #11 type] 
Type domain.KirolEstatistikak is not enhanced.

[2022-10-04 23:34:52 #12 type] 
Type domain.Jarraitzailea is not enhanced.

[2022-10-04 23:34:52 #13 type] 
Type domain.ApustuAnitza is not enhanced.

[2022-10-04 23:34:52 #14 type] 
Type domain.Transaction is not enhanced.

[2022-10-04 23:34:52 #15 type] 
Type domain.Quote is not enhanced.

[2022-10-04 23:34:52 #16 type] 
Type domain.Apustua is not enhanced.

[2022-10-04 23:34:52 #17 type] 
Type domain.Admin is not enhanced.

------------------------------------------------------------------------------------------------------------------------

[2022-10-04 23:36:58 #1 store] 
Database 'C:\Users\Iosu\git\BetCompleted22\src\main\resources\bets.temp' has been recovered (tr. 1299-1326)

[2022-10-04 23:36:58 #2 store] 
Database 'C:\Users\Iosu\git\BetCompleted22\src\main\resources\bets.temp' is opened by 13144@DESKTOP-KGVNL32

[2022-10-04 23:36:58 #3 type] 
Type domain.Team is not enhanced.

[2022-10-04 23:36:58 #4 type] 
Type domain.Event is not enhanced.

[2022-10-04 23:36:58 #5 type] 
Type domain.User is not enhanced.

[2022-10-04 23:36:58 #6 type] 
Type domain.Registered is not enhanced.

[2022-10-04 23:36:58 #7 type] 
Type domain.Sport is not enhanced.

[2022-10-04 23:36:58 #8 type] 
Type domain.Question is not enhanced.

[2022-10-04 23:36:58 #9 type] 
Type domain.Elkarrizketa is not enhanced.

[2022-10-04 23:36:58 #10 type] 
Type domain.Message is not enhanced.

[2022-10-04 23:36:58 #11 type] 
Type domain.KirolEstatistikak is not enhanced.

[2022-10-04 23:36:58 #12 type] 
Type domain.Jarraitzailea is not enhanced.

[2022-10-04 23:36:58 #13 type] 
Type domain.ApustuAnitza is not enhanced.

[2022-10-04 23:36:58 #14 type] 
Type domain.Transaction is not enhanced.

[2022-10-04 23:36:58 #15 type] 
Type domain.Quote is not enhanced.

[2022-10-04 23:36:58 #16 type] 
Type domain.Apustua is not enhanced.

[2022-10-04 23:36:58 #17 type] 
Type domain.Admin is not enhanced.

------------------------------------------------------------------------------------------------------------------------

[2022-10-04 23:37:13 #1 store] 
Database 'C:\Users\Iosu\git\BetCompleted22\src\main\resources\bets.temp' has been recovered (tr. 1327-1358)

[2022-10-04 23:37:13 #2 store] 
Database 'C:\Users\Iosu\git\BetCompleted22\src\main\resources\bets.temp' is opened by 11468@DESKTOP-KGVNL32

[2022-10-04 23:37:13 #3 type] 
Type domain.Team is not enhanced.

[2022-10-04 23:37:13 #4 type] 
Type domain.Event is not enhanced.

[2022-10-04 23:37:13 #5 type] 
Type domain.User is not enhanced.

[2022-10-04 23:37:13 #6 type] 
Type domain.Registered is not enhanced.

[2022-10-04 23:37:13 #7 type] 
Type domain.Sport is not enhanced.

[2022-10-04 23:37:13 #8 type] 
Type domain.Question is not enhanced.

[2022-10-04 23:37:13 #9 type] 
Type domain.Elkarrizketa is not enhanced.

[2022-10-04 23:37:13 #10 type] 
Type domain.Message is not enhanced.

[2022-10-04 23:37:13 #11 type] 
Type domain.KirolEstatistikak is not enhanced.

[2022-10-04 23:37:13 #12 type] 
Type domain.Jarraitzailea is not enhanced.

[2022-10-04 23:37:13 #13 type] 
Type domain.ApustuAnitza is not enhanced.

[2022-10-04 23:37:13 #14 type] 
Type domain.Transaction is not enhanced.

[2022-10-04 23:37:13 #15 type] 
Type domain.Quote is not enhanced.

[2022-10-04 23:37:13 #16 type] 
Type domain.Apustua is not enhanced.

[2022-10-04 23:37:13 #17 type] 
Type domain.Admin is not enhanced.

------------------------------------------------------------------------------------------------------------------------

[2022-10-04 23:39:22 #1 store] 
Database 'C:\Users\Iosu\git\BetCompleted22\src\main\resources\bets.temp' has been recovered (tr. 1359-1390)

[2022-10-04 23:39:22 #2 store] 
Database 'C:\Users\Iosu\git\BetCompleted22\src\main\resources\bets.temp' is opened by 11644@DESKTOP-KGVNL32

[2022-10-04 23:39:22 #3 type] 
Type domain.Team is not enhanced.

[2022-10-04 23:39:22 #4 type] 
Type domain.Event is not enhanced.

[2022-10-04 23:39:22 #5 type] 
Type domain.User is not enhanced.

[2022-10-04 23:39:22 #6 type] 
Type domain.Registered is not enhanced.

[2022-10-04 23:39:22 #7 type] 
Type domain.Sport is not enhanced.

[2022-10-04 23:39:22 #8 type] 
Type domain.Question is not enhanced.

[2022-10-04 23:39:22 #9 type] 
Type domain.Elkarrizketa is not enhanced.

[2022-10-04 23:39:22 #10 type] 
Type domain.Message is not enhanced.

[2022-10-04 23:39:22 #11 type] 
Type domain.KirolEstatistikak is not enhanced.

[2022-10-04 23:39:22 #12 type] 
Type domain.Jarraitzailea is not enhanced.

[2022-10-04 23:39:22 #13 type] 
Type domain.ApustuAnitza is not enhanced.

[2022-10-04 23:39:22 #14 type] 
Type domain.Transaction is not enhanced.

[2022-10-04 23:39:22 #15 type] 
Type domain.Quote is not enhanced.

[2022-10-04 23:39:22 #16 type] 
Type domain.Apustua is not enhanced.

[2022-10-04 23:39:22 #17 type] 
Type domain.Admin is not enhanced.

------------------------------------------------------------------------------------------------------------------------

[2022-10-04 23:43:39 #1 store] 
Database 'C:\Users\Iosu\git\BetCompleted22\src\main\resources\bets.temp' has been recovered (tr. 1391-1422)

[2022-10-04 23:43:39 #2 store] 
Database 'C:\Users\Iosu\git\BetCompleted22\src\main\resources\bets.temp' is opened by 14844@DESKTOP-KGVNL32

[2022-10-04 23:43:40 #3 type] 
Type domain.Team is not enhanced.

[2022-10-04 23:43:40 #4 type] 
Type domain.Event is not enhanced.

[2022-10-04 23:43:40 #5 type] 
Type domain.User is not enhanced.

[2022-10-04 23:43:40 #6 type] 
Type domain.Registered is not enhanced.

[2022-10-04 23:43:40 #7 type] 
Type domain.Sport is not enhanced.

[2022-10-04 23:43:40 #8 type] 
Type domain.Question is not enhanced.

[2022-10-04 23:43:40 #9 type] 
Type domain.Elkarrizketa is not enhanced.

[2022-10-04 23:43:40 #10 type] 
Type domain.Message is not enhanced.

[2022-10-04 23:43:40 #11 type] 
Type domain.KirolEstatistikak is not enhanced.

[2022-10-04 23:43:40 #12 type] 
Type domain.Jarraitzailea is not enhanced.

[2022-10-04 23:43:40 #13 type] 
Type domain.ApustuAnitza is not enhanced.

[2022-10-04 23:43:40 #14 type] 
Type domain.Transaction is not enhanced.

[2022-10-04 23:43:40 #15 type] 
Type domain.Quote is not enhanced.

[2022-10-04 23:43:40 #16 type] 
Type domain.Apustua is not enhanced.

[2022-10-04 23:43:40 #17 type] 
Type domain.Admin is not enhanced.

------------------------------------------------------------------------------------------------------------------------

[2022-10-04 23:45:09 #1 store] 
Database 'C:\Users\Iosu\git\BetCompleted22\src\main\resources\bets.temp' has been recovered (tr. 1423-1443)

[2022-10-04 23:45:09 #2 store] 
Database 'C:\Users\Iosu\git\BetCompleted22\src\main\resources\bets.temp' is opened by 9144@DESKTOP-KGVNL32

[2022-10-04 23:45:09 #3 type] 
Type domain.Team is not enhanced.

[2022-10-04 23:45:09 #4 type] 
Type domain.Event is not enhanced.

[2022-10-04 23:45:09 #5 type] 
Type domain.User is not enhanced.

[2022-10-04 23:45:09 #6 type] 
Type domain.Registered is not enhanced.

[2022-10-04 23:45:09 #7 type] 
Type domain.Sport is not enhanced.

[2022-10-04 23:45:09 #8 type] 
Type domain.Question is not enhanced.

[2022-10-04 23:45:09 #9 type] 
Type domain.Elkarrizketa is not enhanced.

[2022-10-04 23:45:09 #10 type] 
Type domain.Message is not enhanced.

[2022-10-04 23:45:09 #11 type] 
Type domain.KirolEstatistikak is not enhanced.

[2022-10-04 23:45:09 #12 type] 
Type domain.Jarraitzailea is not enhanced.

[2022-10-04 23:45:09 #13 type] 
Type domain.ApustuAnitza is not enhanced.

[2022-10-04 23:45:09 #14 type] 
Type domain.Transaction is not enhanced.

[2022-10-04 23:45:09 #15 type] 
Type domain.Quote is not enhanced.

[2022-10-04 23:45:09 #16 type] 
Type domain.Apustua is not enhanced.

[2022-10-04 23:45:09 #17 type] 
Type domain.Admin is not enhanced.

------------------------------------------------------------------------------------------------------------------------

[2022-10-04 23:45:12 #1 store] 
Database 'C:\Users\Iosu\git\BetCompleted22\src\main\resources\bets.temp' has been recovered (tr. 1444-1475)

[2022-10-04 23:45:13 #2 store] 
Database 'C:\Users\Iosu\git\BetCompleted22\src\main\resources\bets.temp' is opened by 13264@DESKTOP-KGVNL32

[2022-10-04 23:45:13 #3 type] 
Type domain.Team is not enhanced.

[2022-10-04 23:45:13 #4 type] 
Type domain.Event is not enhanced.

[2022-10-04 23:45:13 #5 type] 
Type domain.User is not enhanced.

[2022-10-04 23:45:13 #6 type] 
Type domain.Registered is not enhanced.

[2022-10-04 23:45:13 #7 type] 
Type domain.Sport is not enhanced.

[2022-10-04 23:45:13 #8 type] 
Type domain.Question is not enhanced.

[2022-10-04 23:45:13 #9 type] 
Type domain.Elkarrizketa is not enhanced.

[2022-10-04 23:45:13 #10 type] 
Type domain.Message is not enhanced.

[2022-10-04 23:45:13 #11 type] 
Type domain.KirolEstatistikak is not enhanced.

[2022-10-04 23:45:13 #12 type] 
Type domain.Jarraitzailea is not enhanced.

[2022-10-04 23:45:13 #13 type] 
Type domain.ApustuAnitza is not enhanced.

[2022-10-04 23:45:13 #14 type] 
Type domain.Transaction is not enhanced.

[2022-10-04 23:45:13 #15 type] 
Type domain.Quote is not enhanced.

[2022-10-04 23:45:13 #16 type] 
Type domain.Apustua is not enhanced.

[2022-10-04 23:45:13 #17 type] 
Type domain.Admin is not enhanced.

------------------------------------------------------------------------------------------------------------------------

[2022-10-04 23:51:45 #1 store] 
Database 'C:\Users\Iosu\git\BetCompleted22\src\main\resources\bets.temp' has been recovered (tr. 1476-1507)

[2022-10-04 23:51:45 #2 store] 
Database 'C:\Users\Iosu\git\BetCompleted22\src\main\resources\bets.temp' is opened by 8000@DESKTOP-KGVNL32

[2022-10-04 23:51:45 #3 type] 
Type domain.Team is not enhanced.

[2022-10-04 23:51:45 #4 type] 
Type domain.Event is not enhanced.

[2022-10-04 23:51:45 #5 type] 
Type domain.User is not enhanced.

[2022-10-04 23:51:45 #6 type] 
Type domain.Registered is not enhanced.

[2022-10-04 23:51:45 #7 type] 
Type domain.Sport is not enhanced.

[2022-10-04 23:51:45 #8 type] 
Type domain.Question is not enhanced.

[2022-10-04 23:51:45 #9 type] 
Type domain.Elkarrizketa is not enhanced.

[2022-10-04 23:51:45 #10 type] 
Type domain.Message is not enhanced.

[2022-10-04 23:51:45 #11 type] 
Type domain.KirolEstatistikak is not enhanced.

[2022-10-04 23:51:45 #12 type] 
Type domain.Jarraitzailea is not enhanced.

[2022-10-04 23:51:45 #13 type] 
Type domain.ApustuAnitza is not enhanced.

[2022-10-04 23:51:45 #14 type] 
Type domain.Transaction is not enhanced.

[2022-10-04 23:51:45 #15 type] 
Type domain.Quote is not enhanced.

[2022-10-04 23:51:45 #16 type] 
Type domain.Apustua is not enhanced.

[2022-10-04 23:51:45 #17 type] 
Type domain.Admin is not enhanced.

------------------------------------------------------------------------------------------------------------------------

[2022-10-04 23:52:38 #1 store] 
Database 'C:\Users\Iosu\git\BetCompleted22\src\main\resources\bets.temp' has been recovered (tr. 1508-1551)

[2022-10-04 23:52:38 #2 store] 
Database 'C:\Users\Iosu\git\BetCompleted22\src\main\resources\bets.temp' is opened by 14312@DESKTOP-KGVNL32

[2022-10-04 23:52:38 #3 type] 
Type domain.Team is not enhanced.

[2022-10-04 23:52:38 #4 type] 
Type domain.Event is not enhanced.

[2022-10-04 23:52:38 #5 type] 
Type domain.User is not enhanced.

[2022-10-04 23:52:38 #6 type] 
Type domain.Registered is not enhanced.

[2022-10-04 23:52:38 #7 type] 
Type domain.Sport is not enhanced.

[2022-10-04 23:52:38 #8 type] 
Type domain.Question is not enhanced.

[2022-10-04 23:52:38 #9 type] 
Type domain.Elkarrizketa is not enhanced.

[2022-10-04 23:52:38 #10 type] 
Type domain.Message is not enhanced.

[2022-10-04 23:52:38 #11 type] 
Type domain.KirolEstatistikak is not enhanced.

[2022-10-04 23:52:38 #12 type] 
Type domain.Jarraitzailea is not enhanced.

[2022-10-04 23:52:38 #13 type] 
Type domain.ApustuAnitza is not enhanced.

[2022-10-04 23:52:38 #14 type] 
Type domain.Transaction is not enhanced.

[2022-10-04 23:52:38 #15 type] 
Type domain.Quote is not enhanced.

[2022-10-04 23:52:38 #16 type] 
Type domain.Apustua is not enhanced.

[2022-10-04 23:52:38 #17 type] 
Type domain.Admin is not enhanced.

------------------------------------------------------------------------------------------------------------------------

[2022-10-04 23:54:47 #1 store] 
Database 'C:\Users\Iosu\git\BetCompleted22\src\main\resources\bets.temp' has been recovered (tr. 1552-1567)

[2022-10-04 23:54:47 #2 store] 
Database 'C:\Users\Iosu\git\BetCompleted22\src\main\resources\bets.temp' is opened by 13456@DESKTOP-KGVNL32

[2022-10-04 23:54:47 #3 type] 
Type domain.Team is not enhanced.

[2022-10-04 23:54:47 #4 type] 
Type domain.Event is not enhanced.

[2022-10-04 23:54:47 #5 type] 
Type domain.User is not enhanced.

[2022-10-04 23:54:47 #6 type] 
Type domain.Registered is not enhanced.

[2022-10-04 23:54:47 #7 type] 
Type domain.Sport is not enhanced.

[2022-10-04 23:54:47 #8 type] 
Type domain.Question is not enhanced.

[2022-10-04 23:54:47 #9 type] 
Type domain.Elkarrizketa is not enhanced.

[2022-10-04 23:54:47 #10 type] 
Type domain.Message is not enhanced.

[2022-10-04 23:54:47 #11 type] 
Type domain.KirolEstatistikak is not enhanced.

[2022-10-04 23:54:47 #12 type] 
Type domain.Jarraitzailea is not enhanced.

[2022-10-04 23:54:47 #13 type] 
Type domain.ApustuAnitza is not enhanced.

[2022-10-04 23:54:47 #14 type] 
Type domain.Transaction is not enhanced.

[2022-10-04 23:54:47 #15 type] 
Type domain.Quote is not enhanced.

[2022-10-04 23:54:47 #16 type] 
Type domain.Apustua is not enhanced.

[2022-10-04 23:54:47 #17 type] 
Type domain.Admin is not enhanced.

------------------------------------------------------------------------------------------------------------------------

[2022-10-04 23:56:42 #1 store] 
Database 'C:\Users\Iosu\git\BetCompleted22\src\main\resources\bets.temp' has been recovered (tr. 1568-1583)

[2022-10-04 23:56:42 #2 store] 
Database 'C:\Users\Iosu\git\BetCompleted22\src\main\resources\bets.temp' is opened by 15436@DESKTOP-KGVNL32

[2022-10-04 23:56:42 #3 type] 
Type domain.Team is not enhanced.

[2022-10-04 23:56:42 #4 type] 
Type domain.Event is not enhanced.

[2022-10-04 23:56:42 #5 type] 
Type domain.User is not enhanced.

[2022-10-04 23:56:42 #6 type] 
Type domain.Registered is not enhanced.

[2022-10-04 23:56:42 #7 type] 
Type domain.Sport is not enhanced.

[2022-10-04 23:56:42 #8 type] 
Type domain.Question is not enhanced.

[2022-10-04 23:56:42 #9 type] 
Type domain.Elkarrizketa is not enhanced.

[2022-10-04 23:56:42 #10 type] 
Type domain.Message is not enhanced.

[2022-10-04 23:56:42 #11 type] 
Type domain.KirolEstatistikak is not enhanced.

[2022-10-04 23:56:42 #12 type] 
Type domain.Jarraitzailea is not enhanced.

[2022-10-04 23:56:42 #13 type] 
Type domain.ApustuAnitza is not enhanced.

[2022-10-04 23:56:42 #14 type] 
Type domain.Transaction is not enhanced.

[2022-10-04 23:56:42 #15 type] 
Type domain.Quote is not enhanced.

[2022-10-04 23:56:42 #16 type] 
Type domain.Apustua is not enhanced.

[2022-10-04 23:56:42 #17 type] 
Type domain.Admin is not enhanced.

------------------------------------------------------------------------------------------------------------------------

[2022-10-04 23:57:18 #1 store] 
Database 'C:\Users\Iosu\git\BetCompleted22\src\main\resources\bets.temp' has been recovered (tr. 1584-1599)

[2022-10-04 23:57:18 #2 store] 
Database 'C:\Users\Iosu\git\BetCompleted22\src\main\resources\bets.temp' is opened by 12980@DESKTOP-KGVNL32

[2022-10-04 23:57:18 #3 type] 
Type domain.Team is not enhanced.

[2022-10-04 23:57:18 #4 type] 
Type domain.Event is not enhanced.

[2022-10-04 23:57:18 #5 type] 
Type domain.User is not enhanced.

[2022-10-04 23:57:18 #6 type] 
Type domain.Registered is not enhanced.

[2022-10-04 23:57:18 #7 type] 
Type domain.Sport is not enhanced.

[2022-10-04 23:57:18 #8 type] 
Type domain.Question is not enhanced.

[2022-10-04 23:57:18 #9 type] 
Type domain.Elkarrizketa is not enhanced.

[2022-10-04 23:57:18 #10 type] 
Type domain.Message is not enhanced.

[2022-10-04 23:57:18 #11 type] 
Type domain.KirolEstatistikak is not enhanced.

[2022-10-04 23:57:18 #12 type] 
Type domain.Jarraitzailea is not enhanced.

[2022-10-04 23:57:18 #13 type] 
Type domain.ApustuAnitza is not enhanced.

[2022-10-04 23:57:18 #14 type] 
Type domain.Transaction is not enhanced.

[2022-10-04 23:57:18 #15 type] 
Type domain.Quote is not enhanced.

[2022-10-04 23:57:18 #16 type] 
Type domain.Apustua is not enhanced.

[2022-10-04 23:57:18 #17 type] 
Type domain.Admin is not enhanced.

